
 Program  MARK  - Survival Rate Estimation with Capture-Recapture Data
 gfortran(dble/PIM2) Vers. 11.2 Nov 2025  23-Dec-2025 20:17:51    Page  001
  
 - - - - - - - - - - - - - - - - - - - - - - - - - - - - - - - - - - - - - -
 
 Welcome to MARK rcscott on machine LT-501Y0Z2 in subdirectory
   "C:\Users\rcscott\VTADS\Data" running file "mark007.inp".
 This version was compiled by GCC version 15.2.0 using the options: 
  -cpp -iprefix C:/tdm-gcc-64/mingw64-15-2/bin/../lib/gcc/
  x86_64-w64-mingw32/15.2.0/ -D_MT -D_REENTRANT -U_REENTRANT -D
  dbleprecision -m64 -march=x86-64-v3 -mtune=generic -mthreads -O3
  -std=f2023 -fimplicit-none -ffpe-summary=invalid,zero,overflow,underflow
  -fno-unsafe-math-optimizations -fopenmp-simd -fstack-arrays -flto=auto
  -fall-intrinsics -fopenmp

 This problem will use 7 of 8 possible threads.
 Static thread allocation is used.
 INPUT --- proc title ;

 For procedure title CPU Time was 0.001 secs and System Time was 0.001 secs.
 INPUT --- proc chmatrix occasions= 72 groups= 1 etype= MultScalOcc 
 INPUT --- Nodes= 101 icovar = 2  mixtures = 3 ICMeans NoHist hist= 24 
 INPUT --- ;
 INPUT ---    time interval 1 1 1 1 1 1 1 1 1 1 1 1 1 1 1 1 1 1 1 1 1 1 1 
 INPUT ---     1 1 1 1 1 1 1 1 1 1 1 1 1 1 1 1 1 1 1 1 1 1 1 1 1 1 1 1 1 
 INPUT ---    1 1 1 1 1 1 1 1 1 1 1 1 1 1 1 1 1 1 1 ;
 INPUT ---      icovariates Temp alpha ;
 INPUT ---    glabel(1)=Group 1;

      Number of unique encounter histories read was 24.

      Number of individual covariates read was 2.
      Time interval lengths are all equal to 1.

      Data type number is 123
      Data type is Multi-scale occupancy estimation

 For procedure chmatrix CPU Time was 0.001 secs and System Time was 0.001 secs.

Program  MARK  - Survival Rate Estimation with Capture-Recapture Data
 gfortran(dble/PIM2) Vers. 11.2 Nov 2025  23-Dec-2025 20:17:51    Page  002
 - - - - - - - - - - - - - - - - - - - - - - - - - - - - - - - - - - - - - -
 


 INPUT --- proc estimate link=Logit NOLOOP varest=2ndPart    ;
 INPUT --- model={ Psi(~Temp)Theta(~Temp)p(~alpha + Temp) };
 INPUT ---    group=1 Psi    rows=1 cols=1 Square ;
 INPUT ---        1 ;
 INPUT ---    group=1 Theta    rows=1 cols=24 Square ;
 INPUT ---        2 2 2 2 2 2 2 2 2 2 2 2 2 2 2 2 2 2 2 2 2 2 2 2 ;
 INPUT ---    group=1 p  Primary 1  rows=1 cols=3 Square ;
 INPUT ---        3 3 3 ;
 INPUT ---    group=1 p  Primary 2  rows=1 cols=3 Square ;
 INPUT ---        3 3 3 ;
 INPUT ---    group=1 p  Primary 3  rows=1 cols=3 Square ;
 INPUT ---        3 3 3 ;
 INPUT ---    group=1 p  Primary 4  rows=1 cols=3 Square ;
 INPUT ---        3 3 3 ;
 INPUT ---    group=1 p  Primary 5  rows=1 cols=3 Square ;
 INPUT ---        3 3 3 ;
 INPUT ---    group=1 p  Primary 6  rows=1 cols=3 Square ;
 INPUT ---        3 3 3 ;
 INPUT ---    group=1 p  Primary 7  rows=1 cols=3 Square ;
 INPUT ---        3 3 3 ;
 INPUT ---    group=1 p  Primary 8  rows=1 cols=3 Square ;
 INPUT ---        3 3 3 ;
 INPUT ---    group=1 p  Primary 9  rows=1 cols=3 Square ;
 INPUT ---        3 3 3 ;
 INPUT ---    group=1 p  Primary 10  rows=1 cols=3 Square ;
 INPUT ---        3 3 3 ;
 INPUT ---    group=1 p  Primary 11  rows=1 cols=3 Square ;
 INPUT ---        3 3 3 ;
 INPUT ---    group=1 p  Primary 12  rows=1 cols=3 Square ;
 INPUT ---        3 3 3 ;
 INPUT ---    group=1 p  Primary 13  rows=1 cols=3 Square ;
 INPUT ---        3 3 3 ;
 INPUT ---    group=1 p  Primary 14  rows=1 cols=3 Square ;
 INPUT ---        3 3 3 ;
 INPUT ---    group=1 p  Primary 15  rows=1 cols=3 Square ;
 INPUT ---        3 3 3 ;
 INPUT ---    group=1 p  Primary 16  rows=1 cols=3 Square ;
 INPUT ---        3 3 3 ;
 INPUT ---    group=1 p  Primary 17  rows=1 cols=3 Square ;
 INPUT ---        3 3 3 ;
 INPUT ---    group=1 p  Primary 18  rows=1 cols=3 Square ;
 INPUT ---        3 3 3 ;
 INPUT ---    group=1 p  Primary 19  rows=1 cols=3 Square ;
 INPUT ---        3 3 3 ;

Program  MARK  - Survival Rate Estimation with Capture-Recapture Data
 gfortran(dble/PIM2) Vers. 11.2 Nov 2025  23-Dec-2025 20:17:51    Page  003
 - - - - - - - - - - - - - - - - - - - - - - - - - - - - - - - - - - - - - -
 
 INPUT ---    group=1 p  Primary 20  rows=1 cols=3 Square ;
 INPUT ---        3 3 3 ;
 INPUT ---    group=1 p  Primary 21  rows=1 cols=3 Square ;
 INPUT ---        3 3 3 ;
 INPUT ---    group=1 p  Primary 22  rows=1 cols=3 Square ;
 INPUT ---        3 3 3 ;
 INPUT ---    group=1 p  Primary 23  rows=1 cols=3 Square ;
 INPUT ---        3 3 3 ;
 INPUT ---    group=1 p  Primary 24  rows=1 cols=3 Square ;
 INPUT ---        3 3 3 ;
 INPUT ---    design matrix constraints=3 covariates=7;
 INPUT ---        1 Temp 0 0 0 0 0;
 INPUT ---        0 0 1 Temp 0 0 0;
 INPUT ---        0 0 0 0 1 alpha Temp;
 INPUT ---       blabel(1)=Psi:(Intercept);
 INPUT ---       blabel(2)=Psi:Temp;
 INPUT ---       blabel(3)=Theta:(Intercept);
 INPUT ---       blabel(4)=Theta:Temp;
 INPUT ---       blabel(5)=p:(Intercept);
 INPUT ---       blabel(6)=p:alpha;
 INPUT ---       blabel(7)=p:Temp;
 INPUT ---       rlabel(1)=Psi g1 a0 t1;
 INPUT ---       rlabel(2)=Theta g1 a0 t1;
 INPUT ---       rlabel(3)=p g1 s1 t1;
   Model is { Psi(~Temp)Theta(~Temp)p(~alpha + Temp) }

 Link Function Used is LOGIT        

 Variance Estimation Procedure Used is 2ndPart 
 -2logL(saturated) = 0.0000000     
 Effective Sample Size = 23

 Number of function evaluations was 29 for 7 parameters.
 For numerical optimization, CPU Time was 0.078 secs and System Time was 0.047 secs.
 -2logL { Psi(~Temp)Theta(~Temp)p(~alpha + Temp) } = 698.92233     
 Penalty { Psi(~Temp)Theta(~Temp)p(~alpha + Temp) } = 0.0000000     
 Gradient { Psi(~Temp)Theta(~Temp)p(~alpha + Temp) }:
   0.0000      6.91496E-07   0.0000       0.0000       0.0000    
  2.89270E-06  6.56573E-06
 Maximum ABS(G) { Psi(~Temp)Theta(~Temp)p(~alpha + Temp) } =  6.56573E-06
 To compute VC matrix, CPU Time was 0.016 secs and System Time was 0.016 secs.
 S Vector { Psi(~Temp)Theta(~Temp)p(~alpha + Temp) }:
   111.0994      20.68190      14.33871      3.078343     0.7899713    
  0.4386496     0.1369623E-02
 To invert VC matrix, CPU Time was 0.001 secs and System Time was 0.001 secs.
 Ratio Threshold = 50.00 Max Gap (6/7) = 320.3 Next Max Gap (1/2) = 5.372
 Gap Method for Num. of Estimated Parameters { Psi(~Temp)Theta(~Temp)p(~alpha + Temp) } = 6          
 Threshold { Psi(~Temp)Theta(~Temp)p(~alpha + Temp) } = 0.1313145E-04           

Program  MARK  - Survival Rate Estimation with Capture-Recapture Data
 gfortran(dble/PIM2) Vers. 11.2 Nov 2025  23-Dec-2025 20:17:51    Page  004
 - - - - - - - - - - - - - - - - - - - - - - - - - - - - - - - - - - - - - -
 
 Numerical Threshold Method for Num. of Estimated Parameters { Psi(~Temp)Theta(~Temp)p(~alpha + Temp) } = 7          
 Number of Estimated Parameters { Psi(~Temp)Theta(~Temp)p(~alpha + Temp) } = 7          

   * *  WARNING  * *   Number of parameters estimated from gap method (=6) and threshold method (=7) differ.  Inspect full output. 
 Ratios of S Vector { Psi(~Temp)Theta(~Temp)p(~alpha + Temp) }:
   1/2    5.371820       2/3    1.442382       3/4    4.657933       4/5    3.896778       5/6    1.800916    
   6/7    320.2704    
 DEVIANCE { Psi(~Temp)Theta(~Temp)p(~alpha + Temp) } = 698.92233               
 DEVIANCE Degrees of Freedom { Psi(~Temp)Theta(~Temp)p(~alpha + Temp) } = 17          
 c-hat { Psi(~Temp)Theta(~Temp)p(~alpha + Temp) } = 41.113078               
 AIC { Psi(~Temp)Theta(~Temp)p(~alpha + Temp) } = 712.92233               
 AICc { Psi(~Temp)Theta(~Temp)p(~alpha + Temp) } = 720.38899               
 BIC { Psi(~Temp)Theta(~Temp)p(~alpha + Temp) } = 720.87079               
 Pearson Chisquare { Psi(~Temp)Theta(~Temp)p(~alpha + Temp) } = 0.1721891E+16           


       LOGIT Link Function Parameters of { Psi(~Temp)Theta(~Temp)p(~alpha + Temp) }
                                                              95% Confidence Interval
    Parameter                  Beta         Standard Error     Lower           Upper
 -------------------------  --------------  --------------  --------------  --------------
    1:Psi:(Intercept)        10.090960       17.461703      -24.133978       44.315898    
    2:Psi:Temp              -6.1380684       12.648421      -30.928974       18.652837    
    3:Theta:(Intercept)     -0.0855182       0.2355210      -0.5471394       0.3761030    
    4:Theta:Temp            -0.3974938       0.3503987      -1.0842752       0.2892875    
    5:p:(Intercept)          0.2665150       0.6340249      -0.9761739       1.5092039    
    6:p:alpha               -0.2339238       0.1246855      -0.4783074       0.0104599    
    7:p:Temp                -0.0991099       0.2846565      -0.6570366       0.4588169    


          Real Function Parameters of { Psi(~Temp)Theta(~Temp)p(~alpha + Temp) }

      Following estimates based on unstandardized individual covariate values:
          Variable                 Value        
          ----------------------  ------------- 
          TEMP                    -0.4000000E-07
          ALPHA                    4.5833333    
                                                               95% Confidence Interval
     Parameter                Estimate       Standard Error     Lower           Upper
 --------------------------  --------------  --------------  --------------  --------------
     1:Psi g1 a0 t1           0.9999585       0.7237729E-03   0.3301765E-10   1.0000000       
     2:Theta g1 a0 t1         0.4786335       0.0587727       0.3665283       0.5929329       
     3:p g1 s1 t1             0.3088213       0.0396671       0.2368772       0.3914088       

Program  MARK  - Survival Rate Estimation with Capture-Recapture Data
 gfortran(dble/PIM2) Vers. 11.2 Nov 2025  23-Dec-2025 20:17:51    Page  005
 - - - - - - - - - - - - - - - - - - - - - - - - - - - - - - - - - - - - - -
 

 To compute parameter estimates, CPU Time was 0.001 secs and System Time was 0.016 secs.

 Attempted ordering of parameters by estimatibility:
  5 3 7 4 6 1 2
 Beta number 2 is a singular value.

 For procedure estimate CPU Time was 0.094 secs and System Time was 0.407 secs.
 INPUT --- proc stop;

 For this job, CPU Time in mins was 0.002 and System Time in mins was 0.007.

     Time Start = 20:17:51.267   Time End = 20:17:51.707

 Wall Clock Time in mins for this job was 0.007.

 Maximum of 73 words used.


          E X E C U T I O N   S U C C E S S F U L
