
 Program  MARK  - Survival Rate Estimation with Capture-Recapture Data
 gfortran(dble/PIM2) Vers. 11.2 Nov 2025  23-Dec-2025 20:40:13    Page  001
  
 - - - - - - - - - - - - - - - - - - - - - - - - - - - - - - - - - - - - - -
 
 Welcome to MARK rcscott on machine LT-501Y0Z2 in subdirectory
   "C:\Users\rcscott\VTADS\Data" running file "mark026.inp".
 This version was compiled by GCC version 15.2.0 using the options: 
  -cpp -iprefix C:/tdm-gcc-64/mingw64-15-2/bin/../lib/gcc/
  x86_64-w64-mingw32/15.2.0/ -D_MT -D_REENTRANT -U_REENTRANT -D
  dbleprecision -m64 -march=x86-64-v3 -mtune=generic -mthreads -O3
  -std=f2023 -fimplicit-none -ffpe-summary=invalid,zero,overflow,underflow
  -fno-unsafe-math-optimizations -fopenmp-simd -fstack-arrays -flto=auto
  -fall-intrinsics -fopenmp

 This problem will use 7 of 8 possible threads.
 Static thread allocation is used.
 INPUT --- proc title ;

 For procedure title CPU Time was 0.001 secs and System Time was 0.001 secs.
 INPUT --- proc chmatrix occasions= 72 groups= 1 etype= MultScalOcc 
 INPUT --- Nodes= 101 icovar = 3  mixtures = 3 ICMeans NoHist hist= 24 
 INPUT --- ;
 INPUT ---    time interval 1 1 1 1 1 1 1 1 1 1 1 1 1 1 1 1 1 1 1 1 1 1 1 
 INPUT ---     1 1 1 1 1 1 1 1 1 1 1 1 1 1 1 1 1 1 1 1 1 1 1 1 1 1 1 1 1 
 INPUT ---    1 1 1 1 1 1 1 1 1 1 1 1 1 1 1 1 1 1 1 ;
 INPUT ---      icovariates beta Temp alpha ;
 INPUT ---    glabel(1)=Group 1;

      Number of unique encounter histories read was 24.

      Number of individual covariates read was 3.
      Time interval lengths are all equal to 1.

      Data type number is 123
      Data type is Multi-scale occupancy estimation

 For procedure chmatrix CPU Time was 0.001 secs and System Time was 0.015 secs.

Program  MARK  - Survival Rate Estimation with Capture-Recapture Data
 gfortran(dble/PIM2) Vers. 11.2 Nov 2025  23-Dec-2025 20:40:13    Page  002
 - - - - - - - - - - - - - - - - - - - - - - - - - - - - - - - - - - - - - -
 


 INPUT --- proc estimate link=Logit NOLOOP varest=2ndPart    ;
 INPUT --- model={ Psi(~beta + Temp)Theta(~Temp)p(~alpha + Temp) };
 INPUT ---    group=1 Psi    rows=1 cols=1 Square ;
 INPUT ---        1 ;
 INPUT ---    group=1 Theta    rows=1 cols=24 Square ;
 INPUT ---        2 2 2 2 2 2 2 2 2 2 2 2 2 2 2 2 2 2 2 2 2 2 2 2 ;
 INPUT ---    group=1 p  Primary 1  rows=1 cols=3 Square ;
 INPUT ---        3 3 3 ;
 INPUT ---    group=1 p  Primary 2  rows=1 cols=3 Square ;
 INPUT ---        3 3 3 ;
 INPUT ---    group=1 p  Primary 3  rows=1 cols=3 Square ;
 INPUT ---        3 3 3 ;
 INPUT ---    group=1 p  Primary 4  rows=1 cols=3 Square ;
 INPUT ---        3 3 3 ;
 INPUT ---    group=1 p  Primary 5  rows=1 cols=3 Square ;
 INPUT ---        3 3 3 ;
 INPUT ---    group=1 p  Primary 6  rows=1 cols=3 Square ;
 INPUT ---        3 3 3 ;
 INPUT ---    group=1 p  Primary 7  rows=1 cols=3 Square ;
 INPUT ---        3 3 3 ;
 INPUT ---    group=1 p  Primary 8  rows=1 cols=3 Square ;
 INPUT ---        3 3 3 ;
 INPUT ---    group=1 p  Primary 9  rows=1 cols=3 Square ;
 INPUT ---        3 3 3 ;
 INPUT ---    group=1 p  Primary 10  rows=1 cols=3 Square ;
 INPUT ---        3 3 3 ;
 INPUT ---    group=1 p  Primary 11  rows=1 cols=3 Square ;
 INPUT ---        3 3 3 ;
 INPUT ---    group=1 p  Primary 12  rows=1 cols=3 Square ;
 INPUT ---        3 3 3 ;
 INPUT ---    group=1 p  Primary 13  rows=1 cols=3 Square ;
 INPUT ---        3 3 3 ;
 INPUT ---    group=1 p  Primary 14  rows=1 cols=3 Square ;
 INPUT ---        3 3 3 ;
 INPUT ---    group=1 p  Primary 15  rows=1 cols=3 Square ;
 INPUT ---        3 3 3 ;
 INPUT ---    group=1 p  Primary 16  rows=1 cols=3 Square ;
 INPUT ---        3 3 3 ;
 INPUT ---    group=1 p  Primary 17  rows=1 cols=3 Square ;
 INPUT ---        3 3 3 ;
 INPUT ---    group=1 p  Primary 18  rows=1 cols=3 Square ;
 INPUT ---        3 3 3 ;
 INPUT ---    group=1 p  Primary 19  rows=1 cols=3 Square ;
 INPUT ---        3 3 3 ;

Program  MARK  - Survival Rate Estimation with Capture-Recapture Data
 gfortran(dble/PIM2) Vers. 11.2 Nov 2025  23-Dec-2025 20:40:13    Page  003
 - - - - - - - - - - - - - - - - - - - - - - - - - - - - - - - - - - - - - -
 
 INPUT ---    group=1 p  Primary 20  rows=1 cols=3 Square ;
 INPUT ---        3 3 3 ;
 INPUT ---    group=1 p  Primary 21  rows=1 cols=3 Square ;
 INPUT ---        3 3 3 ;
 INPUT ---    group=1 p  Primary 22  rows=1 cols=3 Square ;
 INPUT ---        3 3 3 ;
 INPUT ---    group=1 p  Primary 23  rows=1 cols=3 Square ;
 INPUT ---        3 3 3 ;
 INPUT ---    group=1 p  Primary 24  rows=1 cols=3 Square ;
 INPUT ---        3 3 3 ;
 INPUT ---    design matrix constraints=3 covariates=8;
 INPUT ---        1 beta Temp 0 0 0 0 0;
 INPUT ---        0 0 0 1 Temp 0 0 0;
 INPUT ---        0 0 0 0 0 1 alpha Temp;
 INPUT ---       blabel(1)=Psi:(Intercept);
 INPUT ---       blabel(2)=Psi:beta;
 INPUT ---       blabel(3)=Psi:Temp;
 INPUT ---       blabel(4)=Theta:(Intercept);
 INPUT ---       blabel(5)=Theta:Temp;
 INPUT ---       blabel(6)=p:(Intercept);
 INPUT ---       blabel(7)=p:alpha;
 INPUT ---       blabel(8)=p:Temp;
 INPUT ---       rlabel(1)=Psi g1 a0 t1;
 INPUT ---       rlabel(2)=Theta g1 a0 t1;
 INPUT ---       rlabel(3)=p g1 s1 t1;
   Model is { Psi(~beta + Temp)Theta(~Temp)p(~alpha + Temp) }

 Link Function Used is LOGIT        

 Variance Estimation Procedure Used is 2ndPart 
 -2logL(saturated) = 0.0000000     
 Effective Sample Size = 23

 Number of function evaluations was 42 for 8 parameters.
 For numerical optimization, CPU Time was 0.125 secs and System Time was 0.110 secs.
 -2logL { Psi(~beta + Temp)Theta(~Temp)p(~alpha + Temp) } = 695.26081     
 Penalty { Psi(~beta + Temp)Theta(~Temp)p(~alpha + Temp) } = 0.0000000     
 Gradient { Psi(~beta + Temp)Theta(~Temp)p(~alpha + Temp) }:
 -2.27515E-08   0.0000     -1.81704E-08   0.0000      4.87055E-06
 -2.33886E-05 -1.69892E-05  1.28086E-05
 Maximum ABS(G) { Psi(~beta + Temp)Theta(~Temp)p(~alpha + Temp) } =  2.33886E-05
 To compute VC matrix, CPU Time was 0.001 secs and System Time was 0.109 secs.
 S Vector { Psi(~beta + Temp)Theta(~Temp)p(~alpha + Temp) }:
   111.7025      20.97887      14.64871      3.207298     0.8228925    
  0.2237157E-07 0.6905617E-11 0.4242886E-11
 To invert VC matrix, CPU Time was 0.001 secs and System Time was 0.001 secs.
 Ratio Threshold = 50.00 Max Gap (5/6) = 3.6783E+7 Next Max Gap (6/7) = 3240.
 Gap Method for Num. of Estimated Parameters { Psi(~beta + Temp)Theta(~Temp)p(~alpha + Temp) } = 5          

Program  MARK  - Survival Rate Estimation with Capture-Recapture Data
 gfortran(dble/PIM2) Vers. 11.2 Nov 2025  23-Dec-2025 20:40:14    Page  004
 - - - - - - - - - - - - - - - - - - - - - - - - - - - - - - - - - - - - - -
 
 Threshold { Psi(~beta + Temp)Theta(~Temp)p(~alpha + Temp) } = 0.4677719E-04           
 Numerical Threshold Method for Num. of Estimated Parameters { Psi(~beta + Temp)Theta(~Temp)p(~alpha + Temp) } = 5          
 Number of Estimated Parameters { Psi(~beta + Temp)Theta(~Temp)p(~alpha + Temp) } = 5          
 DEVIANCE { Psi(~beta + Temp)Theta(~Temp)p(~alpha + Temp) } = 695.26081               
 DEVIANCE Degrees of Freedom { Psi(~beta + Temp)Theta(~Temp)p(~alpha + Temp) } = 19          
 c-hat { Psi(~beta + Temp)Theta(~Temp)p(~alpha + Temp) } = 36.592674               
 AIC { Psi(~beta + Temp)Theta(~Temp)p(~alpha + Temp) } = 705.26081               
 AICc { Psi(~beta + Temp)Theta(~Temp)p(~alpha + Temp) } = 708.79022               
 BIC { Psi(~beta + Temp)Theta(~Temp)p(~alpha + Temp) } = 710.93828               
 Pearson Chisquare { Psi(~beta + Temp)Theta(~Temp)p(~alpha + Temp) } = 0.1637703E+16           


   LOGIT Link Function Parameters of { Psi(~beta + Temp)Theta(~Temp)p(~alpha + Temp) }
                                                              95% Confidence Interval
    Parameter                  Beta         Standard Error     Lower           Upper
 -------------------------  --------------  --------------  --------------  --------------
    1:Psi:(Intercept)        334.33563       313417.18      -613963.36       614632.03    
    2:Psi:beta               566.84822       0.0000000       566.84822       566.84822    
    3:Psi:Temp              -256.26157       194881.57      -382224.15       381711.63    
    4:Theta:(Intercept)     -0.0689332       0.2332146      -0.5260337       0.3881674    
    5:Theta:Temp            -0.3465312       0.3262830      -0.9860459       0.2929835    
    6:p:(Intercept)          0.3048061       0.6218658      -0.9140509       1.5236631    
    7:p:alpha               -0.2420629       0.1219327      -0.4810510      -0.0030748    
    8:p:Temp                -0.1170292       0.2721098      -0.6503644       0.4163059    


      Real Function Parameters of { Psi(~beta + Temp)Theta(~Temp)p(~alpha + Temp) }

      Following estimates based on unstandardized individual covariate values:
          Variable                 Value        
          ----------------------  ------------- 
          BETA                     0.1399832    
          TEMP                    -0.4000000E-07
          ALPHA                    4.5833333    
                                                               95% Confidence Interval
     Parameter                Estimate       Standard Error     Lower           Upper
 --------------------------  --------------  --------------  --------------  --------------
     1:Psi g1 a0 t1           1.0000000       0.0000000       1.0000000       1.0000000       
     2:Theta g1 a0 t1         0.4827735       0.0582344       0.3714424       0.5958415       
     3:p g1 s1 t1             0.3090319       0.0395516       0.2372723       0.3913586       

Program  MARK  - Survival Rate Estimation with Capture-Recapture Data
 gfortran(dble/PIM2) Vers. 11.2 Nov 2025  23-Dec-2025 20:40:14    Page  005
 - - - - - - - - - - - - - - - - - - - - - - - - - - - - - - - - - - - - - -
 

 To compute parameter estimates, CPU Time was 0.001 secs and System Time was 0.016 secs.

 Attempted ordering of parameters by estimatibility:
  6 4 8 5 7 1 2 3
 Beta number 3 is a singular value.

 For procedure estimate CPU Time was 0.125 secs and System Time was 0.532 secs.
 INPUT --- proc stop;

 For this job, CPU Time in mins was 0.003 and System Time in mins was 0.010.

     Time Start = 20:40:13.757   Time End = 20:40:14.327

 Wall Clock Time in mins for this job was 0.009.

 Maximum of 73 words used.


          E X E C U T I O N   S U C C E S S F U L
