
 Program  MARK  - Survival Rate Estimation with Capture-Recapture Data
 gfortran(dble/PIM2) Vers. 11.2 Nov 2025  23-Dec-2025 20:46:09    Page  001
  
 - - - - - - - - - - - - - - - - - - - - - - - - - - - - - - - - - - - - - -
 
 Welcome to MARK rcscott on machine LT-501Y0Z2 in subdirectory
   "C:\Users\rcscott\VTADS\Data" running file "mark032.inp".
 This version was compiled by GCC version 15.2.0 using the options: 
  -cpp -iprefix C:/tdm-gcc-64/mingw64-15-2/bin/../lib/gcc/
  x86_64-w64-mingw32/15.2.0/ -D_MT -D_REENTRANT -U_REENTRANT -D
  dbleprecision -m64 -march=x86-64-v3 -mtune=generic -mthreads -O3
  -std=f2023 -fimplicit-none -ffpe-summary=invalid,zero,overflow,underflow
  -fno-unsafe-math-optimizations -fopenmp-simd -fstack-arrays -flto=auto
  -fall-intrinsics -fopenmp

 This problem will use 7 of 8 possible threads.
 Static thread allocation is used.
 INPUT --- proc title ;

 For procedure title CPU Time was 0.001 secs and System Time was 0.001 secs.
 INPUT --- proc chmatrix occasions= 72 groups= 1 etype= MultScalOcc 
 INPUT --- Nodes= 101 icovar = 3  mixtures = 3 ICMeans NoHist hist= 24 
 INPUT --- ;
 INPUT ---    time interval 1 1 1 1 1 1 1 1 1 1 1 1 1 1 1 1 1 1 1 1 1 1 1 
 INPUT ---     1 1 1 1 1 1 1 1 1 1 1 1 1 1 1 1 1 1 1 1 1 1 1 1 1 1 1 1 1 
 INPUT ---    1 1 1 1 1 1 1 1 1 1 1 1 1 1 1 1 1 1 1 ;
 INPUT ---      icovariates beta Temp alpha ;
 INPUT ---    glabel(1)=Group 1;

      Number of unique encounter histories read was 24.

      Number of individual covariates read was 3.
      Time interval lengths are all equal to 1.

      Data type number is 123
      Data type is Multi-scale occupancy estimation

 For procedure chmatrix CPU Time was 0.016 secs and System Time was 0.001 secs.

Program  MARK  - Survival Rate Estimation with Capture-Recapture Data
 gfortran(dble/PIM2) Vers. 11.2 Nov 2025  23-Dec-2025 20:46:09    Page  002
 - - - - - - - - - - - - - - - - - - - - - - - - - - - - - - - - - - - - - -
 


 INPUT --- proc estimate link=Logit NOLOOP varest=2ndPart    ;
 INPUT --- model={ Psi(~beta + Temp)Theta(~beta + Temp)p(~alpha + 
 INPUT --- Temp) };
 INPUT ---    group=1 Psi    rows=1 cols=1 Square ;
 INPUT ---        1 ;
 INPUT ---    group=1 Theta    rows=1 cols=24 Square ;
 INPUT ---        2 2 2 2 2 2 2 2 2 2 2 2 2 2 2 2 2 2 2 2 2 2 2 2 ;
 INPUT ---    group=1 p  Primary 1  rows=1 cols=3 Square ;
 INPUT ---        3 3 3 ;
 INPUT ---    group=1 p  Primary 2  rows=1 cols=3 Square ;
 INPUT ---        3 3 3 ;
 INPUT ---    group=1 p  Primary 3  rows=1 cols=3 Square ;
 INPUT ---        3 3 3 ;
 INPUT ---    group=1 p  Primary 4  rows=1 cols=3 Square ;
 INPUT ---        3 3 3 ;
 INPUT ---    group=1 p  Primary 5  rows=1 cols=3 Square ;
 INPUT ---        3 3 3 ;
 INPUT ---    group=1 p  Primary 6  rows=1 cols=3 Square ;
 INPUT ---        3 3 3 ;
 INPUT ---    group=1 p  Primary 7  rows=1 cols=3 Square ;
 INPUT ---        3 3 3 ;
 INPUT ---    group=1 p  Primary 8  rows=1 cols=3 Square ;
 INPUT ---        3 3 3 ;
 INPUT ---    group=1 p  Primary 9  rows=1 cols=3 Square ;
 INPUT ---        3 3 3 ;
 INPUT ---    group=1 p  Primary 10  rows=1 cols=3 Square ;
 INPUT ---        3 3 3 ;
 INPUT ---    group=1 p  Primary 11  rows=1 cols=3 Square ;
 INPUT ---        3 3 3 ;
 INPUT ---    group=1 p  Primary 12  rows=1 cols=3 Square ;
 INPUT ---        3 3 3 ;
 INPUT ---    group=1 p  Primary 13  rows=1 cols=3 Square ;
 INPUT ---        3 3 3 ;
 INPUT ---    group=1 p  Primary 14  rows=1 cols=3 Square ;
 INPUT ---        3 3 3 ;
 INPUT ---    group=1 p  Primary 15  rows=1 cols=3 Square ;
 INPUT ---        3 3 3 ;
 INPUT ---    group=1 p  Primary 16  rows=1 cols=3 Square ;
 INPUT ---        3 3 3 ;
 INPUT ---    group=1 p  Primary 17  rows=1 cols=3 Square ;
 INPUT ---        3 3 3 ;
 INPUT ---    group=1 p  Primary 18  rows=1 cols=3 Square ;
 INPUT ---        3 3 3 ;
 INPUT ---    group=1 p  Primary 19  rows=1 cols=3 Square ;

Program  MARK  - Survival Rate Estimation with Capture-Recapture Data
 gfortran(dble/PIM2) Vers. 11.2 Nov 2025  23-Dec-2025 20:46:09    Page  003
 - - - - - - - - - - - - - - - - - - - - - - - - - - - - - - - - - - - - - -
 
 INPUT ---        3 3 3 ;
 INPUT ---    group=1 p  Primary 20  rows=1 cols=3 Square ;
 INPUT ---        3 3 3 ;
 INPUT ---    group=1 p  Primary 21  rows=1 cols=3 Square ;
 INPUT ---        3 3 3 ;
 INPUT ---    group=1 p  Primary 22  rows=1 cols=3 Square ;
 INPUT ---        3 3 3 ;
 INPUT ---    group=1 p  Primary 23  rows=1 cols=3 Square ;
 INPUT ---        3 3 3 ;
 INPUT ---    group=1 p  Primary 24  rows=1 cols=3 Square ;
 INPUT ---        3 3 3 ;
 INPUT ---    design matrix constraints=3 covariates=9;
 INPUT ---        1 beta Temp 0 0 0 0 0 0;
 INPUT ---        0 0 0 1 beta Temp 0 0 0;
 INPUT ---        0 0 0 0 0 0 1 alpha Temp;
 INPUT ---       blabel(1)=Psi:(Intercept);
 INPUT ---       blabel(2)=Psi:beta;
 INPUT ---       blabel(3)=Psi:Temp;
 INPUT ---       blabel(4)=Theta:(Intercept);
 INPUT ---       blabel(5)=Theta:beta;
 INPUT ---       blabel(6)=Theta:Temp;
 INPUT ---       blabel(7)=p:(Intercept);
 INPUT ---       blabel(8)=p:alpha;
 INPUT ---       blabel(9)=p:Temp;
 INPUT ---       rlabel(1)=Psi g1 a0 t1;
 INPUT ---       rlabel(2)=Theta g1 a0 t1;
 INPUT ---       rlabel(3)=p g1 s1 t1;
   Model is { Psi(~beta + Temp)Theta(~beta + Temp)p(~alpha + Temp) }

 Link Function Used is LOGIT        

 Variance Estimation Procedure Used is 2ndPart 
 -2logL(saturated) = 0.0000000     
 Effective Sample Size = 23

 Number of function evaluations was 40 for 9 parameters.
 For numerical optimization, CPU Time was 0.125 secs and System Time was 0.093 secs.
 -2logL { Psi(~beta + Temp)Theta(~beta + Temp)p(~alpha + Temp) } = 691.87645     
 Penalty { Psi(~beta + Temp)Theta(~beta + Temp)p(~alpha + Temp) } = 0.0000000     
 Gradient { Psi(~beta + Temp)Theta(~beta + Temp)p(~alpha + Temp) }:
   0.0000       0.0000       0.0000       0.0000       0.0000    
 -1.14564E-05 -4.54447E-06 -4.54725E-06   0.0000    
 Maximum ABS(G) { Psi(~beta + Temp)Theta(~beta + Temp)p(~alpha + Temp) } =  1.14564E-05
 To compute VC matrix, CPU Time was 0.062 secs and System Time was 0.375 secs.
 S Vector { Psi(~beta + Temp)Theta(~beta + Temp)p(~alpha + Temp) }:
   114.9122      20.71196      14.15876      2.809203      1.276256    
  0.5492397     0.4755076E-07 0.1099921E-09 0.3227657E-10
 To invert VC matrix, CPU Time was 0.001 secs and System Time was 0.001 secs.

Program  MARK  - Survival Rate Estimation with Capture-Recapture Data
 gfortran(dble/PIM2) Vers. 11.2 Nov 2025  23-Dec-2025 20:46:10    Page  004
 - - - - - - - - - - - - - - - - - - - - - - - - - - - - - - - - - - - - - -
 
 Ratio Threshold = 50.00 Max Gap (6/7) = 1.1551E+7 Next Max Gap (7/8) = 432.3
 Gap Method for Num. of Estimated Parameters { Psi(~beta + Temp)Theta(~beta + Temp)p(~alpha + Temp) } = 6          
 Threshold { Psi(~beta + Temp)Theta(~beta + Temp)p(~alpha + Temp) } = 0.2291279E-04           
 Numerical Threshold Method for Num. of Estimated Parameters { Psi(~beta + Temp)Theta(~beta + Temp)p(~alpha + Temp) } = 6          
 Number of Estimated Parameters { Psi(~beta + Temp)Theta(~beta + Temp)p(~alpha + Temp) } = 6          
 DEVIANCE { Psi(~beta + Temp)Theta(~beta + Temp)p(~alpha + Temp) } = 691.87645               
 DEVIANCE Degrees of Freedom { Psi(~beta + Temp)Theta(~beta + Temp)p(~alpha + Temp) } = 18          
 c-hat { Psi(~beta + Temp)Theta(~beta + Temp)p(~alpha + Temp) } = 38.437581               
 AIC { Psi(~beta + Temp)Theta(~beta + Temp)p(~alpha + Temp) } = 703.87645               
 AICc { Psi(~beta + Temp)Theta(~beta + Temp)p(~alpha + Temp) } = 709.12645               
 BIC { Psi(~beta + Temp)Theta(~beta + Temp)p(~alpha + Temp) } = 710.68942               
 Pearson Chisquare { Psi(~beta + Temp)Theta(~beta + Temp)p(~alpha + Temp) } = 0.1254146E+16           


 LOGIT Link Function Parameters of { Psi(~beta + Temp)Theta(~beta + Temp)p(~alpha + Temp) }
                                                              95% Confidence Interval
    Parameter                  Beta         Standard Error     Lower           Upper
 -------------------------  --------------  --------------  --------------  --------------
    1:Psi:(Intercept)        167.61748       0.0000000       167.61748       167.61748    
    2:Psi:beta               435.76930       58881.042      -114971.08       115842.61    
    3:Psi:Temp              -133.94038       0.0000000      -133.94038      -133.94038    
    4:Theta:(Intercept)      0.4082725       0.3920908      -0.3602255       1.1767706    
    5:Theta:beta            -2.2898118       1.2608259      -4.7610306       0.1814070    
    6:Theta:Temp            -0.2030498       0.3297809      -0.8494204       0.4433209    
    7:p:(Intercept)          0.6788323       0.5405371      -0.3806204       1.7382849    
    8:p:alpha               -0.3365150       0.1103467      -0.5527945      -0.1202355    
    9:p:Temp                -0.2303192       0.2485086      -0.7173961       0.2567577    


   Real Function Parameters of { Psi(~beta + Temp)Theta(~beta + Temp)p(~alpha + Temp) }

      Following estimates based on unstandardized individual covariate values:
          Variable                 Value        
          ----------------------  ------------- 
          BETA                     0.1399832    
          TEMP                    -0.4000000E-07
          ALPHA                    4.5833333    
                                                               95% Confidence Interval
     Parameter                Estimate       Standard Error     Lower           Upper
 --------------------------  --------------  --------------  --------------  --------------
     1:Psi g1 a0 t1           1.0000000       0.0000000       1.0000000       1.0000000       
     2:Theta g1 a0 t1         0.5219203       0.0702047       0.3861020       0.6545731       
     3:p g1 s1 t1             0.2966028       0.0395502       0.2252922       0.3794300       

Program  MARK  - Survival Rate Estimation with Capture-Recapture Data
 gfortran(dble/PIM2) Vers. 11.2 Nov 2025  23-Dec-2025 20:46:10    Page  005
 - - - - - - - - - - - - - - - - - - - - - - - - - - - - - - - - - - - - - -
 

 To compute parameter estimates, CPU Time was 0.016 secs and System Time was 0.016 secs.

 Attempted ordering of parameters by estimatibility:
  7 9 4 6 8 5 1 2 3
 Beta number 3 is a singular value.

 For procedure estimate CPU Time was 0.203 secs and System Time was 0.516 secs.
 INPUT --- proc stop;

 For this job, CPU Time in mins was 0.004 and System Time in mins was 0.010.

     Time Start = 20:46:09.734   Time End = 20:46:10.325

 Wall Clock Time in mins for this job was 0.009.

 Maximum of 73 words used.


          E X E C U T I O N   S U C C E S S F U L
