
 Program  MARK  - Survival Rate Estimation with Capture-Recapture Data
 gfortran(dble/PIM2) Vers. 11.2 Nov 2025  23-Dec-2025 20:17:37    Page  001
  
 - - - - - - - - - - - - - - - - - - - - - - - - - - - - - - - - - - - - - -
 
 Welcome to MARK rcscott on machine LT-501Y0Z2 in subdirectory
   "C:\Users\rcscott\VTADS\Data" running file "mark006.inp".
 This version was compiled by GCC version 15.2.0 using the options: 
  -cpp -iprefix C:/tdm-gcc-64/mingw64-15-2/bin/../lib/gcc/
  x86_64-w64-mingw32/15.2.0/ -D_MT -D_REENTRANT -U_REENTRANT -D
  dbleprecision -m64 -march=x86-64-v3 -mtune=generic -mthreads -O3
  -std=f2023 -fimplicit-none -ffpe-summary=invalid,zero,overflow,underflow
  -fno-unsafe-math-optimizations -fopenmp-simd -fstack-arrays -flto=auto
  -fall-intrinsics -fopenmp

 This problem will use 7 of 8 possible threads.
 Static thread allocation is used.
 INPUT --- proc title ;

 For procedure title CPU Time was 0.001 secs and System Time was 0.001 secs.
 INPUT --- proc chmatrix occasions= 72 groups= 1 etype= MultScalOcc 
 INPUT --- Nodes= 101 icovar = 1  mixtures = 3 ICMeans NoHist hist= 24 
 INPUT --- ;
 INPUT ---    time interval 1 1 1 1 1 1 1 1 1 1 1 1 1 1 1 1 1 1 1 1 1 1 1 
 INPUT ---     1 1 1 1 1 1 1 1 1 1 1 1 1 1 1 1 1 1 1 1 1 1 1 1 1 1 1 1 1 
 INPUT ---    1 1 1 1 1 1 1 1 1 1 1 1 1 1 1 1 1 1 1 ;
 INPUT ---      icovariates Temp ;
 INPUT ---    glabel(1)=Group 1;

      Number of unique encounter histories read was 24.

      Number of individual covariates read was 1.
      Time interval lengths are all equal to 1.

      Data type number is 123
      Data type is Multi-scale occupancy estimation

 For procedure chmatrix CPU Time was 0.001 secs and System Time was 0.001 secs.

Program  MARK  - Survival Rate Estimation with Capture-Recapture Data
 gfortran(dble/PIM2) Vers. 11.2 Nov 2025  23-Dec-2025 20:17:37    Page  002
 - - - - - - - - - - - - - - - - - - - - - - - - - - - - - - - - - - - - - -
 


 INPUT --- proc estimate link=Logit NOLOOP varest=2ndPart    ;
 INPUT --- model={ Psi(~Temp)Theta(~Temp)p(~Temp) };
 INPUT ---    group=1 Psi    rows=1 cols=1 Square ;
 INPUT ---        1 ;
 INPUT ---    group=1 Theta    rows=1 cols=24 Square ;
 INPUT ---        2 2 2 2 2 2 2 2 2 2 2 2 2 2 2 2 2 2 2 2 2 2 2 2 ;
 INPUT ---    group=1 p  Primary 1  rows=1 cols=3 Square ;
 INPUT ---        3 3 3 ;
 INPUT ---    group=1 p  Primary 2  rows=1 cols=3 Square ;
 INPUT ---        3 3 3 ;
 INPUT ---    group=1 p  Primary 3  rows=1 cols=3 Square ;
 INPUT ---        3 3 3 ;
 INPUT ---    group=1 p  Primary 4  rows=1 cols=3 Square ;
 INPUT ---        3 3 3 ;
 INPUT ---    group=1 p  Primary 5  rows=1 cols=3 Square ;
 INPUT ---        3 3 3 ;
 INPUT ---    group=1 p  Primary 6  rows=1 cols=3 Square ;
 INPUT ---        3 3 3 ;
 INPUT ---    group=1 p  Primary 7  rows=1 cols=3 Square ;
 INPUT ---        3 3 3 ;
 INPUT ---    group=1 p  Primary 8  rows=1 cols=3 Square ;
 INPUT ---        3 3 3 ;
 INPUT ---    group=1 p  Primary 9  rows=1 cols=3 Square ;
 INPUT ---        3 3 3 ;
 INPUT ---    group=1 p  Primary 10  rows=1 cols=3 Square ;
 INPUT ---        3 3 3 ;
 INPUT ---    group=1 p  Primary 11  rows=1 cols=3 Square ;
 INPUT ---        3 3 3 ;
 INPUT ---    group=1 p  Primary 12  rows=1 cols=3 Square ;
 INPUT ---        3 3 3 ;
 INPUT ---    group=1 p  Primary 13  rows=1 cols=3 Square ;
 INPUT ---        3 3 3 ;
 INPUT ---    group=1 p  Primary 14  rows=1 cols=3 Square ;
 INPUT ---        3 3 3 ;
 INPUT ---    group=1 p  Primary 15  rows=1 cols=3 Square ;
 INPUT ---        3 3 3 ;
 INPUT ---    group=1 p  Primary 16  rows=1 cols=3 Square ;
 INPUT ---        3 3 3 ;
 INPUT ---    group=1 p  Primary 17  rows=1 cols=3 Square ;
 INPUT ---        3 3 3 ;
 INPUT ---    group=1 p  Primary 18  rows=1 cols=3 Square ;
 INPUT ---        3 3 3 ;
 INPUT ---    group=1 p  Primary 19  rows=1 cols=3 Square ;
 INPUT ---        3 3 3 ;

Program  MARK  - Survival Rate Estimation with Capture-Recapture Data
 gfortran(dble/PIM2) Vers. 11.2 Nov 2025  23-Dec-2025 20:17:37    Page  003
 - - - - - - - - - - - - - - - - - - - - - - - - - - - - - - - - - - - - - -
 
 INPUT ---    group=1 p  Primary 20  rows=1 cols=3 Square ;
 INPUT ---        3 3 3 ;
 INPUT ---    group=1 p  Primary 21  rows=1 cols=3 Square ;
 INPUT ---        3 3 3 ;
 INPUT ---    group=1 p  Primary 22  rows=1 cols=3 Square ;
 INPUT ---        3 3 3 ;
 INPUT ---    group=1 p  Primary 23  rows=1 cols=3 Square ;
 INPUT ---        3 3 3 ;
 INPUT ---    group=1 p  Primary 24  rows=1 cols=3 Square ;
 INPUT ---        3 3 3 ;
 INPUT ---    design matrix constraints=3 covariates=6;
 INPUT ---        1 Temp 0 0 0 0;
 INPUT ---        0 0 1 Temp 0 0;
 INPUT ---        0 0 0 0 1 Temp;
 INPUT ---       blabel(1)=Psi:(Intercept);
 INPUT ---       blabel(2)=Psi:Temp;
 INPUT ---       blabel(3)=Theta:(Intercept);
 INPUT ---       blabel(4)=Theta:Temp;
 INPUT ---       blabel(5)=p:(Intercept);
 INPUT ---       blabel(6)=p:Temp;
 INPUT ---       rlabel(1)=Psi g1 a0 t1;
 INPUT ---       rlabel(2)=Theta g1 a0 t1;
 INPUT ---       rlabel(3)=p g1 s1 t1;
   Model is { Psi(~Temp)Theta(~Temp)p(~Temp) }

 Link Function Used is LOGIT        

 Variance Estimation Procedure Used is 2ndPart 
 -2logL(saturated) = 0.0000000     
 Effective Sample Size = 23

 Number of function evaluations was 40 for 6 parameters.
 For numerical optimization, CPU Time was 0.109 secs and System Time was 0.063 secs.
 -2logL { Psi(~Temp)Theta(~Temp)p(~Temp) } = 702.59984     
 Penalty { Psi(~Temp)Theta(~Temp)p(~Temp) } = 0.0000000     
 Gradient { Psi(~Temp)Theta(~Temp)p(~Temp) }:
   0.0000       0.0000       0.0000       0.0000       0.0000    
   0.0000    
 Maximum ABS(G) { Psi(~Temp)Theta(~Temp)p(~Temp) } =   0.0000    
 To compute VC matrix, CPU Time was 0.016 secs and System Time was 0.015 secs.
 S Vector { Psi(~Temp)Theta(~Temp)p(~Temp) }:
   83.31296      22.38891      11.05468      2.836528     0.1626864    
  0.9800923E-03
 To invert VC matrix, CPU Time was 0.001 secs and System Time was 0.001 secs.
 Ratio Threshold = 50.00 Max Gap (5/6) = 166.0 Next Max Gap (4/5) = 17.44
 Gap Method for Num. of Estimated Parameters { Psi(~Temp)Theta(~Temp)p(~Temp) } = 5          
 Numerical Threshold Method for Num. of Estimated Parameters { Psi(~Temp)Theta(~Temp)p(~Temp) } = 5          
 Number of Estimated Parameters { Psi(~Temp)Theta(~Temp)p(~Temp) } = 5          

Program  MARK  - Survival Rate Estimation with Capture-Recapture Data
 gfortran(dble/PIM2) Vers. 11.2 Nov 2025  23-Dec-2025 20:17:37    Page  004
 - - - - - - - - - - - - - - - - - - - - - - - - - - - - - - - - - - - - - -
 
 DEVIANCE { Psi(~Temp)Theta(~Temp)p(~Temp) } = 702.59984               
 DEVIANCE Degrees of Freedom { Psi(~Temp)Theta(~Temp)p(~Temp) } = 19          
 c-hat { Psi(~Temp)Theta(~Temp)p(~Temp) } = 36.978939               
 AIC { Psi(~Temp)Theta(~Temp)p(~Temp) } = 712.59984               
 AICc { Psi(~Temp)Theta(~Temp)p(~Temp) } = 716.12925               
 BIC { Psi(~Temp)Theta(~Temp)p(~Temp) } = 718.27731               
 Pearson Chisquare { Psi(~Temp)Theta(~Temp)p(~Temp) } = 0.4046028E+16           


           LOGIT Link Function Parameters of { Psi(~Temp)Theta(~Temp)p(~Temp) }
                                                              95% Confidence Interval
    Parameter                  Beta         Standard Error     Lower           Upper
 -------------------------  --------------  --------------  --------------  --------------
    1:Psi:(Intercept)        10.273684       20.727351      -30.351924       50.899292    
    2:Psi:Temp              -5.8647939       14.945563      -35.158098       23.428511    
    3:Theta:(Intercept)     -0.0919287       0.2599859      -0.6015011       0.4176438    
    4:Theta:Temp            -0.6893560       0.3305814      -1.3372956      -0.0414165    
    5:p:(Intercept)         -0.8354512       0.1888524      -1.2056019      -0.4653005    
    6:p:Temp                 0.1812215       0.2185119      -0.2470618       0.6095049    


              Real Function Parameters of { Psi(~Temp)Theta(~Temp)p(~Temp) }

      Following estimates based on unstandardized individual covariate values:
          Variable                 Value        
          ----------------------  ------------- 
          TEMP                    -0.4000000E-07
                                                               95% Confidence Interval
     Parameter                Estimate       Standard Error     Lower           Upper
 --------------------------  --------------  --------------  --------------  --------------
     1:Psi g1 a0 t1           0.9999655       0.7156644E-03   0.6581523E-13   1.0000000       
     2:Theta g1 a0 t1         0.4770340       0.0648594       0.3540003       0.6029193       
     3:p g1 s1 t1             0.3024937       0.0398462       0.2304802       0.3857291       

 To compute parameter estimates, CPU Time was 0.001 secs and System Time was 0.001 secs.

 Attempted ordering of parameters by estimatibility:
  5 3 6 4 1 2
 Beta number 2 is a singular value.

 For procedure estimate CPU Time was 0.125 secs and System Time was 0.375 secs.

Program  MARK  - Survival Rate Estimation with Capture-Recapture Data
 gfortran(dble/PIM2) Vers. 11.2 Nov 2025  23-Dec-2025 20:17:37    Page  005
 - - - - - - - - - - - - - - - - - - - - - - - - - - - - - - - - - - - - - -
 


 INPUT --- proc stop;

 For this job, CPU Time in mins was 0.003 and System Time in mins was 0.007.

     Time Start = 20:17:37.387   Time End = 20:17:37.800

 Wall Clock Time in mins for this job was 0.006.

 Maximum of 73 words used.


          E X E C U T I O N   S U C C E S S F U L
