
 Program  MARK  - Survival Rate Estimation with Capture-Recapture Data
 gfortran(dble/PIM2) Vers. 11.2 Nov 2025  23-Dec-2025 20:24:17    Page  001
  
 - - - - - - - - - - - - - - - - - - - - - - - - - - - - - - - - - - - - - -
 
 Welcome to MARK rcscott on machine LT-501Y0Z2 in subdirectory
   "C:\Users\rcscott\VTADS\Data" running file "mark014.inp".
 This version was compiled by GCC version 15.2.0 using the options: 
  -cpp -iprefix C:/tdm-gcc-64/mingw64-15-2/bin/../lib/gcc/
  x86_64-w64-mingw32/15.2.0/ -D_MT -D_REENTRANT -U_REENTRANT -D
  dbleprecision -m64 -march=x86-64-v3 -mtune=generic -mthreads -O3
  -std=f2023 -fimplicit-none -ffpe-summary=invalid,zero,overflow,underflow
  -fno-unsafe-math-optimizations -fopenmp-simd -fstack-arrays -flto=auto
  -fall-intrinsics -fopenmp

 This problem will use 7 of 8 possible threads.
 Static thread allocation is used.
 INPUT --- proc title ;

 For procedure title CPU Time was 0.001 secs and System Time was 0.001 secs.
 INPUT --- proc chmatrix occasions= 72 groups= 1 etype= MultScalOcc 
 INPUT --- Nodes= 101 icovar = 2  mixtures = 3 ICMeans NoHist hist= 24 
 INPUT --- ;
 INPUT ---    time interval 1 1 1 1 1 1 1 1 1 1 1 1 1 1 1 1 1 1 1 1 1 1 1 
 INPUT ---     1 1 1 1 1 1 1 1 1 1 1 1 1 1 1 1 1 1 1 1 1 1 1 1 1 1 1 1 1 
 INPUT ---    1 1 1 1 1 1 1 1 1 1 1 1 1 1 1 1 1 1 1 ;
 INPUT ---      icovariates Temp beta ;
 INPUT ---    glabel(1)=Group 1;

      Number of unique encounter histories read was 24.

      Number of individual covariates read was 2.
      Time interval lengths are all equal to 1.

      Data type number is 123
      Data type is Multi-scale occupancy estimation

 For procedure chmatrix CPU Time was 0.001 secs and System Time was 0.001 secs.

Program  MARK  - Survival Rate Estimation with Capture-Recapture Data
 gfortran(dble/PIM2) Vers. 11.2 Nov 2025  23-Dec-2025 20:24:17    Page  002
 - - - - - - - - - - - - - - - - - - - - - - - - - - - - - - - - - - - - - -
 


 INPUT --- proc estimate link=Logit NOLOOP varest=2ndPart    ;
 INPUT --- model={ Psi(~Temp)Theta(~beta + Temp)p(~beta + Temp) };
 INPUT ---    group=1 Psi    rows=1 cols=1 Square ;
 INPUT ---        1 ;
 INPUT ---    group=1 Theta    rows=1 cols=24 Square ;
 INPUT ---        2 2 2 2 2 2 2 2 2 2 2 2 2 2 2 2 2 2 2 2 2 2 2 2 ;
 INPUT ---    group=1 p  Primary 1  rows=1 cols=3 Square ;
 INPUT ---        3 3 3 ;
 INPUT ---    group=1 p  Primary 2  rows=1 cols=3 Square ;
 INPUT ---        3 3 3 ;
 INPUT ---    group=1 p  Primary 3  rows=1 cols=3 Square ;
 INPUT ---        3 3 3 ;
 INPUT ---    group=1 p  Primary 4  rows=1 cols=3 Square ;
 INPUT ---        3 3 3 ;
 INPUT ---    group=1 p  Primary 5  rows=1 cols=3 Square ;
 INPUT ---        3 3 3 ;
 INPUT ---    group=1 p  Primary 6  rows=1 cols=3 Square ;
 INPUT ---        3 3 3 ;
 INPUT ---    group=1 p  Primary 7  rows=1 cols=3 Square ;
 INPUT ---        3 3 3 ;
 INPUT ---    group=1 p  Primary 8  rows=1 cols=3 Square ;
 INPUT ---        3 3 3 ;
 INPUT ---    group=1 p  Primary 9  rows=1 cols=3 Square ;
 INPUT ---        3 3 3 ;
 INPUT ---    group=1 p  Primary 10  rows=1 cols=3 Square ;
 INPUT ---        3 3 3 ;
 INPUT ---    group=1 p  Primary 11  rows=1 cols=3 Square ;
 INPUT ---        3 3 3 ;
 INPUT ---    group=1 p  Primary 12  rows=1 cols=3 Square ;
 INPUT ---        3 3 3 ;
 INPUT ---    group=1 p  Primary 13  rows=1 cols=3 Square ;
 INPUT ---        3 3 3 ;
 INPUT ---    group=1 p  Primary 14  rows=1 cols=3 Square ;
 INPUT ---        3 3 3 ;
 INPUT ---    group=1 p  Primary 15  rows=1 cols=3 Square ;
 INPUT ---        3 3 3 ;
 INPUT ---    group=1 p  Primary 16  rows=1 cols=3 Square ;
 INPUT ---        3 3 3 ;
 INPUT ---    group=1 p  Primary 17  rows=1 cols=3 Square ;
 INPUT ---        3 3 3 ;
 INPUT ---    group=1 p  Primary 18  rows=1 cols=3 Square ;
 INPUT ---        3 3 3 ;
 INPUT ---    group=1 p  Primary 19  rows=1 cols=3 Square ;
 INPUT ---        3 3 3 ;

Program  MARK  - Survival Rate Estimation with Capture-Recapture Data
 gfortran(dble/PIM2) Vers. 11.2 Nov 2025  23-Dec-2025 20:24:17    Page  003
 - - - - - - - - - - - - - - - - - - - - - - - - - - - - - - - - - - - - - -
 
 INPUT ---    group=1 p  Primary 20  rows=1 cols=3 Square ;
 INPUT ---        3 3 3 ;
 INPUT ---    group=1 p  Primary 21  rows=1 cols=3 Square ;
 INPUT ---        3 3 3 ;
 INPUT ---    group=1 p  Primary 22  rows=1 cols=3 Square ;
 INPUT ---        3 3 3 ;
 INPUT ---    group=1 p  Primary 23  rows=1 cols=3 Square ;
 INPUT ---        3 3 3 ;
 INPUT ---    group=1 p  Primary 24  rows=1 cols=3 Square ;
 INPUT ---        3 3 3 ;
 INPUT ---    design matrix constraints=3 covariates=8;
 INPUT ---        1 Temp 0 0 0 0 0 0;
 INPUT ---        0 0 1 beta Temp 0 0 0;
 INPUT ---        0 0 0 0 0 1 beta Temp;
 INPUT ---       blabel(1)=Psi:(Intercept);
 INPUT ---       blabel(2)=Psi:Temp;
 INPUT ---       blabel(3)=Theta:(Intercept);
 INPUT ---       blabel(4)=Theta:beta;
 INPUT ---       blabel(5)=Theta:Temp;
 INPUT ---       blabel(6)=p:(Intercept);
 INPUT ---       blabel(7)=p:beta;
 INPUT ---       blabel(8)=p:Temp;
 INPUT ---       rlabel(1)=Psi g1 a0 t1;
 INPUT ---       rlabel(2)=Theta g1 a0 t1;
 INPUT ---       rlabel(3)=p g1 s1 t1;
   Model is { Psi(~Temp)Theta(~beta + Temp)p(~beta + Temp) }

 Link Function Used is LOGIT        

 Variance Estimation Procedure Used is 2ndPart 
 -2logL(saturated) = 0.0000000     
 Effective Sample Size = 23

 Number of function evaluations was 37 for 8 parameters.
 For numerical optimization, CPU Time was 0.078 secs and System Time was 0.266 secs.
 -2logL { Psi(~Temp)Theta(~beta + Temp)p(~beta + Temp) } = 702.00398     
 Penalty { Psi(~Temp)Theta(~beta + Temp)p(~beta + Temp) } = 0.0000000     
 Gradient { Psi(~Temp)Theta(~beta + Temp)p(~beta + Temp) }:
   0.0000       0.0000     -1.65919E-04 -2.94657E-05  6.43883E-06
 -2.74539E-05  3.22531E-06  5.87706E-05
 Maximum ABS(G) { Psi(~Temp)Theta(~beta + Temp)p(~beta + Temp) } =  1.65919E-04
 To compute VC matrix, CPU Time was 0.016 secs and System Time was 0.015 secs.
 S Vector { Psi(~Temp)Theta(~beta + Temp)p(~beta + Temp) }:
   85.43748      23.07456      11.15537      3.429291      1.389026    
  0.1003881     0.8999865E-06 0.8712977E-07
 To invert VC matrix, CPU Time was 0.001 secs and System Time was 0.001 secs.
 Ratio Threshold = 50.00 Max Gap (6/7) = 1.1154E+5 Next Max Gap (5/6) = 13.84
 Gap Method for Num. of Estimated Parameters { Psi(~Temp)Theta(~beta + Temp)p(~beta + Temp) } = 6          

Program  MARK  - Survival Rate Estimation with Capture-Recapture Data
 gfortran(dble/PIM2) Vers. 11.2 Nov 2025  23-Dec-2025 20:24:18    Page  004
 - - - - - - - - - - - - - - - - - - - - - - - - - - - - - - - - - - - - - -
 
 Threshold { Psi(~Temp)Theta(~beta + Temp)p(~beta + Temp) } = 0.3318380E-03           
 Numerical Threshold Method for Num. of Estimated Parameters { Psi(~Temp)Theta(~beta + Temp)p(~beta + Temp) } = 6          
 Number of Estimated Parameters { Psi(~Temp)Theta(~beta + Temp)p(~beta + Temp) } = 6          
 DEVIANCE { Psi(~Temp)Theta(~beta + Temp)p(~beta + Temp) } = 702.00398               
 DEVIANCE Degrees of Freedom { Psi(~Temp)Theta(~beta + Temp)p(~beta + Temp) } = 18          
 c-hat { Psi(~Temp)Theta(~beta + Temp)p(~beta + Temp) } = 39.000221               
 AIC { Psi(~Temp)Theta(~beta + Temp)p(~beta + Temp) } = 714.00398               
 AICc { Psi(~Temp)Theta(~beta + Temp)p(~beta + Temp) } = 719.25398               
 BIC { Psi(~Temp)Theta(~beta + Temp)p(~beta + Temp) } = 720.81694               
 Pearson Chisquare { Psi(~Temp)Theta(~beta + Temp)p(~beta + Temp) } = 0.3793908E+16           


    LOGIT Link Function Parameters of { Psi(~Temp)Theta(~beta + Temp)p(~beta + Temp) }
                                                              95% Confidence Interval
    Parameter                  Beta         Standard Error     Lower           Upper
 -------------------------  --------------  --------------  --------------  --------------
    1:Psi:(Intercept)        19.033299       3387.7918      -6621.0388       6659.1054    
    2:Psi:Temp              -0.8873523       644.87462      -1264.8416       1263.0669    
    3:Theta:(Intercept)     -0.2875139       0.3878627      -1.0477249       0.4726970    
    4:Theta:beta             1.8481752       2.8720161      -3.7809765       7.4773268    
    5:Theta:Temp            -0.8380172       0.3087858      -1.4432374      -0.2327969    
    6:p:(Intercept)         -0.6673919       0.2674467      -1.1915874      -0.1431963    
    7:p:beta                -1.3654771       1.5123359      -4.3296554       1.5987013    
    8:p:Temp                 0.2618299       0.1984270      -0.1270871       0.6507470    


       Real Function Parameters of { Psi(~Temp)Theta(~beta + Temp)p(~beta + Temp) }

      Following estimates based on unstandardized individual covariate values:
          Variable                 Value        
          ----------------------  ------------- 
          TEMP                    -0.4000000E-07
          BETA                     0.1399832    
                                                               95% Confidence Interval
     Parameter                Estimate       Standard Error     Lower           Upper
 --------------------------  --------------  --------------  --------------  --------------
     1:Psi g1 a0 t1           1.0000000       0.1835947E-04   0.9999640       1.0000360       
     2:Theta g1 a0 t1         0.4928004       0.0727665       0.3544791       0.6322327       
     3:p g1 s1 t1             0.2976454       0.0401929       0.2252431       0.3818502       

Program  MARK  - Survival Rate Estimation with Capture-Recapture Data
 gfortran(dble/PIM2) Vers. 11.2 Nov 2025  23-Dec-2025 20:24:18    Page  005
 - - - - - - - - - - - - - - - - - - - - - - - - - - - - - - - - - - - - - -
 

 To compute parameter estimates, CPU Time was 0.001 secs and System Time was 0.001 secs.

 Attempted ordering of parameters by estimatibility:
  6 3 8 5 7 4 2 1
 Beta number 1 is a singular value.

 For procedure estimate CPU Time was 0.094 secs and System Time was 0.344 secs.
 INPUT --- proc stop;

 For this job, CPU Time in mins was 0.002 and System Time in mins was 0.007.

     Time Start = 20:24:17.701   Time End = 20:24:18.109

 Wall Clock Time in mins for this job was 0.006.

 Maximum of 73 words used.


          E X E C U T I O N   S U C C E S S F U L
