
 Program  MARK  - Survival Rate Estimation with Capture-Recapture Data
 gfortran(dble/PIM2) Vers. 11.2 Nov 2025  23-Dec-2025 20:43:22    Page  001
  
 - - - - - - - - - - - - - - - - - - - - - - - - - - - - - - - - - - - - - -
 
 Welcome to MARK rcscott on machine LT-501Y0Z2 in subdirectory
   "C:\Users\rcscott\VTADS\Data" running file "mark030.inp".
 This version was compiled by GCC version 15.2.0 using the options: 
  -cpp -iprefix C:/tdm-gcc-64/mingw64-15-2/bin/../lib/gcc/
  x86_64-w64-mingw32/15.2.0/ -D_MT -D_REENTRANT -U_REENTRANT -D
  dbleprecision -m64 -march=x86-64-v3 -mtune=generic -mthreads -O3
  -std=f2023 -fimplicit-none -ffpe-summary=invalid,zero,overflow,underflow
  -fno-unsafe-math-optimizations -fopenmp-simd -fstack-arrays -flto=auto
  -fall-intrinsics -fopenmp

 This problem will use 7 of 8 possible threads.
 Static thread allocation is used.
 INPUT --- proc title ;

 For procedure title CPU Time was 0.001 secs and System Time was 0.001 secs.
 INPUT --- proc chmatrix occasions= 72 groups= 1 etype= MultScalOcc 
 INPUT --- Nodes= 101 icovar = 3  mixtures = 3 ICMeans NoHist hist= 24 
 INPUT --- ;
 INPUT ---    time interval 1 1 1 1 1 1 1 1 1 1 1 1 1 1 1 1 1 1 1 1 1 1 1 
 INPUT ---     1 1 1 1 1 1 1 1 1 1 1 1 1 1 1 1 1 1 1 1 1 1 1 1 1 1 1 1 1 
 INPUT ---    1 1 1 1 1 1 1 1 1 1 1 1 1 1 1 1 1 1 1 ;
 INPUT ---      icovariates beta Temp alpha ;
 INPUT ---    glabel(1)=Group 1;

      Number of unique encounter histories read was 24.

      Number of individual covariates read was 3.
      Time interval lengths are all equal to 1.

      Data type number is 123
      Data type is Multi-scale occupancy estimation

 For procedure chmatrix CPU Time was 0.001 secs and System Time was 0.001 secs.

Program  MARK  - Survival Rate Estimation with Capture-Recapture Data
 gfortran(dble/PIM2) Vers. 11.2 Nov 2025  23-Dec-2025 20:43:22    Page  002
 - - - - - - - - - - - - - - - - - - - - - - - - - - - - - - - - - - - - - -
 


 INPUT --- proc estimate link=Logit NOLOOP varest=2ndPart    ;
 INPUT --- model={ Psi(~beta + Temp)Theta(~alpha + Temp)p(~beta + 
 INPUT --- Temp) };
 INPUT ---    group=1 Psi    rows=1 cols=1 Square ;
 INPUT ---        1 ;
 INPUT ---    group=1 Theta    rows=1 cols=24 Square ;
 INPUT ---        2 2 2 2 2 2 2 2 2 2 2 2 2 2 2 2 2 2 2 2 2 2 2 2 ;
 INPUT ---    group=1 p  Primary 1  rows=1 cols=3 Square ;
 INPUT ---        3 3 3 ;
 INPUT ---    group=1 p  Primary 2  rows=1 cols=3 Square ;
 INPUT ---        3 3 3 ;
 INPUT ---    group=1 p  Primary 3  rows=1 cols=3 Square ;
 INPUT ---        3 3 3 ;
 INPUT ---    group=1 p  Primary 4  rows=1 cols=3 Square ;
 INPUT ---        3 3 3 ;
 INPUT ---    group=1 p  Primary 5  rows=1 cols=3 Square ;
 INPUT ---        3 3 3 ;
 INPUT ---    group=1 p  Primary 6  rows=1 cols=3 Square ;
 INPUT ---        3 3 3 ;
 INPUT ---    group=1 p  Primary 7  rows=1 cols=3 Square ;
 INPUT ---        3 3 3 ;
 INPUT ---    group=1 p  Primary 8  rows=1 cols=3 Square ;
 INPUT ---        3 3 3 ;
 INPUT ---    group=1 p  Primary 9  rows=1 cols=3 Square ;
 INPUT ---        3 3 3 ;
 INPUT ---    group=1 p  Primary 10  rows=1 cols=3 Square ;
 INPUT ---        3 3 3 ;
 INPUT ---    group=1 p  Primary 11  rows=1 cols=3 Square ;
 INPUT ---        3 3 3 ;
 INPUT ---    group=1 p  Primary 12  rows=1 cols=3 Square ;
 INPUT ---        3 3 3 ;
 INPUT ---    group=1 p  Primary 13  rows=1 cols=3 Square ;
 INPUT ---        3 3 3 ;
 INPUT ---    group=1 p  Primary 14  rows=1 cols=3 Square ;
 INPUT ---        3 3 3 ;
 INPUT ---    group=1 p  Primary 15  rows=1 cols=3 Square ;
 INPUT ---        3 3 3 ;
 INPUT ---    group=1 p  Primary 16  rows=1 cols=3 Square ;
 INPUT ---        3 3 3 ;
 INPUT ---    group=1 p  Primary 17  rows=1 cols=3 Square ;
 INPUT ---        3 3 3 ;
 INPUT ---    group=1 p  Primary 18  rows=1 cols=3 Square ;
 INPUT ---        3 3 3 ;
 INPUT ---    group=1 p  Primary 19  rows=1 cols=3 Square ;

Program  MARK  - Survival Rate Estimation with Capture-Recapture Data
 gfortran(dble/PIM2) Vers. 11.2 Nov 2025  23-Dec-2025 20:43:22    Page  003
 - - - - - - - - - - - - - - - - - - - - - - - - - - - - - - - - - - - - - -
 
 INPUT ---        3 3 3 ;
 INPUT ---    group=1 p  Primary 20  rows=1 cols=3 Square ;
 INPUT ---        3 3 3 ;
 INPUT ---    group=1 p  Primary 21  rows=1 cols=3 Square ;
 INPUT ---        3 3 3 ;
 INPUT ---    group=1 p  Primary 22  rows=1 cols=3 Square ;
 INPUT ---        3 3 3 ;
 INPUT ---    group=1 p  Primary 23  rows=1 cols=3 Square ;
 INPUT ---        3 3 3 ;
 INPUT ---    group=1 p  Primary 24  rows=1 cols=3 Square ;
 INPUT ---        3 3 3 ;
 INPUT ---    design matrix constraints=3 covariates=9;
 INPUT ---        1 beta Temp 0 0 0 0 0 0;
 INPUT ---        0 0 0 1 alpha Temp 0 0 0;
 INPUT ---        0 0 0 0 0 0 1 beta Temp;
 INPUT ---       blabel(1)=Psi:(Intercept);
 INPUT ---       blabel(2)=Psi:beta;
 INPUT ---       blabel(3)=Psi:Temp;
 INPUT ---       blabel(4)=Theta:(Intercept);
 INPUT ---       blabel(5)=Theta:alpha;
 INPUT ---       blabel(6)=Theta:Temp;
 INPUT ---       blabel(7)=p:(Intercept);
 INPUT ---       blabel(8)=p:beta;
 INPUT ---       blabel(9)=p:Temp;
 INPUT ---       rlabel(1)=Psi g1 a0 t1;
 INPUT ---       rlabel(2)=Theta g1 a0 t1;
 INPUT ---       rlabel(3)=p g1 s1 t1;
   Model is { Psi(~beta + Temp)Theta(~alpha + Temp)p(~beta + Temp) }

 Link Function Used is LOGIT        

 Variance Estimation Procedure Used is 2ndPart 
 -2logL(saturated) = 0.0000000     
 Effective Sample Size = 23

 Number of function evaluations was 42 for 9 parameters.
 For numerical optimization, CPU Time was 0.250 secs and System Time was 0.203 secs.
 -2logL { Psi(~beta + Temp)Theta(~alpha + Temp)p(~beta + Temp) } = 694.02421     
 Penalty { Psi(~beta + Temp)Theta(~alpha + Temp)p(~beta + Temp) } = 0.0000000     
 Gradient { Psi(~beta + Temp)Theta(~alpha + Temp)p(~beta + Temp) }:
 -7.91271E-08 -1.78899E-08 -9.26513E-08  2.53993E-05  1.35673E-05
 -3.26412E-06  1.38384E-05  5.90175E-06 -5.38768E-06
 Maximum ABS(G) { Psi(~beta + Temp)Theta(~alpha + Temp)p(~beta + Temp) } =  2.53993E-05
 To compute VC matrix, CPU Time was 0.016 secs and System Time was 0.063 secs.
 S Vector { Psi(~beta + Temp)Theta(~alpha + Temp)p(~beta + Temp) }:
   95.66786      23.82742      14.45791      3.416220      1.309446    
  0.4331296     0.1312250E-06 0.1916053E-09 0.5020539E-10
 To invert VC matrix, CPU Time was 0.001 secs and System Time was 0.001 secs.

Program  MARK  - Survival Rate Estimation with Capture-Recapture Data
 gfortran(dble/PIM2) Vers. 11.2 Nov 2025  23-Dec-2025 20:43:23    Page  004
 - - - - - - - - - - - - - - - - - - - - - - - - - - - - - - - - - - - - - -
 
 Ratio Threshold = 50.00 Max Gap (6/7) = 3.3007E+6 Next Max Gap (7/8) = 684.9
 Gap Method for Num. of Estimated Parameters { Psi(~beta + Temp)Theta(~alpha + Temp)p(~beta + Temp) } = 6          
 Threshold { Psi(~beta + Temp)Theta(~alpha + Temp)p(~beta + Temp) } = 0.5079852E-04           
 Numerical Threshold Method for Num. of Estimated Parameters { Psi(~beta + Temp)Theta(~alpha + Temp)p(~beta + Temp) } = 6          
 Number of Estimated Parameters { Psi(~beta + Temp)Theta(~alpha + Temp)p(~beta + Temp) } = 6          
 DEVIANCE { Psi(~beta + Temp)Theta(~alpha + Temp)p(~beta + Temp) } = 694.02421               
 DEVIANCE Degrees of Freedom { Psi(~beta + Temp)Theta(~alpha + Temp)p(~beta + Temp) } = 18          
 c-hat { Psi(~beta + Temp)Theta(~alpha + Temp)p(~beta + Temp) } = 38.556901               
 AIC { Psi(~beta + Temp)Theta(~alpha + Temp)p(~beta + Temp) } = 706.02421               
 AICc { Psi(~beta + Temp)Theta(~alpha + Temp)p(~beta + Temp) } = 711.27421               
 BIC { Psi(~beta + Temp)Theta(~alpha + Temp)p(~beta + Temp) } = 712.83718               
 Pearson Chisquare { Psi(~beta + Temp)Theta(~alpha + Temp)p(~beta + Temp) } = 0.1736914E+16           


 LOGIT Link Function Parameters of { Psi(~beta + Temp)Theta(~alpha + Temp)p(~beta + Temp) }
                                                              95% Confidence Interval
    Parameter                  Beta         Standard Error     Lower           Upper
 -------------------------  --------------  --------------  --------------  --------------
    1:Psi:(Intercept)        195.57398       0.0000000       195.57398       195.57398    
    2:Psi:beta               433.86727       46432.398      -90573.635       91441.370    
    3:Psi:Temp              -153.45181       0.0000000      -153.45181      -153.45181    
    4:Theta:(Intercept)      1.7032892       0.9280050      -0.1156006       3.5221790    
    5:Theta:alpha           -0.3391299       0.1636886      -0.6599596      -0.0183002    
    6:Theta:Temp            -0.8181376       0.3185475      -1.4424908      -0.1937845    
    7:p:(Intercept)         -0.6539430       0.2358967      -1.1163005      -0.1915855    
    8:p:beta                -1.5854861       0.9408258      -3.4295048       0.2585326    
    9:p:Temp                 0.2545480       0.1941849      -0.1260544       0.6351504    


   Real Function Parameters of { Psi(~beta + Temp)Theta(~alpha + Temp)p(~beta + Temp) }

      Following estimates based on unstandardized individual covariate values:
          Variable                 Value        
          ----------------------  ------------- 
          BETA                     0.1399832    
          TEMP                    -0.4000000E-07
          ALPHA                    4.5833333    
                                                               95% Confidence Interval
     Parameter                Estimate       Standard Error     Lower           Upper
 --------------------------  --------------  --------------  --------------  --------------
     1:Psi g1 a0 t1           1.0000000       0.0000000       1.0000000       1.0000000       
     2:Theta g1 a0 t1         0.5371673       0.0744226       0.3922722       0.6760458       
     3:p g1 s1 t1             0.2940314       0.0388916       0.2238952       0.3755079       

Program  MARK  - Survival Rate Estimation with Capture-Recapture Data
 gfortran(dble/PIM2) Vers. 11.2 Nov 2025  23-Dec-2025 20:43:23    Page  005
 - - - - - - - - - - - - - - - - - - - - - - - - - - - - - - - - - - - - - -
 

 To compute parameter estimates, CPU Time was 0.001 secs and System Time was 0.015 secs.

 Attempted ordering of parameters by estimatibility:
  7 4 9 6 8 5 1 2 3
 Beta number 3 is a singular value.

 For procedure estimate CPU Time was 0.266 secs and System Time was 0.703 secs.
 INPUT --- proc stop;

 For this job, CPU Time in mins was 0.005 and System Time in mins was 0.014.

     Time Start = 20:43:22.353   Time End = 20:43:23.183

 Wall Clock Time in mins for this job was 0.012.

 Maximum of 73 words used.


          E X E C U T I O N   S U C C E S S F U L
