
 Program  MARK  - Survival Rate Estimation with Capture-Recapture Data
 gfortran(dble/PIM2) Vers. 11.2 Nov 2025  23-Dec-2025 20:19:32    Page  001
  
 - - - - - - - - - - - - - - - - - - - - - - - - - - - - - - - - - - - - - -
 
 Welcome to MARK rcscott on machine LT-501Y0Z2 in subdirectory
   "C:\Users\rcscott\VTADS\Data" running file "mark009.inp".
 This version was compiled by GCC version 15.2.0 using the options: 
  -cpp -iprefix C:/tdm-gcc-64/mingw64-15-2/bin/../lib/gcc/
  x86_64-w64-mingw32/15.2.0/ -D_MT -D_REENTRANT -U_REENTRANT -D
  dbleprecision -m64 -march=x86-64-v3 -mtune=generic -mthreads -O3
  -std=f2023 -fimplicit-none -ffpe-summary=invalid,zero,overflow,underflow
  -fno-unsafe-math-optimizations -fopenmp-simd -fstack-arrays -flto=auto
  -fall-intrinsics -fopenmp

 This problem will use 7 of 8 possible threads.
 Static thread allocation is used.
 INPUT --- proc title ;

 For procedure title CPU Time was 0.001 secs and System Time was 0.001 secs.
 INPUT --- proc chmatrix occasions= 72 groups= 1 etype= MultScalOcc 
 INPUT --- Nodes= 101 icovar = 2  mixtures = 3 ICMeans NoHist hist= 24 
 INPUT --- ;
 INPUT ---    time interval 1 1 1 1 1 1 1 1 1 1 1 1 1 1 1 1 1 1 1 1 1 1 1 
 INPUT ---     1 1 1 1 1 1 1 1 1 1 1 1 1 1 1 1 1 1 1 1 1 1 1 1 1 1 1 1 1 
 INPUT ---    1 1 1 1 1 1 1 1 1 1 1 1 1 1 1 1 1 1 1 ;
 INPUT ---      icovariates Temp alpha ;
 INPUT ---    glabel(1)=Group 1;

      Number of unique encounter histories read was 24.

      Number of individual covariates read was 2.
      Time interval lengths are all equal to 1.

      Data type number is 123
      Data type is Multi-scale occupancy estimation

 For procedure chmatrix CPU Time was 0.001 secs and System Time was 0.001 secs.

Program  MARK  - Survival Rate Estimation with Capture-Recapture Data
 gfortran(dble/PIM2) Vers. 11.2 Nov 2025  23-Dec-2025 20:19:32    Page  002
 - - - - - - - - - - - - - - - - - - - - - - - - - - - - - - - - - - - - - -
 


 INPUT --- proc estimate link=Logit NOLOOP varest=2ndPart    ;
 INPUT --- model={ Psi(~Temp)Theta(~alpha + Temp)p(~Temp) };
 INPUT ---    group=1 Psi    rows=1 cols=1 Square ;
 INPUT ---        1 ;
 INPUT ---    group=1 Theta    rows=1 cols=24 Square ;
 INPUT ---        2 2 2 2 2 2 2 2 2 2 2 2 2 2 2 2 2 2 2 2 2 2 2 2 ;
 INPUT ---    group=1 p  Primary 1  rows=1 cols=3 Square ;
 INPUT ---        3 3 3 ;
 INPUT ---    group=1 p  Primary 2  rows=1 cols=3 Square ;
 INPUT ---        3 3 3 ;
 INPUT ---    group=1 p  Primary 3  rows=1 cols=3 Square ;
 INPUT ---        3 3 3 ;
 INPUT ---    group=1 p  Primary 4  rows=1 cols=3 Square ;
 INPUT ---        3 3 3 ;
 INPUT ---    group=1 p  Primary 5  rows=1 cols=3 Square ;
 INPUT ---        3 3 3 ;
 INPUT ---    group=1 p  Primary 6  rows=1 cols=3 Square ;
 INPUT ---        3 3 3 ;
 INPUT ---    group=1 p  Primary 7  rows=1 cols=3 Square ;
 INPUT ---        3 3 3 ;
 INPUT ---    group=1 p  Primary 8  rows=1 cols=3 Square ;
 INPUT ---        3 3 3 ;
 INPUT ---    group=1 p  Primary 9  rows=1 cols=3 Square ;
 INPUT ---        3 3 3 ;
 INPUT ---    group=1 p  Primary 10  rows=1 cols=3 Square ;
 INPUT ---        3 3 3 ;
 INPUT ---    group=1 p  Primary 11  rows=1 cols=3 Square ;
 INPUT ---        3 3 3 ;
 INPUT ---    group=1 p  Primary 12  rows=1 cols=3 Square ;
 INPUT ---        3 3 3 ;
 INPUT ---    group=1 p  Primary 13  rows=1 cols=3 Square ;
 INPUT ---        3 3 3 ;
 INPUT ---    group=1 p  Primary 14  rows=1 cols=3 Square ;
 INPUT ---        3 3 3 ;
 INPUT ---    group=1 p  Primary 15  rows=1 cols=3 Square ;
 INPUT ---        3 3 3 ;
 INPUT ---    group=1 p  Primary 16  rows=1 cols=3 Square ;
 INPUT ---        3 3 3 ;
 INPUT ---    group=1 p  Primary 17  rows=1 cols=3 Square ;
 INPUT ---        3 3 3 ;
 INPUT ---    group=1 p  Primary 18  rows=1 cols=3 Square ;
 INPUT ---        3 3 3 ;
 INPUT ---    group=1 p  Primary 19  rows=1 cols=3 Square ;
 INPUT ---        3 3 3 ;

Program  MARK  - Survival Rate Estimation with Capture-Recapture Data
 gfortran(dble/PIM2) Vers. 11.2 Nov 2025  23-Dec-2025 20:19:32    Page  003
 - - - - - - - - - - - - - - - - - - - - - - - - - - - - - - - - - - - - - -
 
 INPUT ---    group=1 p  Primary 20  rows=1 cols=3 Square ;
 INPUT ---        3 3 3 ;
 INPUT ---    group=1 p  Primary 21  rows=1 cols=3 Square ;
 INPUT ---        3 3 3 ;
 INPUT ---    group=1 p  Primary 22  rows=1 cols=3 Square ;
 INPUT ---        3 3 3 ;
 INPUT ---    group=1 p  Primary 23  rows=1 cols=3 Square ;
 INPUT ---        3 3 3 ;
 INPUT ---    group=1 p  Primary 24  rows=1 cols=3 Square ;
 INPUT ---        3 3 3 ;
 INPUT ---    design matrix constraints=3 covariates=7;
 INPUT ---        1 Temp 0 0 0 0 0;
 INPUT ---        0 0 1 alpha Temp 0 0;
 INPUT ---        0 0 0 0 0 1 Temp;
 INPUT ---       blabel(1)=Psi:(Intercept);
 INPUT ---       blabel(2)=Psi:Temp;
 INPUT ---       blabel(3)=Theta:(Intercept);
 INPUT ---       blabel(4)=Theta:alpha;
 INPUT ---       blabel(5)=Theta:Temp;
 INPUT ---       blabel(6)=p:(Intercept);
 INPUT ---       blabel(7)=p:Temp;
 INPUT ---       rlabel(1)=Psi g1 a0 t1;
 INPUT ---       rlabel(2)=Theta g1 a0 t1;
 INPUT ---       rlabel(3)=p g1 s1 t1;
   Model is { Psi(~Temp)Theta(~alpha + Temp)p(~Temp) }

 Link Function Used is LOGIT        

 Variance Estimation Procedure Used is 2ndPart 
 -2logL(saturated) = 0.0000000     
 Effective Sample Size = 23

 Number of function evaluations was 33 for 7 parameters.
 For numerical optimization, CPU Time was 0.078 secs and System Time was 0.063 secs.
 -2logL { Psi(~Temp)Theta(~alpha + Temp)p(~Temp) } = 700.08055     
 Penalty { Psi(~Temp)Theta(~alpha + Temp)p(~Temp) } = 0.0000000     
 Gradient { Psi(~Temp)Theta(~alpha + Temp)p(~Temp) }:
   0.0000       0.0000      3.84311E-06  3.11199E-06   0.0000    
  4.09478E-06   0.0000    
 Maximum ABS(G) { Psi(~Temp)Theta(~alpha + Temp)p(~Temp) } =  4.09478E-06
 To compute VC matrix, CPU Time was 0.016 secs and System Time was 0.016 secs.
 S Vector { Psi(~Temp)Theta(~alpha + Temp)p(~Temp) }:
   94.90813      24.29045      13.13926      3.117579     0.6220690    
  0.2400307     0.1128702E-02
 To invert VC matrix, CPU Time was 0.001 secs and System Time was 0.001 secs.
 Ratio Threshold = 50.00 Max Gap (6/7) = 212.7 Next Max Gap (4/5) = 5.012
 Gap Method for Num. of Estimated Parameters { Psi(~Temp)Theta(~alpha + Temp)p(~Temp) } = 6          
 Threshold { Psi(~Temp)Theta(~alpha + Temp)p(~Temp) } = 0.8189563E-05           

Program  MARK  - Survival Rate Estimation with Capture-Recapture Data
 gfortran(dble/PIM2) Vers. 11.2 Nov 2025  23-Dec-2025 20:19:32    Page  004
 - - - - - - - - - - - - - - - - - - - - - - - - - - - - - - - - - - - - - -
 
 Numerical Threshold Method for Num. of Estimated Parameters { Psi(~Temp)Theta(~alpha + Temp)p(~Temp) } = 7          
 Number of Estimated Parameters { Psi(~Temp)Theta(~alpha + Temp)p(~Temp) } = 7          

   * *  WARNING  * *   Number of parameters estimated from gap method (=6) and threshold method (=7) differ.  Inspect full output. 
 Ratios of S Vector { Psi(~Temp)Theta(~alpha + Temp)p(~Temp) }:
   1/2    3.907220       2/3    1.848693       3/4    4.214571       4/5    5.011629       5/6    2.591622    
   6/7    212.6608    
 DEVIANCE { Psi(~Temp)Theta(~alpha + Temp)p(~Temp) } = 700.08055               
 DEVIANCE Degrees of Freedom { Psi(~Temp)Theta(~alpha + Temp)p(~Temp) } = 17          
 c-hat { Psi(~Temp)Theta(~alpha + Temp)p(~Temp) } = 41.181209               
 AIC { Psi(~Temp)Theta(~alpha + Temp)p(~Temp) } = 714.08055               
 AICc { Psi(~Temp)Theta(~alpha + Temp)p(~Temp) } = 721.54721               
 BIC { Psi(~Temp)Theta(~alpha + Temp)p(~Temp) } = 722.02901               
 Pearson Chisquare { Psi(~Temp)Theta(~alpha + Temp)p(~Temp) } = 0.2545326E+16           


       LOGIT Link Function Parameters of { Psi(~Temp)Theta(~alpha + Temp)p(~Temp) }
                                                              95% Confidence Interval
    Parameter                  Beta         Standard Error     Lower           Upper
 -------------------------  --------------  --------------  --------------  --------------
    1:Psi:(Intercept)        10.156729       19.276292      -27.624805       47.938263    
    2:Psi:Temp              -5.9398734       13.931051      -33.244734       21.364987    
    3:Theta:(Intercept)      0.9852157       0.8034921      -0.5896289       2.5600602    
    4:Theta:alpha           -0.2073733       0.1392478      -0.4802989       0.0655524    
    5:Theta:Temp            -0.8199277       0.3553578      -1.5164290      -0.1234263    
    6:p:(Intercept)         -0.8631995       0.1919101      -1.2393434      -0.4870556    
    7:p:Temp                 0.2225208       0.2040113      -0.1773412       0.6223829    


          Real Function Parameters of { Psi(~Temp)Theta(~alpha + Temp)p(~Temp) }

      Following estimates based on unstandardized individual covariate values:
          Variable                 Value        
          ----------------------  ------------- 
          TEMP                    -0.4000000E-07
          ALPHA                    4.5833333    
                                                               95% Confidence Interval
     Parameter                Estimate       Standard Error     Lower           Upper
 --------------------------  --------------  --------------  --------------  --------------
     1:Psi g1 a0 t1           0.9999612       0.7481320E-03   0.1006235E-11   1.0000000       
     2:Theta g1 a0 t1         0.5086878       0.0737611       0.3673258       0.6486741       
     3:p g1 s1 t1             0.2966713       0.0400435       0.2245503       0.3805874       

Program  MARK  - Survival Rate Estimation with Capture-Recapture Data
 gfortran(dble/PIM2) Vers. 11.2 Nov 2025  23-Dec-2025 20:19:32    Page  005
 - - - - - - - - - - - - - - - - - - - - - - - - - - - - - - - - - - - - - -
 

 To compute parameter estimates, CPU Time was 0.016 secs and System Time was 0.015 secs.

 Attempted ordering of parameters by estimatibility:
  6 3 7 5 4 1 2
 Beta number 2 is a singular value.

 For procedure estimate CPU Time was 0.109 secs and System Time was 0.359 secs.
 INPUT --- proc stop;

 For this job, CPU Time in mins was 0.003 and System Time in mins was 0.007.

     Time Start = 20:19:32.046   Time End = 20:19:32.473

 Wall Clock Time in mins for this job was 0.006.

 Maximum of 73 words used.


          E X E C U T I O N   S U C C E S S F U L
