
 Program  MARK  - Survival Rate Estimation with Capture-Recapture Data
 gfortran(dble/PIM2) Vers. 11.2 Nov 2025  23-Dec-2025 20:10:26    Page  001
  
 - - - - - - - - - - - - - - - - - - - - - - - - - - - - - - - - - - - - - -
 
 Welcome to MARK rcscott on machine LT-501Y0Z2 in subdirectory
   "C:\Users\rcscott\VTADS\Data" running file "mark003.inp".
 This version was compiled by GCC version 15.2.0 using the options: 
  -cpp -iprefix C:/tdm-gcc-64/mingw64-15-2/bin/../lib/gcc/
  x86_64-w64-mingw32/15.2.0/ -D_MT -D_REENTRANT -U_REENTRANT -D
  dbleprecision -m64 -march=x86-64-v3 -mtune=generic -mthreads -O3
  -std=f2023 -fimplicit-none -ffpe-summary=invalid,zero,overflow,underflow
  -fno-unsafe-math-optimizations -fopenmp-simd -fstack-arrays -flto=auto
  -fall-intrinsics -fopenmp

 This problem will use 7 of 8 possible threads.
 Static thread allocation is used.
 INPUT --- proc title ;

 For procedure title CPU Time was 0.001 secs and System Time was 0.001 secs.
 INPUT --- proc chmatrix occasions= 72 groups= 1 etype= MultScalOcc 
 INPUT --- Nodes= 101 icovar = 2  mixtures = 3 ICMeans NoHist hist= 24 
 INPUT --- ;
 INPUT ---    time interval 1 1 1 1 1 1 1 1 1 1 1 1 1 1 1 1 1 1 1 1 1 1 1 
 INPUT ---     1 1 1 1 1 1 1 1 1 1 1 1 1 1 1 1 1 1 1 1 1 1 1 1 1 1 1 1 1 
 INPUT ---    1 1 1 1 1 1 1 1 1 1 1 1 1 1 1 1 1 1 1 ;
 INPUT ---      icovariates Temp alpha ;
 INPUT ---    glabel(1)=Group 1;

      Number of unique encounter histories read was 24.

      Number of individual covariates read was 2.
      Time interval lengths are all equal to 1.

      Data type number is 123
      Data type is Multi-scale occupancy estimation

 For procedure chmatrix CPU Time was 0.001 secs and System Time was 0.001 secs.

Program  MARK  - Survival Rate Estimation with Capture-Recapture Data
 gfortran(dble/PIM2) Vers. 11.2 Nov 2025  23-Dec-2025 20:10:26    Page  002
 - - - - - - - - - - - - - - - - - - - - - - - - - - - - - - - - - - - - - -
 


 INPUT --- proc estimate link=Logit NOLOOP varest=2ndPart    ;
 INPUT --- model={ Psi(~Temp)Theta(~Temp)p(~alpha) };
 INPUT ---    group=1 Psi    rows=1 cols=1 Square ;
 INPUT ---        1 ;
 INPUT ---    group=1 Theta    rows=1 cols=24 Square ;
 INPUT ---        2 2 2 2 2 2 2 2 2 2 2 2 2 2 2 2 2 2 2 2 2 2 2 2 ;
 INPUT ---    group=1 p  Primary 1  rows=1 cols=3 Square ;
 INPUT ---        3 3 3 ;
 INPUT ---    group=1 p  Primary 2  rows=1 cols=3 Square ;
 INPUT ---        3 3 3 ;
 INPUT ---    group=1 p  Primary 3  rows=1 cols=3 Square ;
 INPUT ---        3 3 3 ;
 INPUT ---    group=1 p  Primary 4  rows=1 cols=3 Square ;
 INPUT ---        3 3 3 ;
 INPUT ---    group=1 p  Primary 5  rows=1 cols=3 Square ;
 INPUT ---        3 3 3 ;
 INPUT ---    group=1 p  Primary 6  rows=1 cols=3 Square ;
 INPUT ---        3 3 3 ;
 INPUT ---    group=1 p  Primary 7  rows=1 cols=3 Square ;
 INPUT ---        3 3 3 ;
 INPUT ---    group=1 p  Primary 8  rows=1 cols=3 Square ;
 INPUT ---        3 3 3 ;
 INPUT ---    group=1 p  Primary 9  rows=1 cols=3 Square ;
 INPUT ---        3 3 3 ;
 INPUT ---    group=1 p  Primary 10  rows=1 cols=3 Square ;
 INPUT ---        3 3 3 ;
 INPUT ---    group=1 p  Primary 11  rows=1 cols=3 Square ;
 INPUT ---        3 3 3 ;
 INPUT ---    group=1 p  Primary 12  rows=1 cols=3 Square ;
 INPUT ---        3 3 3 ;
 INPUT ---    group=1 p  Primary 13  rows=1 cols=3 Square ;
 INPUT ---        3 3 3 ;
 INPUT ---    group=1 p  Primary 14  rows=1 cols=3 Square ;
 INPUT ---        3 3 3 ;
 INPUT ---    group=1 p  Primary 15  rows=1 cols=3 Square ;
 INPUT ---        3 3 3 ;
 INPUT ---    group=1 p  Primary 16  rows=1 cols=3 Square ;
 INPUT ---        3 3 3 ;
 INPUT ---    group=1 p  Primary 17  rows=1 cols=3 Square ;
 INPUT ---        3 3 3 ;
 INPUT ---    group=1 p  Primary 18  rows=1 cols=3 Square ;
 INPUT ---        3 3 3 ;
 INPUT ---    group=1 p  Primary 19  rows=1 cols=3 Square ;
 INPUT ---        3 3 3 ;

Program  MARK  - Survival Rate Estimation with Capture-Recapture Data
 gfortran(dble/PIM2) Vers. 11.2 Nov 2025  23-Dec-2025 20:10:26    Page  003
 - - - - - - - - - - - - - - - - - - - - - - - - - - - - - - - - - - - - - -
 
 INPUT ---    group=1 p  Primary 20  rows=1 cols=3 Square ;
 INPUT ---        3 3 3 ;
 INPUT ---    group=1 p  Primary 21  rows=1 cols=3 Square ;
 INPUT ---        3 3 3 ;
 INPUT ---    group=1 p  Primary 22  rows=1 cols=3 Square ;
 INPUT ---        3 3 3 ;
 INPUT ---    group=1 p  Primary 23  rows=1 cols=3 Square ;
 INPUT ---        3 3 3 ;
 INPUT ---    group=1 p  Primary 24  rows=1 cols=3 Square ;
 INPUT ---        3 3 3 ;
 INPUT ---    design matrix constraints=3 covariates=6;
 INPUT ---        1 Temp 0 0 0 0;
 INPUT ---        0 0 1 Temp 0 0;
 INPUT ---        0 0 0 0 1 alpha;
 INPUT ---       blabel(1)=Psi:(Intercept);
 INPUT ---       blabel(2)=Psi:Temp;
 INPUT ---       blabel(3)=Theta:(Intercept);
 INPUT ---       blabel(4)=Theta:Temp;
 INPUT ---       blabel(5)=p:(Intercept);
 INPUT ---       blabel(6)=p:alpha;
 INPUT ---       rlabel(1)=Psi g1 a0 t1;
 INPUT ---       rlabel(2)=Theta g1 a0 t1;
 INPUT ---       rlabel(3)=p g1 s1 t1;
   Model is { Psi(~Temp)Theta(~Temp)p(~alpha) }

 Link Function Used is LOGIT        

 Variance Estimation Procedure Used is 2ndPart 
 -2logL(saturated) = 0.0000000     
 Effective Sample Size = 23

 Number of function evaluations was 24 for 6 parameters.
 For numerical optimization, CPU Time was 0.203 secs and System Time was 0.125 secs.
 -2logL { Psi(~Temp)Theta(~Temp)p(~alpha) } = 699.04114     
 Penalty { Psi(~Temp)Theta(~Temp)p(~alpha) } = 0.0000000     
 Gradient { Psi(~Temp)Theta(~Temp)p(~alpha) }:
 -6.87320E-07 -6.96447E-07 -7.05927E-06 -4.21034E-06 -6.59768E-06
 -6.17531E-06
 Maximum ABS(G) { Psi(~Temp)Theta(~Temp)p(~alpha) } =  7.05927E-06
 To compute VC matrix, CPU Time was 0.094 secs and System Time was 0.031 secs.
 S Vector { Psi(~Temp)Theta(~Temp)p(~alpha) }:
   110.7574      15.43097      7.518795      1.221829     0.3927758    
  0.1317671E-02
 To invert VC matrix, CPU Time was 0.001 secs and System Time was 0.001 secs.
 Ratio Threshold = 50.00 Max Gap (5/6) = 298.1 Next Max Gap (1/2) = 7.178
 Gap Method for Num. of Estimated Parameters { Psi(~Temp)Theta(~Temp)p(~alpha) } = 5          
 Threshold { Psi(~Temp)Theta(~Temp)p(~alpha) } = 0.1411854E-04           
 Numerical Threshold Method for Num. of Estimated Parameters { Psi(~Temp)Theta(~Temp)p(~alpha) } = 6          

Program  MARK  - Survival Rate Estimation with Capture-Recapture Data
 gfortran(dble/PIM2) Vers. 11.2 Nov 2025  23-Dec-2025 20:10:26    Page  004
 - - - - - - - - - - - - - - - - - - - - - - - - - - - - - - - - - - - - - -
 
 Number of Estimated Parameters { Psi(~Temp)Theta(~Temp)p(~alpha) } = 6          

   * *  WARNING  * *   Number of parameters estimated from gap method (=5) and threshold method (=6) differ.  Inspect full output. 
 Ratios of S Vector { Psi(~Temp)Theta(~Temp)p(~alpha) }:
   1/2    7.177606       2/3    2.052319       3/4    6.153719       4/5    3.110755       5/6    298.0833    
 DEVIANCE { Psi(~Temp)Theta(~Temp)p(~alpha) } = 699.04114               
 DEVIANCE Degrees of Freedom { Psi(~Temp)Theta(~Temp)p(~alpha) } = 18          
 c-hat { Psi(~Temp)Theta(~Temp)p(~alpha) } = 38.835619               
 AIC { Psi(~Temp)Theta(~Temp)p(~alpha) } = 711.04114               
 AICc { Psi(~Temp)Theta(~Temp)p(~alpha) } = 716.29114               
 BIC { Psi(~Temp)Theta(~Temp)p(~alpha) } = 717.85411               
 Pearson Chisquare { Psi(~Temp)Theta(~Temp)p(~alpha) } = 0.1881530E+16           


          LOGIT Link Function Parameters of { Psi(~Temp)Theta(~Temp)p(~alpha) }
                                                              95% Confidence Interval
    Parameter                  Beta         Standard Error     Lower           Upper
 -------------------------  --------------  --------------  --------------  --------------
    1:Psi:(Intercept)        10.100206       17.809582      -24.806576       45.006988    
    2:Psi:Temp              -6.0900858       12.894845      -31.363982       19.183811    
    3:Theta:(Intercept)     -0.0807623       0.2422613      -0.5555943       0.3940698    
    4:Theta:Temp            -0.4968017       0.2243175      -0.9364642      -0.0571393    
    5:p:(Intercept)          0.1563748       0.5517382      -0.9250320       1.2377816    
    6:p:alpha               -0.2101333       0.1048236      -0.4155876      -0.0046791    


             Real Function Parameters of { Psi(~Temp)Theta(~Temp)p(~alpha) }

      Following estimates based on unstandardized individual covariate values:
          Variable                 Value        
          ----------------------  ------------- 
          TEMP                    -0.4000000E-07
          ALPHA                    4.5833333    
                                                               95% Confidence Interval
     Parameter                Estimate       Standard Error     Lower           Upper
 --------------------------  --------------  --------------  --------------  --------------
     1:Psi g1 a0 t1           0.9999589       0.7313987E-03   0.1685158E-10   1.0000000       
     2:Theta g1 a0 t1         0.4798204       0.0604667       0.3645675       0.5972620       
     3:p g1 s1 t1             0.3085864       0.0399742       0.2361414       0.3918553       

Program  MARK  - Survival Rate Estimation with Capture-Recapture Data
 gfortran(dble/PIM2) Vers. 11.2 Nov 2025  23-Dec-2025 20:10:26    Page  005
 - - - - - - - - - - - - - - - - - - - - - - - - - - - - - - - - - - - - - -
 

 To compute parameter estimates, CPU Time was 0.001 secs and System Time was 0.001 secs.

 Attempted ordering of parameters by estimatibility:
  5 3 4 6 1 2
 Beta number 2 is a singular value.

 For procedure estimate CPU Time was 0.328 secs and System Time was 0.594 secs.
 INPUT --- proc stop;

 For this job, CPU Time in mins was 0.007 and System Time in mins was 0.011.

     Time Start = 20:10:26.291   Time End = 20:10:26.950

 Wall Clock Time in mins for this job was 0.010.

 Maximum of 73 words used.


          E X E C U T I O N   S U C C E S S F U L
