
 Program  MARK  - Survival Rate Estimation with Capture-Recapture Data
 gfortran(dble/PIM2) Vers. 11.2 Nov 2025  23-Dec-2025 20:31:40    Page  001
  
 - - - - - - - - - - - - - - - - - - - - - - - - - - - - - - - - - - - - - -
 
 Welcome to MARK rcscott on machine LT-501Y0Z2 in subdirectory
   "C:\Users\rcscott\VTADS\Data" running file "mark022.inp".
 This version was compiled by GCC version 15.2.0 using the options: 
  -cpp -iprefix C:/tdm-gcc-64/mingw64-15-2/bin/../lib/gcc/
  x86_64-w64-mingw32/15.2.0/ -D_MT -D_REENTRANT -U_REENTRANT -D
  dbleprecision -m64 -march=x86-64-v3 -mtune=generic -mthreads -O3
  -std=f2023 -fimplicit-none -ffpe-summary=invalid,zero,overflow,underflow
  -fno-unsafe-math-optimizations -fopenmp-simd -fstack-arrays -flto=auto
  -fall-intrinsics -fopenmp

 This problem will use 7 of 8 possible threads.
 Static thread allocation is used.
 INPUT --- proc title ;

 For procedure title CPU Time was 0.001 secs and System Time was 0.001 secs.
 INPUT --- proc chmatrix occasions= 72 groups= 1 etype= MultScalOcc 
 INPUT --- Nodes= 101 icovar = 3  mixtures = 3 ICMeans NoHist hist= 24 
 INPUT --- ;
 INPUT ---    time interval 1 1 1 1 1 1 1 1 1 1 1 1 1 1 1 1 1 1 1 1 1 1 1 
 INPUT ---     1 1 1 1 1 1 1 1 1 1 1 1 1 1 1 1 1 1 1 1 1 1 1 1 1 1 1 1 1 
 INPUT ---    1 1 1 1 1 1 1 1 1 1 1 1 1 1 1 1 1 1 1 ;
 INPUT ---      icovariates alpha Temp beta ;
 INPUT ---    glabel(1)=Group 1;

      Number of unique encounter histories read was 24.

      Number of individual covariates read was 3.
      Time interval lengths are all equal to 1.

      Data type number is 123
      Data type is Multi-scale occupancy estimation

 For procedure chmatrix CPU Time was 0.001 secs and System Time was 0.001 secs.

Program  MARK  - Survival Rate Estimation with Capture-Recapture Data
 gfortran(dble/PIM2) Vers. 11.2 Nov 2025  23-Dec-2025 20:31:40    Page  002
 - - - - - - - - - - - - - - - - - - - - - - - - - - - - - - - - - - - - - -
 


 INPUT --- proc estimate link=Logit NOLOOP varest=2ndPart    ;
 INPUT --- model={ Psi(~alpha + Temp)Theta(~beta + Temp)p(~Temp) };
 INPUT ---    group=1 Psi    rows=1 cols=1 Square ;
 INPUT ---        1 ;
 INPUT ---    group=1 Theta    rows=1 cols=24 Square ;
 INPUT ---        2 2 2 2 2 2 2 2 2 2 2 2 2 2 2 2 2 2 2 2 2 2 2 2 ;
 INPUT ---    group=1 p  Primary 1  rows=1 cols=3 Square ;
 INPUT ---        3 3 3 ;
 INPUT ---    group=1 p  Primary 2  rows=1 cols=3 Square ;
 INPUT ---        3 3 3 ;
 INPUT ---    group=1 p  Primary 3  rows=1 cols=3 Square ;
 INPUT ---        3 3 3 ;
 INPUT ---    group=1 p  Primary 4  rows=1 cols=3 Square ;
 INPUT ---        3 3 3 ;
 INPUT ---    group=1 p  Primary 5  rows=1 cols=3 Square ;
 INPUT ---        3 3 3 ;
 INPUT ---    group=1 p  Primary 6  rows=1 cols=3 Square ;
 INPUT ---        3 3 3 ;
 INPUT ---    group=1 p  Primary 7  rows=1 cols=3 Square ;
 INPUT ---        3 3 3 ;
 INPUT ---    group=1 p  Primary 8  rows=1 cols=3 Square ;
 INPUT ---        3 3 3 ;
 INPUT ---    group=1 p  Primary 9  rows=1 cols=3 Square ;
 INPUT ---        3 3 3 ;
 INPUT ---    group=1 p  Primary 10  rows=1 cols=3 Square ;
 INPUT ---        3 3 3 ;
 INPUT ---    group=1 p  Primary 11  rows=1 cols=3 Square ;
 INPUT ---        3 3 3 ;
 INPUT ---    group=1 p  Primary 12  rows=1 cols=3 Square ;
 INPUT ---        3 3 3 ;
 INPUT ---    group=1 p  Primary 13  rows=1 cols=3 Square ;
 INPUT ---        3 3 3 ;
 INPUT ---    group=1 p  Primary 14  rows=1 cols=3 Square ;
 INPUT ---        3 3 3 ;
 INPUT ---    group=1 p  Primary 15  rows=1 cols=3 Square ;
 INPUT ---        3 3 3 ;
 INPUT ---    group=1 p  Primary 16  rows=1 cols=3 Square ;
 INPUT ---        3 3 3 ;
 INPUT ---    group=1 p  Primary 17  rows=1 cols=3 Square ;
 INPUT ---        3 3 3 ;
 INPUT ---    group=1 p  Primary 18  rows=1 cols=3 Square ;
 INPUT ---        3 3 3 ;
 INPUT ---    group=1 p  Primary 19  rows=1 cols=3 Square ;
 INPUT ---        3 3 3 ;

Program  MARK  - Survival Rate Estimation with Capture-Recapture Data
 gfortran(dble/PIM2) Vers. 11.2 Nov 2025  23-Dec-2025 20:31:40    Page  003
 - - - - - - - - - - - - - - - - - - - - - - - - - - - - - - - - - - - - - -
 
 INPUT ---    group=1 p  Primary 20  rows=1 cols=3 Square ;
 INPUT ---        3 3 3 ;
 INPUT ---    group=1 p  Primary 21  rows=1 cols=3 Square ;
 INPUT ---        3 3 3 ;
 INPUT ---    group=1 p  Primary 22  rows=1 cols=3 Square ;
 INPUT ---        3 3 3 ;
 INPUT ---    group=1 p  Primary 23  rows=1 cols=3 Square ;
 INPUT ---        3 3 3 ;
 INPUT ---    group=1 p  Primary 24  rows=1 cols=3 Square ;
 INPUT ---        3 3 3 ;
 INPUT ---    design matrix constraints=3 covariates=8;
 INPUT ---        1 alpha Temp 0 0 0 0 0;
 INPUT ---        0 0 0 1 beta Temp 0 0;
 INPUT ---        0 0 0 0 0 0 1 Temp;
 INPUT ---       blabel(1)=Psi:(Intercept);
 INPUT ---       blabel(2)=Psi:alpha;
 INPUT ---       blabel(3)=Psi:Temp;
 INPUT ---       blabel(4)=Theta:(Intercept);
 INPUT ---       blabel(5)=Theta:beta;
 INPUT ---       blabel(6)=Theta:Temp;
 INPUT ---       blabel(7)=p:(Intercept);
 INPUT ---       blabel(8)=p:Temp;
 INPUT ---       rlabel(1)=Psi g1 a0 t1;
 INPUT ---       rlabel(2)=Theta g1 a0 t1;
 INPUT ---       rlabel(3)=p g1 s1 t1;
   Model is { Psi(~alpha + Temp)Theta(~beta + Temp)p(~Temp) }

 Link Function Used is LOGIT        

 Variance Estimation Procedure Used is 2ndPart 
 -2logL(saturated) = 0.0000000     
 Effective Sample Size = 23

 Number of function evaluations was 57 for 8 parameters.
 For numerical optimization, CPU Time was 0.203 secs and System Time was 0.109 secs.
 -2logL { Psi(~alpha + Temp)Theta(~beta + Temp)p(~Temp) } = 699.20270     
 Penalty { Psi(~alpha + Temp)Theta(~beta + Temp)p(~Temp) } = 0.0000000     
 Gradient { Psi(~alpha + Temp)Theta(~beta + Temp)p(~Temp) }:
 -8.16201E-08 -2.86534E-08 -6.40619E-08  7.43147E-05  1.08577E-05
 -7.68117E-06  2.08266E-05  6.05663E-06
 Maximum ABS(G) { Psi(~alpha + Temp)Theta(~beta + Temp)p(~Temp) } =  7.43147E-05
 To compute VC matrix, CPU Time was 0.062 secs and System Time was 0.016 secs.
 S Vector { Psi(~alpha + Temp)Theta(~beta + Temp)p(~Temp) }:
   84.07794      22.48224      11.33141      2.974159     0.5541221    
  0.8925725E-07 0.1349039E-09 0.7604089E-10
 To invert VC matrix, CPU Time was 0.001 secs and System Time was 0.001 secs.
 Ratio Threshold = 50.00 Max Gap (5/6) = 6.2081E+6 Next Max Gap (6/7) = 661.6
 Gap Method for Num. of Estimated Parameters { Psi(~alpha + Temp)Theta(~beta + Temp)p(~Temp) } = 5          

Program  MARK  - Survival Rate Estimation with Capture-Recapture Data
 gfortran(dble/PIM2) Vers. 11.2 Nov 2025  23-Dec-2025 20:31:40    Page  004
 - - - - - - - - - - - - - - - - - - - - - - - - - - - - - - - - - - - - - -
 
 Threshold { Psi(~alpha + Temp)Theta(~beta + Temp)p(~Temp) } = 0.1486293E-03           
 Numerical Threshold Method for Num. of Estimated Parameters { Psi(~alpha + Temp)Theta(~beta + Temp)p(~Temp) } = 5          
 Number of Estimated Parameters { Psi(~alpha + Temp)Theta(~beta + Temp)p(~Temp) } = 5          
 DEVIANCE { Psi(~alpha + Temp)Theta(~beta + Temp)p(~Temp) } = 699.20270               
 DEVIANCE Degrees of Freedom { Psi(~alpha + Temp)Theta(~beta + Temp)p(~Temp) } = 19          
 c-hat { Psi(~alpha + Temp)Theta(~beta + Temp)p(~Temp) } = 36.800142               
 AIC { Psi(~alpha + Temp)Theta(~beta + Temp)p(~Temp) } = 709.20270               
 AICc { Psi(~alpha + Temp)Theta(~beta + Temp)p(~Temp) } = 712.73211               
 BIC { Psi(~alpha + Temp)Theta(~beta + Temp)p(~Temp) } = 714.88017               
 Pearson Chisquare { Psi(~alpha + Temp)Theta(~beta + Temp)p(~Temp) } = 0.3795185E+16           


   LOGIT Link Function Parameters of { Psi(~alpha + Temp)Theta(~beta + Temp)p(~Temp) }
                                                              95% Confidence Interval
    Parameter                  Beta         Standard Error     Lower           Upper
 -------------------------  --------------  --------------  --------------  --------------
    1:Psi:(Intercept)        840.27054       0.0000000       840.27054       840.27054    
    2:Psi:alpha              37.894977       15404.100      -30154.142       30229.932    
    3:Psi:Temp              -727.97911       0.0000000      -727.97911      -727.97911    
    4:Theta:(Intercept)     -0.0266340       0.3136408      -0.6413700       0.5881021    
    5:Theta:beta            -0.4053383       1.3262972      -3.0048808       2.1942042    
    6:Theta:Temp            -0.6035294       0.3138494      -1.2186742       0.0116154    
    7:p:(Intercept)         -0.8316432       0.1882732      -1.2006587      -0.4626276    
    8:p:Temp                 0.1588639       0.2201089      -0.2725496       0.5902774    


      Real Function Parameters of { Psi(~alpha + Temp)Theta(~beta + Temp)p(~Temp) }

      Following estimates based on unstandardized individual covariate values:
          Variable                 Value        
          ----------------------  ------------- 
          ALPHA                    4.5833333    
          TEMP                    -0.4000000E-07
          BETA                     0.1399832    
                                                               95% Confidence Interval
     Parameter                Estimate       Standard Error     Lower           Upper
 --------------------------  --------------  --------------  --------------  --------------
     1:Psi g1 a0 t1           1.0000000       0.0000000       1.0000000       1.0000000       
     2:Theta g1 a0 t1         0.4791684       0.0632937       0.3588268       0.6019774       
     3:p g1 s1 t1             0.3032977       0.0397837       0.2313581       0.3863627       

Program  MARK  - Survival Rate Estimation with Capture-Recapture Data
 gfortran(dble/PIM2) Vers. 11.2 Nov 2025  23-Dec-2025 20:31:40    Page  005
 - - - - - - - - - - - - - - - - - - - - - - - - - - - - - - - - - - - - - -
 

 To compute parameter estimates, CPU Time was 0.001 secs and System Time was 0.001 secs.

 Attempted ordering of parameters by estimatibility:
  7 4 8 6 5 1 3 2
 Beta number 2 is a singular value.

 For procedure estimate CPU Time was 0.281 secs and System Time was 0.610 secs.
 INPUT --- proc stop;

 For this job, CPU Time in mins was 0.005 and System Time in mins was 0.011.

     Time Start = 20:31:40.298   Time End = 20:31:40.966

 Wall Clock Time in mins for this job was 0.010.

 Maximum of 73 words used.


          E X E C U T I O N   S U C C E S S F U L
