
 Program  MARK  - Survival Rate Estimation with Capture-Recapture Data
 gfortran(dble/PIM2) Vers. 11.2 Nov 2025  23-Dec-2025 20:46:48    Page  001
  
 - - - - - - - - - - - - - - - - - - - - - - - - - - - - - - - - - - - - - -
 
 Welcome to MARK rcscott on machine LT-501Y0Z2 in subdirectory
   "C:\Users\rcscott\VTADS\Data" running file "mark033.inp".
 This version was compiled by GCC version 15.2.0 using the options: 
  -cpp -iprefix C:/tdm-gcc-64/mingw64-15-2/bin/../lib/gcc/
  x86_64-w64-mingw32/15.2.0/ -D_MT -D_REENTRANT -U_REENTRANT -D
  dbleprecision -m64 -march=x86-64-v3 -mtune=generic -mthreads -O3
  -std=f2023 -fimplicit-none -ffpe-summary=invalid,zero,overflow,underflow
  -fno-unsafe-math-optimizations -fopenmp-simd -fstack-arrays -flto=auto
  -fall-intrinsics -fopenmp

 This problem will use 7 of 8 possible threads.
 Static thread allocation is used.
 INPUT --- proc title ;

 For procedure title CPU Time was 0.001 secs and System Time was 0.001 secs.
 INPUT --- proc chmatrix occasions= 72 groups= 1 etype= MultScalOcc 
 INPUT --- Nodes= 101 icovar = 2  mixtures = 3 ICMeans NoHist hist= 24 
 INPUT --- ;
 INPUT ---    time interval 1 1 1 1 1 1 1 1 1 1 1 1 1 1 1 1 1 1 1 1 1 1 1 
 INPUT ---     1 1 1 1 1 1 1 1 1 1 1 1 1 1 1 1 1 1 1 1 1 1 1 1 1 1 1 1 1 
 INPUT ---    1 1 1 1 1 1 1 1 1 1 1 1 1 1 1 1 1 1 1 ;
 INPUT ---      icovariates beta Temp ;
 INPUT ---    glabel(1)=Group 1;

      Number of unique encounter histories read was 24.

      Number of individual covariates read was 2.
      Time interval lengths are all equal to 1.

      Data type number is 123
      Data type is Multi-scale occupancy estimation

 For procedure chmatrix CPU Time was 0.001 secs and System Time was 0.001 secs.

Program  MARK  - Survival Rate Estimation with Capture-Recapture Data
 gfortran(dble/PIM2) Vers. 11.2 Nov 2025  23-Dec-2025 20:46:48    Page  002
 - - - - - - - - - - - - - - - - - - - - - - - - - - - - - - - - - - - - - -
 


 INPUT --- proc estimate link=Logit NOLOOP varest=2ndPart    ;
 INPUT --- model={ Psi(~beta + Temp)Theta(~beta + Temp)p(~beta + Temp) 
 INPUT --- };
 INPUT ---    group=1 Psi    rows=1 cols=1 Square ;
 INPUT ---        1 ;
 INPUT ---    group=1 Theta    rows=1 cols=24 Square ;
 INPUT ---        2 2 2 2 2 2 2 2 2 2 2 2 2 2 2 2 2 2 2 2 2 2 2 2 ;
 INPUT ---    group=1 p  Primary 1  rows=1 cols=3 Square ;
 INPUT ---        3 3 3 ;
 INPUT ---    group=1 p  Primary 2  rows=1 cols=3 Square ;
 INPUT ---        3 3 3 ;
 INPUT ---    group=1 p  Primary 3  rows=1 cols=3 Square ;
 INPUT ---        3 3 3 ;
 INPUT ---    group=1 p  Primary 4  rows=1 cols=3 Square ;
 INPUT ---        3 3 3 ;
 INPUT ---    group=1 p  Primary 5  rows=1 cols=3 Square ;
 INPUT ---        3 3 3 ;
 INPUT ---    group=1 p  Primary 6  rows=1 cols=3 Square ;
 INPUT ---        3 3 3 ;
 INPUT ---    group=1 p  Primary 7  rows=1 cols=3 Square ;
 INPUT ---        3 3 3 ;
 INPUT ---    group=1 p  Primary 8  rows=1 cols=3 Square ;
 INPUT ---        3 3 3 ;
 INPUT ---    group=1 p  Primary 9  rows=1 cols=3 Square ;
 INPUT ---        3 3 3 ;
 INPUT ---    group=1 p  Primary 10  rows=1 cols=3 Square ;
 INPUT ---        3 3 3 ;
 INPUT ---    group=1 p  Primary 11  rows=1 cols=3 Square ;
 INPUT ---        3 3 3 ;
 INPUT ---    group=1 p  Primary 12  rows=1 cols=3 Square ;
 INPUT ---        3 3 3 ;
 INPUT ---    group=1 p  Primary 13  rows=1 cols=3 Square ;
 INPUT ---        3 3 3 ;
 INPUT ---    group=1 p  Primary 14  rows=1 cols=3 Square ;
 INPUT ---        3 3 3 ;
 INPUT ---    group=1 p  Primary 15  rows=1 cols=3 Square ;
 INPUT ---        3 3 3 ;
 INPUT ---    group=1 p  Primary 16  rows=1 cols=3 Square ;
 INPUT ---        3 3 3 ;
 INPUT ---    group=1 p  Primary 17  rows=1 cols=3 Square ;
 INPUT ---        3 3 3 ;
 INPUT ---    group=1 p  Primary 18  rows=1 cols=3 Square ;
 INPUT ---        3 3 3 ;
 INPUT ---    group=1 p  Primary 19  rows=1 cols=3 Square ;

Program  MARK  - Survival Rate Estimation with Capture-Recapture Data
 gfortran(dble/PIM2) Vers. 11.2 Nov 2025  23-Dec-2025 20:46:48    Page  003
 - - - - - - - - - - - - - - - - - - - - - - - - - - - - - - - - - - - - - -
 
 INPUT ---        3 3 3 ;
 INPUT ---    group=1 p  Primary 20  rows=1 cols=3 Square ;
 INPUT ---        3 3 3 ;
 INPUT ---    group=1 p  Primary 21  rows=1 cols=3 Square ;
 INPUT ---        3 3 3 ;
 INPUT ---    group=1 p  Primary 22  rows=1 cols=3 Square ;
 INPUT ---        3 3 3 ;
 INPUT ---    group=1 p  Primary 23  rows=1 cols=3 Square ;
 INPUT ---        3 3 3 ;
 INPUT ---    group=1 p  Primary 24  rows=1 cols=3 Square ;
 INPUT ---        3 3 3 ;
 INPUT ---    design matrix constraints=3 covariates=9;
 INPUT ---        1 beta Temp 0 0 0 0 0 0;
 INPUT ---        0 0 0 1 beta Temp 0 0 0;
 INPUT ---        0 0 0 0 0 0 1 beta Temp;
 INPUT ---       blabel(1)=Psi:(Intercept);
 INPUT ---       blabel(2)=Psi:beta;
 INPUT ---       blabel(3)=Psi:Temp;
 INPUT ---       blabel(4)=Theta:(Intercept);
 INPUT ---       blabel(5)=Theta:beta;
 INPUT ---       blabel(6)=Theta:Temp;
 INPUT ---       blabel(7)=p:(Intercept);
 INPUT ---       blabel(8)=p:beta;
 INPUT ---       blabel(9)=p:Temp;
 INPUT ---       rlabel(1)=Psi g1 a0 t1;
 INPUT ---       rlabel(2)=Theta g1 a0 t1;
 INPUT ---       rlabel(3)=p g1 s1 t1;
   Model is { Psi(~beta + Temp)Theta(~beta + Temp)p(~beta + Temp) }

 Link Function Used is LOGIT        

 Variance Estimation Procedure Used is 2ndPart 
 -2logL(saturated) = 0.0000000     
 Effective Sample Size = 23

 Number of function evaluations was 52 for 9 parameters.
 For numerical optimization, CPU Time was 0.078 secs and System Time was 0.344 secs.
 -2logL { Psi(~beta + Temp)Theta(~beta + Temp)p(~beta + Temp) } = 698.94491     
 Penalty { Psi(~beta + Temp)Theta(~beta + Temp)p(~beta + Temp) } = 0.0000000     
 Gradient { Psi(~beta + Temp)Theta(~beta + Temp)p(~beta + Temp) }:
 -1.71287E-08   0.0000     -1.40154E-08 -2.95744E-04 -2.92760E-05
  1.19294E-04 -4.87262E-05  1.19961E-04 -1.13050E-05
 Maximum ABS(G) { Psi(~beta + Temp)Theta(~beta + Temp)p(~beta + Temp) } =  2.95744E-04
 To compute VC matrix, CPU Time was 0.016 secs and System Time was 0.016 secs.
 S Vector { Psi(~beta + Temp)Theta(~beta + Temp)p(~beta + Temp) }:
   85.33413      22.53741      11.15438      3.183303      1.379086    
  0.1161726     0.1220989E-06 0.2073522E-09 0.4873697E-10
 To invert VC matrix, CPU Time was 0.001 secs and System Time was 0.001 secs.

Program  MARK  - Survival Rate Estimation with Capture-Recapture Data
 gfortran(dble/PIM2) Vers. 11.2 Nov 2025  23-Dec-2025 20:46:48    Page  004
 - - - - - - - - - - - - - - - - - - - - - - - - - - - - - - - - - - - - - -
 
 Ratio Threshold = 50.00 Max Gap (6/7) = 9.5146E+5 Next Max Gap (7/8) = 588.8
 Gap Method for Num. of Estimated Parameters { Psi(~beta + Temp)Theta(~beta + Temp)p(~beta + Temp) } = 6          
 Threshold { Psi(~beta + Temp)Theta(~beta + Temp)p(~beta + Temp) } = 0.5914872E-03           
 Numerical Threshold Method for Num. of Estimated Parameters { Psi(~beta + Temp)Theta(~beta + Temp)p(~beta + Temp) } = 6          
 Number of Estimated Parameters { Psi(~beta + Temp)Theta(~beta + Temp)p(~beta + Temp) } = 6          
 DEVIANCE { Psi(~beta + Temp)Theta(~beta + Temp)p(~beta + Temp) } = 698.94491               
 DEVIANCE Degrees of Freedom { Psi(~beta + Temp)Theta(~beta + Temp)p(~beta + Temp) } = 18          
 c-hat { Psi(~beta + Temp)Theta(~beta + Temp)p(~beta + Temp) } = 38.830273               
 AIC { Psi(~beta + Temp)Theta(~beta + Temp)p(~beta + Temp) } = 710.94491               
 AICc { Psi(~beta + Temp)Theta(~beta + Temp)p(~beta + Temp) } = 716.19491               
 BIC { Psi(~beta + Temp)Theta(~beta + Temp)p(~beta + Temp) } = 717.75788               
 Pearson Chisquare { Psi(~beta + Temp)Theta(~beta + Temp)p(~beta + Temp) } = 0.3641755E+16           


 LOGIT Link Function Parameters of { Psi(~beta + Temp)Theta(~beta + Temp)p(~beta + Temp) }
                                                              95% Confidence Interval
    Parameter                  Beta         Standard Error     Lower           Upper
 -------------------------  --------------  --------------  --------------  --------------
    1:Psi:(Intercept)        444.41638       0.0000000       444.41638       444.41638    
    2:Psi:beta               578.88598       49066.852      -95592.146       96749.918    
    3:Psi:Temp              -332.41518       0.0000000      -332.41518      -332.41518    
    4:Theta:(Intercept)     -0.1350824       0.3813462      -0.8825210       0.6123562    
    5:Theta:beta             0.5636157       2.5498560      -4.4341021       5.5613336    
    6:Theta:Temp            -0.6793814       0.3372923      -1.3404743      -0.0182884    
    7:p:(Intercept)         -0.7223451       0.2790848      -1.2693513      -0.1753390    
    8:p:beta                -0.8443736       1.6217974      -4.0230967       2.3343494    
    9:p:Temp                 0.2139629       0.2236160      -0.2243245       0.6522504    


   Real Function Parameters of { Psi(~beta + Temp)Theta(~beta + Temp)p(~beta + Temp) }

      Following estimates based on unstandardized individual covariate values:
          Variable                 Value        
          ----------------------  ------------- 
          BETA                     0.1399832    
          TEMP                    -0.4000000E-07
                                                               95% Confidence Interval
     Parameter                Estimate       Standard Error     Lower           Upper
 --------------------------  --------------  --------------  --------------  --------------
     1:Psi g1 a0 t1           1.0000000       0.0000000       1.0000000       1.0000000       
     2:Theta g1 a0 t1         0.4859573       0.0675921       0.3574322       0.6163667       
     3:p g1 s1 t1             0.3014204       0.0401830       0.2288923       0.3854427       

Program  MARK  - Survival Rate Estimation with Capture-Recapture Data
 gfortran(dble/PIM2) Vers. 11.2 Nov 2025  23-Dec-2025 20:46:48    Page  005
 - - - - - - - - - - - - - - - - - - - - - - - - - - - - - - - - - - - - - -
 

 To compute parameter estimates, CPU Time was 0.016 secs and System Time was 0.001 secs.

 Attempted ordering of parameters by estimatibility:
  7 9 4 6 8 5 1 2 3
 Beta number 3 is a singular value.

 For procedure estimate CPU Time was 0.156 secs and System Time was 0.563 secs.
 INPUT --- proc stop;

 For this job, CPU Time in mins was 0.003 and System Time in mins was 0.010.

     Time Start = 20:46:48.258   Time End = 20:46:48.844

 Wall Clock Time in mins for this job was 0.010.

 Maximum of 73 words used.


          E X E C U T I O N   S U C C E S S F U L
