
 Program  MARK  - Survival Rate Estimation with Capture-Recapture Data
 gfortran(dble/PIM2) Vers. 11.2 Nov 2025  23-Dec-2025 20:29:42    Page  001
  
 - - - - - - - - - - - - - - - - - - - - - - - - - - - - - - - - - - - - - -
 
 Welcome to MARK rcscott on machine LT-501Y0Z2 in subdirectory
   "C:\Users\rcscott\VTADS\Data" running file "mark020.inp".
 This version was compiled by GCC version 15.2.0 using the options: 
  -cpp -iprefix C:/tdm-gcc-64/mingw64-15-2/bin/../lib/gcc/
  x86_64-w64-mingw32/15.2.0/ -D_MT -D_REENTRANT -U_REENTRANT -D
  dbleprecision -m64 -march=x86-64-v3 -mtune=generic -mthreads -O3
  -std=f2023 -fimplicit-none -ffpe-summary=invalid,zero,overflow,underflow
  -fno-unsafe-math-optimizations -fopenmp-simd -fstack-arrays -flto=auto
  -fall-intrinsics -fopenmp

 This problem will use 7 of 8 possible threads.
 Static thread allocation is used.
 INPUT --- proc title ;

 For procedure title CPU Time was 0.001 secs and System Time was 0.001 secs.
 INPUT --- proc chmatrix occasions= 72 groups= 1 etype= MultScalOcc 
 INPUT --- Nodes= 101 icovar = 2  mixtures = 3 ICMeans NoHist hist= 24 
 INPUT --- ;
 INPUT ---    time interval 1 1 1 1 1 1 1 1 1 1 1 1 1 1 1 1 1 1 1 1 1 1 1 
 INPUT ---     1 1 1 1 1 1 1 1 1 1 1 1 1 1 1 1 1 1 1 1 1 1 1 1 1 1 1 1 1 
 INPUT ---    1 1 1 1 1 1 1 1 1 1 1 1 1 1 1 1 1 1 1 ;
 INPUT ---      icovariates alpha Temp ;
 INPUT ---    glabel(1)=Group 1;

      Number of unique encounter histories read was 24.

      Number of individual covariates read was 2.
      Time interval lengths are all equal to 1.

      Data type number is 123
      Data type is Multi-scale occupancy estimation

 For procedure chmatrix CPU Time was 0.001 secs and System Time was 0.001 secs.

Program  MARK  - Survival Rate Estimation with Capture-Recapture Data
 gfortran(dble/PIM2) Vers. 11.2 Nov 2025  23-Dec-2025 20:29:42    Page  002
 - - - - - - - - - - - - - - - - - - - - - - - - - - - - - - - - - - - - - -
 


 INPUT --- proc estimate link=Logit NOLOOP varest=2ndPart    ;
 INPUT --- model={ Psi(~alpha + Temp)Theta(~alpha + Temp)p(~alpha + 
 INPUT --- Temp) };
 INPUT ---    group=1 Psi    rows=1 cols=1 Square ;
 INPUT ---        1 ;
 INPUT ---    group=1 Theta    rows=1 cols=24 Square ;
 INPUT ---        2 2 2 2 2 2 2 2 2 2 2 2 2 2 2 2 2 2 2 2 2 2 2 2 ;
 INPUT ---    group=1 p  Primary 1  rows=1 cols=3 Square ;
 INPUT ---        3 3 3 ;
 INPUT ---    group=1 p  Primary 2  rows=1 cols=3 Square ;
 INPUT ---        3 3 3 ;
 INPUT ---    group=1 p  Primary 3  rows=1 cols=3 Square ;
 INPUT ---        3 3 3 ;
 INPUT ---    group=1 p  Primary 4  rows=1 cols=3 Square ;
 INPUT ---        3 3 3 ;
 INPUT ---    group=1 p  Primary 5  rows=1 cols=3 Square ;
 INPUT ---        3 3 3 ;
 INPUT ---    group=1 p  Primary 6  rows=1 cols=3 Square ;
 INPUT ---        3 3 3 ;
 INPUT ---    group=1 p  Primary 7  rows=1 cols=3 Square ;
 INPUT ---        3 3 3 ;
 INPUT ---    group=1 p  Primary 8  rows=1 cols=3 Square ;
 INPUT ---        3 3 3 ;
 INPUT ---    group=1 p  Primary 9  rows=1 cols=3 Square ;
 INPUT ---        3 3 3 ;
 INPUT ---    group=1 p  Primary 10  rows=1 cols=3 Square ;
 INPUT ---        3 3 3 ;
 INPUT ---    group=1 p  Primary 11  rows=1 cols=3 Square ;
 INPUT ---        3 3 3 ;
 INPUT ---    group=1 p  Primary 12  rows=1 cols=3 Square ;
 INPUT ---        3 3 3 ;
 INPUT ---    group=1 p  Primary 13  rows=1 cols=3 Square ;
 INPUT ---        3 3 3 ;
 INPUT ---    group=1 p  Primary 14  rows=1 cols=3 Square ;
 INPUT ---        3 3 3 ;
 INPUT ---    group=1 p  Primary 15  rows=1 cols=3 Square ;
 INPUT ---        3 3 3 ;
 INPUT ---    group=1 p  Primary 16  rows=1 cols=3 Square ;
 INPUT ---        3 3 3 ;
 INPUT ---    group=1 p  Primary 17  rows=1 cols=3 Square ;
 INPUT ---        3 3 3 ;
 INPUT ---    group=1 p  Primary 18  rows=1 cols=3 Square ;
 INPUT ---        3 3 3 ;
 INPUT ---    group=1 p  Primary 19  rows=1 cols=3 Square ;

Program  MARK  - Survival Rate Estimation with Capture-Recapture Data
 gfortran(dble/PIM2) Vers. 11.2 Nov 2025  23-Dec-2025 20:29:42    Page  003
 - - - - - - - - - - - - - - - - - - - - - - - - - - - - - - - - - - - - - -
 
 INPUT ---        3 3 3 ;
 INPUT ---    group=1 p  Primary 20  rows=1 cols=3 Square ;
 INPUT ---        3 3 3 ;
 INPUT ---    group=1 p  Primary 21  rows=1 cols=3 Square ;
 INPUT ---        3 3 3 ;
 INPUT ---    group=1 p  Primary 22  rows=1 cols=3 Square ;
 INPUT ---        3 3 3 ;
 INPUT ---    group=1 p  Primary 23  rows=1 cols=3 Square ;
 INPUT ---        3 3 3 ;
 INPUT ---    group=1 p  Primary 24  rows=1 cols=3 Square ;
 INPUT ---        3 3 3 ;
 INPUT ---    design matrix constraints=3 covariates=9;
 INPUT ---        1 alpha Temp 0 0 0 0 0 0;
 INPUT ---        0 0 0 1 alpha Temp 0 0 0;
 INPUT ---        0 0 0 0 0 0 1 alpha Temp;
 INPUT ---       blabel(1)=Psi:(Intercept);
 INPUT ---       blabel(2)=Psi:alpha;
 INPUT ---       blabel(3)=Psi:Temp;
 INPUT ---       blabel(4)=Theta:(Intercept);
 INPUT ---       blabel(5)=Theta:alpha;
 INPUT ---       blabel(6)=Theta:Temp;
 INPUT ---       blabel(7)=p:(Intercept);
 INPUT ---       blabel(8)=p:alpha;
 INPUT ---       blabel(9)=p:Temp;
 INPUT ---       rlabel(1)=Psi g1 a0 t1;
 INPUT ---       rlabel(2)=Theta g1 a0 t1;
 INPUT ---       rlabel(3)=p g1 s1 t1;
   Model is { Psi(~alpha + Temp)Theta(~alpha + Temp)p(~alpha + Temp) }

 Link Function Used is LOGIT        

 Variance Estimation Procedure Used is 2ndPart 
 -2logL(saturated) = 0.0000000     
 Effective Sample Size = 23

 Number of function evaluations was 51 for 9 parameters.
 For numerical optimization, CPU Time was 0.094 secs and System Time was 0.093 secs.
 -2logL { Psi(~alpha + Temp)Theta(~alpha + Temp)p(~alpha + Temp) } = 691.86210     
 Penalty { Psi(~alpha + Temp)Theta(~alpha + Temp)p(~alpha + Temp) } = 0.0000000     
 Gradient { Psi(~alpha + Temp)Theta(~alpha + Temp)p(~alpha + Temp) }:
   0.0000       0.0000       0.0000      5.47894E-06  3.53612E-06
  5.70078E-06  6.78679E-06  5.17447E-06  4.46852E-06
 Maximum ABS(G) { Psi(~alpha + Temp)Theta(~alpha + Temp)p(~alpha + Temp) } =  6.78679E-06
 To compute VC matrix, CPU Time was 0.031 secs and System Time was 0.110 secs.
 S Vector { Psi(~alpha + Temp)Theta(~alpha + Temp)p(~alpha + Temp) }:
   125.0316      19.60834      15.32209      3.370543      1.417531    
  0.2148583     0.7798890E-10 0.9971119E-11 0.1435168E-11
 To invert VC matrix, CPU Time was 0.001 secs and System Time was 0.001 secs.

Program  MARK  - Survival Rate Estimation with Capture-Recapture Data
 gfortran(dble/PIM2) Vers. 11.2 Nov 2025  23-Dec-2025 20:29:42    Page  004
 - - - - - - - - - - - - - - - - - - - - - - - - - - - - - - - - - - - - - -
 
 Ratio Threshold = 50.00 Max Gap (6/7) = 2.7550E+9 Next Max Gap (7/8) = 7.821
 Gap Method for Num. of Estimated Parameters { Psi(~alpha + Temp)Theta(~alpha + Temp)p(~alpha + Temp) } = 6          
 Threshold { Psi(~alpha + Temp)Theta(~alpha + Temp)p(~alpha + Temp) } = 0.1357359E-04           
 Numerical Threshold Method for Num. of Estimated Parameters { Psi(~alpha + Temp)Theta(~alpha + Temp)p(~alpha + Temp) } = 6          
 Number of Estimated Parameters { Psi(~alpha + Temp)Theta(~alpha + Temp)p(~alpha + Temp) } = 6          
 DEVIANCE { Psi(~alpha + Temp)Theta(~alpha + Temp)p(~alpha + Temp) } = 691.86210               
 DEVIANCE Degrees of Freedom { Psi(~alpha + Temp)Theta(~alpha + Temp)p(~alpha + Temp) } = 18          
 c-hat { Psi(~alpha + Temp)Theta(~alpha + Temp)p(~alpha + Temp) } = 38.436783               
 AIC { Psi(~alpha + Temp)Theta(~alpha + Temp)p(~alpha + Temp) } = 703.86210               
 AICc { Psi(~alpha + Temp)Theta(~alpha + Temp)p(~alpha + Temp) } = 709.11210               
 BIC { Psi(~alpha + Temp)Theta(~alpha + Temp)p(~alpha + Temp) } = 710.67506               
 Pearson Chisquare { Psi(~alpha + Temp)Theta(~alpha + Temp)p(~alpha + Temp) } = 0.1454091E+16           


 LOGIT Link Function Parameters of { Psi(~alpha + Temp)Theta(~alpha + Temp)p(~alpha + Temp) }
                                                              95% Confidence Interval
    Parameter                  Beta         Standard Error     Lower           Upper
 -------------------------  --------------  --------------  --------------  --------------
    1:Psi:(Intercept)        1536.6401       546445.38      -1069496.3       1072569.6    
    2:Psi:alpha              91.670699       42006.336      -82240.750       82424.092    
    3:Psi:Temp              -1388.3384       398750.19      -782938.72       780162.04    
    4:Theta:(Intercept)     -1.7849890       0.9193722      -3.5869585       0.0169806    
    5:Theta:alpha            0.4735894       0.2664894      -0.0487297       0.9959086    
    6:Theta:Temp             0.2069681       0.4012105      -0.5794045       0.9933406    
    7:p:(Intercept)          1.2483060       0.5425947       0.1848204       2.3117916    
    8:p:alpha               -0.4890413       0.1125655      -0.7096697      -0.2684129    
    9:p:Temp                -0.4327493       0.2030864      -0.8307987      -0.0346998    


  Real Function Parameters of { Psi(~alpha + Temp)Theta(~alpha + Temp)p(~alpha + Temp) }

      Following estimates based on unstandardized individual covariate values:
          Variable                 Value        
          ----------------------  ------------- 
          ALPHA                    4.5833333    
          TEMP                    -0.4000000E-07
                                                               95% Confidence Interval
     Parameter                Estimate       Standard Error     Lower           Upper
 --------------------------  --------------  --------------  --------------  --------------
     1:Psi g1 a0 t1           1.0000000       0.0000000       1.0000000       1.0000000       
     2:Theta g1 a0 t1         0.5952301       0.1060741       0.3828913       0.7770492       
     3:p g1 s1 t1             0.2702937       0.0410385       0.1976656       0.3577099       

Program  MARK  - Survival Rate Estimation with Capture-Recapture Data
 gfortran(dble/PIM2) Vers. 11.2 Nov 2025  23-Dec-2025 20:29:43    Page  005
 - - - - - - - - - - - - - - - - - - - - - - - - - - - - - - - - - - - - - -
 

 To compute parameter estimates, CPU Time was 0.001 secs and System Time was 0.015 secs.

 Attempted ordering of parameters by estimatibility:
  7 9 4 6 8 5 1 2 3
 Beta number 3 is a singular value.

 For procedure estimate CPU Time was 0.141 secs and System Time was 0.531 secs.
 INPUT --- proc stop;

 For this job, CPU Time in mins was 0.003 and System Time in mins was 0.010.

     Time Start = 20:29:42.432   Time End = 20:29:43.009

 Wall Clock Time in mins for this job was 0.009.

 Maximum of 73 words used.


          E X E C U T I O N   S U C C E S S F U L
