
 Program  MARK  - Survival Rate Estimation with Capture-Recapture Data
 gfortran(dble/PIM2) Vers. 11.2 Nov 2025  23-Dec-2025 20:30:51    Page  001
  
 - - - - - - - - - - - - - - - - - - - - - - - - - - - - - - - - - - - - - -
 
 Welcome to MARK rcscott on machine LT-501Y0Z2 in subdirectory
   "C:\Users\rcscott\VTADS\Data" running file "mark021.inp".
 This version was compiled by GCC version 15.2.0 using the options: 
  -cpp -iprefix C:/tdm-gcc-64/mingw64-15-2/bin/../lib/gcc/
  x86_64-w64-mingw32/15.2.0/ -D_MT -D_REENTRANT -U_REENTRANT -D
  dbleprecision -m64 -march=x86-64-v3 -mtune=generic -mthreads -O3
  -std=f2023 -fimplicit-none -ffpe-summary=invalid,zero,overflow,underflow
  -fno-unsafe-math-optimizations -fopenmp-simd -fstack-arrays -flto=auto
  -fall-intrinsics -fopenmp

 This problem will use 7 of 8 possible threads.
 Static thread allocation is used.
 INPUT --- proc title ;

 For procedure title CPU Time was 0.001 secs and System Time was 0.001 secs.
 INPUT --- proc chmatrix occasions= 72 groups= 1 etype= MultScalOcc 
 INPUT --- Nodes= 101 icovar = 3  mixtures = 3 ICMeans NoHist hist= 24 
 INPUT --- ;
 INPUT ---    time interval 1 1 1 1 1 1 1 1 1 1 1 1 1 1 1 1 1 1 1 1 1 1 1 
 INPUT ---     1 1 1 1 1 1 1 1 1 1 1 1 1 1 1 1 1 1 1 1 1 1 1 1 1 1 1 1 1 
 INPUT ---    1 1 1 1 1 1 1 1 1 1 1 1 1 1 1 1 1 1 1 ;
 INPUT ---      icovariates alpha Temp beta ;
 INPUT ---    glabel(1)=Group 1;

      Number of unique encounter histories read was 24.

      Number of individual covariates read was 3.
      Time interval lengths are all equal to 1.

      Data type number is 123
      Data type is Multi-scale occupancy estimation

 For procedure chmatrix CPU Time was 0.016 secs and System Time was 0.001 secs.

Program  MARK  - Survival Rate Estimation with Capture-Recapture Data
 gfortran(dble/PIM2) Vers. 11.2 Nov 2025  23-Dec-2025 20:30:51    Page  002
 - - - - - - - - - - - - - - - - - - - - - - - - - - - - - - - - - - - - - -
 


 INPUT --- proc estimate link=Logit NOLOOP varest=2ndPart    ;
 INPUT --- model={ Psi(~alpha + Temp)Theta(~alpha + Temp)p(~beta + 
 INPUT --- Temp) };
 INPUT ---    group=1 Psi    rows=1 cols=1 Square ;
 INPUT ---        1 ;
 INPUT ---    group=1 Theta    rows=1 cols=24 Square ;
 INPUT ---        2 2 2 2 2 2 2 2 2 2 2 2 2 2 2 2 2 2 2 2 2 2 2 2 ;
 INPUT ---    group=1 p  Primary 1  rows=1 cols=3 Square ;
 INPUT ---        3 3 3 ;
 INPUT ---    group=1 p  Primary 2  rows=1 cols=3 Square ;
 INPUT ---        3 3 3 ;
 INPUT ---    group=1 p  Primary 3  rows=1 cols=3 Square ;
 INPUT ---        3 3 3 ;
 INPUT ---    group=1 p  Primary 4  rows=1 cols=3 Square ;
 INPUT ---        3 3 3 ;
 INPUT ---    group=1 p  Primary 5  rows=1 cols=3 Square ;
 INPUT ---        3 3 3 ;
 INPUT ---    group=1 p  Primary 6  rows=1 cols=3 Square ;
 INPUT ---        3 3 3 ;
 INPUT ---    group=1 p  Primary 7  rows=1 cols=3 Square ;
 INPUT ---        3 3 3 ;
 INPUT ---    group=1 p  Primary 8  rows=1 cols=3 Square ;
 INPUT ---        3 3 3 ;
 INPUT ---    group=1 p  Primary 9  rows=1 cols=3 Square ;
 INPUT ---        3 3 3 ;
 INPUT ---    group=1 p  Primary 10  rows=1 cols=3 Square ;
 INPUT ---        3 3 3 ;
 INPUT ---    group=1 p  Primary 11  rows=1 cols=3 Square ;
 INPUT ---        3 3 3 ;
 INPUT ---    group=1 p  Primary 12  rows=1 cols=3 Square ;
 INPUT ---        3 3 3 ;
 INPUT ---    group=1 p  Primary 13  rows=1 cols=3 Square ;
 INPUT ---        3 3 3 ;
 INPUT ---    group=1 p  Primary 14  rows=1 cols=3 Square ;
 INPUT ---        3 3 3 ;
 INPUT ---    group=1 p  Primary 15  rows=1 cols=3 Square ;
 INPUT ---        3 3 3 ;
 INPUT ---    group=1 p  Primary 16  rows=1 cols=3 Square ;
 INPUT ---        3 3 3 ;
 INPUT ---    group=1 p  Primary 17  rows=1 cols=3 Square ;
 INPUT ---        3 3 3 ;
 INPUT ---    group=1 p  Primary 18  rows=1 cols=3 Square ;
 INPUT ---        3 3 3 ;
 INPUT ---    group=1 p  Primary 19  rows=1 cols=3 Square ;

Program  MARK  - Survival Rate Estimation with Capture-Recapture Data
 gfortran(dble/PIM2) Vers. 11.2 Nov 2025  23-Dec-2025 20:30:51    Page  003
 - - - - - - - - - - - - - - - - - - - - - - - - - - - - - - - - - - - - - -
 
 INPUT ---        3 3 3 ;
 INPUT ---    group=1 p  Primary 20  rows=1 cols=3 Square ;
 INPUT ---        3 3 3 ;
 INPUT ---    group=1 p  Primary 21  rows=1 cols=3 Square ;
 INPUT ---        3 3 3 ;
 INPUT ---    group=1 p  Primary 22  rows=1 cols=3 Square ;
 INPUT ---        3 3 3 ;
 INPUT ---    group=1 p  Primary 23  rows=1 cols=3 Square ;
 INPUT ---        3 3 3 ;
 INPUT ---    group=1 p  Primary 24  rows=1 cols=3 Square ;
 INPUT ---        3 3 3 ;
 INPUT ---    design matrix constraints=3 covariates=9;
 INPUT ---        1 alpha Temp 0 0 0 0 0 0;
 INPUT ---        0 0 0 1 alpha Temp 0 0 0;
 INPUT ---        0 0 0 0 0 0 1 beta Temp;
 INPUT ---       blabel(1)=Psi:(Intercept);
 INPUT ---       blabel(2)=Psi:alpha;
 INPUT ---       blabel(3)=Psi:Temp;
 INPUT ---       blabel(4)=Theta:(Intercept);
 INPUT ---       blabel(5)=Theta:alpha;
 INPUT ---       blabel(6)=Theta:Temp;
 INPUT ---       blabel(7)=p:(Intercept);
 INPUT ---       blabel(8)=p:beta;
 INPUT ---       blabel(9)=p:Temp;
 INPUT ---       rlabel(1)=Psi g1 a0 t1;
 INPUT ---       rlabel(2)=Theta g1 a0 t1;
 INPUT ---       rlabel(3)=p g1 s1 t1;
   Model is { Psi(~alpha + Temp)Theta(~alpha + Temp)p(~beta + Temp) }

 Link Function Used is LOGIT        

 Variance Estimation Procedure Used is 2ndPart 
 -2logL(saturated) = 0.0000000     
 Effective Sample Size = 23

 Number of function evaluations was 51 for 9 parameters.
 For numerical optimization, CPU Time was 0.156 secs and System Time was 0.094 secs.
 -2logL { Psi(~alpha + Temp)Theta(~alpha + Temp)p(~beta + Temp) } = 694.02421     
 Penalty { Psi(~alpha + Temp)Theta(~alpha + Temp)p(~beta + Temp) } = 0.0000000     
 Gradient { Psi(~alpha + Temp)Theta(~alpha + Temp)p(~beta + Temp) }:
 -1.28732E-07 -1.04219E-07 -1.13599E-07 -2.82214E-06 -2.26122E-06
   0.0000       0.0000       0.0000       0.0000    
 Maximum ABS(G) { Psi(~alpha + Temp)Theta(~alpha + Temp)p(~beta + Temp) } =  2.82214E-06
 To compute VC matrix, CPU Time was 0.109 secs and System Time was 0.110 secs.
 S Vector { Psi(~alpha + Temp)Theta(~alpha + Temp)p(~beta + Temp) }:
   95.66791      23.82725      14.45750      3.416095      1.309446    
  0.4331124     0.2540970E-06 0.3882888E-08 0.3174346E-09
 To invert VC matrix, CPU Time was 0.001 secs and System Time was 0.001 secs.

Program  MARK  - Survival Rate Estimation with Capture-Recapture Data
 gfortran(dble/PIM2) Vers. 11.2 Nov 2025  23-Dec-2025 20:30:51    Page  004
 - - - - - - - - - - - - - - - - - - - - - - - - - - - - - - - - - - - - - -
 
 Ratio Threshold = 50.00 Max Gap (6/7) = 1.7045E+6 Next Max Gap (7/8) = 65.44
 Gap Method for Num. of Estimated Parameters { Psi(~alpha + Temp)Theta(~alpha + Temp)p(~beta + Temp) } = 6          
 Threshold { Psi(~alpha + Temp)Theta(~alpha + Temp)p(~beta + Temp) } = 0.5644285E-05           
 Numerical Threshold Method for Num. of Estimated Parameters { Psi(~alpha + Temp)Theta(~alpha + Temp)p(~beta + Temp) } = 6          
 Number of Estimated Parameters { Psi(~alpha + Temp)Theta(~alpha + Temp)p(~beta + Temp) } = 6          
 DEVIANCE { Psi(~alpha + Temp)Theta(~alpha + Temp)p(~beta + Temp) } = 694.02421               
 DEVIANCE Degrees of Freedom { Psi(~alpha + Temp)Theta(~alpha + Temp)p(~beta + Temp) } = 18          
 c-hat { Psi(~alpha + Temp)Theta(~alpha + Temp)p(~beta + Temp) } = 38.556901               
 AIC { Psi(~alpha + Temp)Theta(~alpha + Temp)p(~beta + Temp) } = 706.02421               
 AICc { Psi(~alpha + Temp)Theta(~alpha + Temp)p(~beta + Temp) } = 711.27421               
 BIC { Psi(~alpha + Temp)Theta(~alpha + Temp)p(~beta + Temp) } = 712.83718               
 Pearson Chisquare { Psi(~alpha + Temp)Theta(~alpha + Temp)p(~beta + Temp) } = 0.1736895E+16           


 LOGIT Link Function Parameters of { Psi(~alpha + Temp)Theta(~alpha + Temp)p(~beta + Temp) }
                                                              95% Confidence Interval
    Parameter                  Beta         Standard Error     Lower           Upper
 -------------------------  --------------  --------------  --------------  --------------
    1:Psi:(Intercept)        769.45368       0.0000000       769.45368       769.45368    
    2:Psi:alpha              31.230848       1552.0824      -3010.8506       3073.3123    
    3:Psi:Temp              -656.78470       0.0000000      -656.78470      -656.78470    
    4:Theta:(Intercept)      1.7034051       0.9280335      -0.1155407       3.5223508    
    5:Theta:alpha           -0.3391463       0.1636923      -0.6599833      -0.0183093    
    6:Theta:Temp            -0.8181622       0.3185552      -1.4425304      -0.1937940    
    7:p:(Intercept)         -0.6539595       0.2358987      -1.1163209      -0.1915981    
    8:p:beta                -1.5854694       0.9408144      -3.4294658       0.2585269    
    9:p:Temp                 0.2545488       0.1941844      -0.1260526       0.6351502    


  Real Function Parameters of { Psi(~alpha + Temp)Theta(~alpha + Temp)p(~beta + Temp) }

      Following estimates based on unstandardized individual covariate values:
          Variable                 Value        
          ----------------------  ------------- 
          ALPHA                    4.5833333    
          TEMP                    -0.4000000E-07
          BETA                     0.1399832    
                                                               95% Confidence Interval
     Parameter                Estimate       Standard Error     Lower           Upper
 --------------------------  --------------  --------------  --------------  --------------
     1:Psi g1 a0 t1           1.0000000       0.0000000       1.0000000       1.0000000       
     2:Theta g1 a0 t1         0.5371774       0.0744255       0.3922761       0.6760601       
     3:p g1 s1 t1             0.2940284       0.0388920       0.2238917       0.3755059       

Program  MARK  - Survival Rate Estimation with Capture-Recapture Data
 gfortran(dble/PIM2) Vers. 11.2 Nov 2025  23-Dec-2025 20:30:51    Page  005
 - - - - - - - - - - - - - - - - - - - - - - - - - - - - - - - - - - - - - -
 

 To compute parameter estimates, CPU Time was 0.001 secs and System Time was 0.015 secs.

 Attempted ordering of parameters by estimatibility:
  7 4 9 6 8 5 1 2 3
 Beta number 3 is a singular value.

 For procedure estimate CPU Time was 0.266 secs and System Time was 0.375 secs.
 INPUT --- proc stop;

 For this job, CPU Time in mins was 0.005 and System Time in mins was 0.007.

     Time Start = 20:30:51.183   Time End = 20:30:51.595

 Wall Clock Time in mins for this job was 0.006.

 Maximum of 73 words used.


          E X E C U T I O N   S U C C E S S F U L
