
 Program  MARK  - Survival Rate Estimation with Capture-Recapture Data
 gfortran(dble/PIM2) Vers. 11.2 Nov 2025  23-Dec-2025 20:22:28    Page  001
  
 - - - - - - - - - - - - - - - - - - - - - - - - - - - - - - - - - - - - - -
 
 Welcome to MARK rcscott on machine LT-501Y0Z2 in subdirectory
   "C:\Users\rcscott\VTADS\Data" running file "mark012.inp".
 This version was compiled by GCC version 15.2.0 using the options: 
  -cpp -iprefix C:/tdm-gcc-64/mingw64-15-2/bin/../lib/gcc/
  x86_64-w64-mingw32/15.2.0/ -D_MT -D_REENTRANT -U_REENTRANT -D
  dbleprecision -m64 -march=x86-64-v3 -mtune=generic -mthreads -O3
  -std=f2023 -fimplicit-none -ffpe-summary=invalid,zero,overflow,underflow
  -fno-unsafe-math-optimizations -fopenmp-simd -fstack-arrays -flto=auto
  -fall-intrinsics -fopenmp

 This problem will use 7 of 8 possible threads.
 Static thread allocation is used.
 INPUT --- proc title ;

 For procedure title CPU Time was 0.001 secs and System Time was 0.001 secs.
 INPUT --- proc chmatrix occasions= 72 groups= 1 etype= MultScalOcc 
 INPUT --- Nodes= 101 icovar = 2  mixtures = 3 ICMeans NoHist hist= 24 
 INPUT --- ;
 INPUT ---    time interval 1 1 1 1 1 1 1 1 1 1 1 1 1 1 1 1 1 1 1 1 1 1 1 
 INPUT ---     1 1 1 1 1 1 1 1 1 1 1 1 1 1 1 1 1 1 1 1 1 1 1 1 1 1 1 1 1 
 INPUT ---    1 1 1 1 1 1 1 1 1 1 1 1 1 1 1 1 1 1 1 ;
 INPUT ---      icovariates Temp beta ;
 INPUT ---    glabel(1)=Group 1;

      Number of unique encounter histories read was 24.

      Number of individual covariates read was 2.
      Time interval lengths are all equal to 1.

      Data type number is 123
      Data type is Multi-scale occupancy estimation

 For procedure chmatrix CPU Time was 0.001 secs and System Time was 0.016 secs.

Program  MARK  - Survival Rate Estimation with Capture-Recapture Data
 gfortran(dble/PIM2) Vers. 11.2 Nov 2025  23-Dec-2025 20:22:28    Page  002
 - - - - - - - - - - - - - - - - - - - - - - - - - - - - - - - - - - - - - -
 


 INPUT --- proc estimate link=Logit NOLOOP varest=2ndPart    ;
 INPUT --- model={ Psi(~Temp)Theta(~beta + Temp)p(~Temp) };
 INPUT ---    group=1 Psi    rows=1 cols=1 Square ;
 INPUT ---        1 ;
 INPUT ---    group=1 Theta    rows=1 cols=24 Square ;
 INPUT ---        2 2 2 2 2 2 2 2 2 2 2 2 2 2 2 2 2 2 2 2 2 2 2 2 ;
 INPUT ---    group=1 p  Primary 1  rows=1 cols=3 Square ;
 INPUT ---        3 3 3 ;
 INPUT ---    group=1 p  Primary 2  rows=1 cols=3 Square ;
 INPUT ---        3 3 3 ;
 INPUT ---    group=1 p  Primary 3  rows=1 cols=3 Square ;
 INPUT ---        3 3 3 ;
 INPUT ---    group=1 p  Primary 4  rows=1 cols=3 Square ;
 INPUT ---        3 3 3 ;
 INPUT ---    group=1 p  Primary 5  rows=1 cols=3 Square ;
 INPUT ---        3 3 3 ;
 INPUT ---    group=1 p  Primary 6  rows=1 cols=3 Square ;
 INPUT ---        3 3 3 ;
 INPUT ---    group=1 p  Primary 7  rows=1 cols=3 Square ;
 INPUT ---        3 3 3 ;
 INPUT ---    group=1 p  Primary 8  rows=1 cols=3 Square ;
 INPUT ---        3 3 3 ;
 INPUT ---    group=1 p  Primary 9  rows=1 cols=3 Square ;
 INPUT ---        3 3 3 ;
 INPUT ---    group=1 p  Primary 10  rows=1 cols=3 Square ;
 INPUT ---        3 3 3 ;
 INPUT ---    group=1 p  Primary 11  rows=1 cols=3 Square ;
 INPUT ---        3 3 3 ;
 INPUT ---    group=1 p  Primary 12  rows=1 cols=3 Square ;
 INPUT ---        3 3 3 ;
 INPUT ---    group=1 p  Primary 13  rows=1 cols=3 Square ;
 INPUT ---        3 3 3 ;
 INPUT ---    group=1 p  Primary 14  rows=1 cols=3 Square ;
 INPUT ---        3 3 3 ;
 INPUT ---    group=1 p  Primary 15  rows=1 cols=3 Square ;
 INPUT ---        3 3 3 ;
 INPUT ---    group=1 p  Primary 16  rows=1 cols=3 Square ;
 INPUT ---        3 3 3 ;
 INPUT ---    group=1 p  Primary 17  rows=1 cols=3 Square ;
 INPUT ---        3 3 3 ;
 INPUT ---    group=1 p  Primary 18  rows=1 cols=3 Square ;
 INPUT ---        3 3 3 ;
 INPUT ---    group=1 p  Primary 19  rows=1 cols=3 Square ;
 INPUT ---        3 3 3 ;

Program  MARK  - Survival Rate Estimation with Capture-Recapture Data
 gfortran(dble/PIM2) Vers. 11.2 Nov 2025  23-Dec-2025 20:22:28    Page  003
 - - - - - - - - - - - - - - - - - - - - - - - - - - - - - - - - - - - - - -
 
 INPUT ---    group=1 p  Primary 20  rows=1 cols=3 Square ;
 INPUT ---        3 3 3 ;
 INPUT ---    group=1 p  Primary 21  rows=1 cols=3 Square ;
 INPUT ---        3 3 3 ;
 INPUT ---    group=1 p  Primary 22  rows=1 cols=3 Square ;
 INPUT ---        3 3 3 ;
 INPUT ---    group=1 p  Primary 23  rows=1 cols=3 Square ;
 INPUT ---        3 3 3 ;
 INPUT ---    group=1 p  Primary 24  rows=1 cols=3 Square ;
 INPUT ---        3 3 3 ;
 INPUT ---    design matrix constraints=3 covariates=7;
 INPUT ---        1 Temp 0 0 0 0 0;
 INPUT ---        0 0 1 beta Temp 0 0;
 INPUT ---        0 0 0 0 0 1 Temp;
 INPUT ---       blabel(1)=Psi:(Intercept);
 INPUT ---       blabel(2)=Psi:Temp;
 INPUT ---       blabel(3)=Theta:(Intercept);
 INPUT ---       blabel(4)=Theta:beta;
 INPUT ---       blabel(5)=Theta:Temp;
 INPUT ---       blabel(6)=p:(Intercept);
 INPUT ---       blabel(7)=p:Temp;
 INPUT ---       rlabel(1)=Psi g1 a0 t1;
 INPUT ---       rlabel(2)=Theta g1 a0 t1;
 INPUT ---       rlabel(3)=p g1 s1 t1;
   Model is { Psi(~Temp)Theta(~beta + Temp)p(~Temp) }

 Link Function Used is LOGIT        

 Variance Estimation Procedure Used is 2ndPart 
 -2logL(saturated) = 0.0000000     
 Effective Sample Size = 23

 Number of function evaluations was 40 for 7 parameters.
 For numerical optimization, CPU Time was 0.031 secs and System Time was 0.093 secs.
 -2logL { Psi(~Temp)Theta(~beta + Temp)p(~Temp) } = 702.59195     
 Penalty { Psi(~Temp)Theta(~beta + Temp)p(~Temp) } = 0.0000000     
 Gradient { Psi(~Temp)Theta(~beta + Temp)p(~Temp) }:
   0.0000       0.0000       0.0000       0.0000       0.0000    
   0.0000       0.0000    
 Maximum ABS(G) { Psi(~Temp)Theta(~beta + Temp)p(~Temp) } =   0.0000    
 To compute VC matrix, CPU Time was 0.047 secs and System Time was 0.094 secs.
 S Vector { Psi(~Temp)Theta(~beta + Temp)p(~Temp) }:
   83.78354      22.48314      11.17690      2.846153     0.5505331    
  0.1677630     0.1034796E-02
 To invert VC matrix, CPU Time was 0.001 secs and System Time was 0.001 secs.
 Ratio Threshold = 50.00 Max Gap (6/7) = 162.1 Next Max Gap (4/5) = 5.170
 Gap Method for Num. of Estimated Parameters { Psi(~Temp)Theta(~beta + Temp)p(~Temp) } = 6          
 Numerical Threshold Method for Num. of Estimated Parameters { Psi(~Temp)Theta(~beta + Temp)p(~Temp) } = 6          

Program  MARK  - Survival Rate Estimation with Capture-Recapture Data
 gfortran(dble/PIM2) Vers. 11.2 Nov 2025  23-Dec-2025 20:22:29    Page  004
 - - - - - - - - - - - - - - - - - - - - - - - - - - - - - - - - - - - - - -
 
 Number of Estimated Parameters { Psi(~Temp)Theta(~beta + Temp)p(~Temp) } = 6          
 DEVIANCE { Psi(~Temp)Theta(~beta + Temp)p(~Temp) } = 702.59195               
 DEVIANCE Degrees of Freedom { Psi(~Temp)Theta(~beta + Temp)p(~Temp) } = 18          
 c-hat { Psi(~Temp)Theta(~beta + Temp)p(~Temp) } = 39.032886               
 AIC { Psi(~Temp)Theta(~beta + Temp)p(~Temp) } = 714.59195               
 AICc { Psi(~Temp)Theta(~beta + Temp)p(~Temp) } = 719.84195               
 BIC { Psi(~Temp)Theta(~beta + Temp)p(~Temp) } = 721.40492               
 Pearson Chisquare { Psi(~Temp)Theta(~beta + Temp)p(~Temp) } = 0.4018622E+16           


       LOGIT Link Function Parameters of { Psi(~Temp)Theta(~beta + Temp)p(~Temp) }
                                                              95% Confidence Interval
    Parameter                  Beta         Standard Error     Lower           Upper
 -------------------------  --------------  --------------  --------------  --------------
    1:Psi:(Intercept)        10.235686       20.159451      -29.276838       49.748211    
    2:Psi:Temp              -5.8951643       14.550407      -34.413963       22.623635    
    3:Theta:(Intercept)     -0.0753670       0.3203505      -0.7032541       0.5525201    
    4:Theta:beta            -0.1257766       1.4110312      -2.8913978       2.6398446    
    5:Theta:Temp            -0.6806998       0.3429987      -1.3529771      -0.0084224    
    6:p:(Intercept)         -0.8344485       0.1889916      -1.2048719      -0.4640250    
    7:p:Temp                 0.1784568       0.2213203      -0.2553309       0.6122446    


          Real Function Parameters of { Psi(~Temp)Theta(~beta + Temp)p(~Temp) }

      Following estimates based on unstandardized individual covariate values:
          Variable                 Value        
          ----------------------  ------------- 
          TEMP                    -0.4000000E-07
          BETA                     0.1399832    
                                                               95% Confidence Interval
     Parameter                Estimate       Standard Error     Lower           Upper
 --------------------------  --------------  --------------  --------------  --------------
     1:Psi g1 a0 t1           0.9999641       0.7230118E-03   0.1928547E-12   1.0000000       
     2:Theta g1 a0 t1         0.4767733       0.0647014       0.3540395       0.6023778       
     3:p g1 s1 t1             0.3027053       0.0398914       0.2306097       0.3860314       

 To compute parameter estimates, CPU Time was 0.001 secs and System Time was 0.001 secs.

 Attempted ordering of parameters by estimatibility:
  6 3 7 5 4 1 2
 Beta number 2 is a singular value.

 For procedure estimate CPU Time was 0.078 secs and System Time was 0.406 secs.

Program  MARK  - Survival Rate Estimation with Capture-Recapture Data
 gfortran(dble/PIM2) Vers. 11.2 Nov 2025  23-Dec-2025 20:22:29    Page  005
 - - - - - - - - - - - - - - - - - - - - - - - - - - - - - - - - - - - - - -
 


 INPUT --- proc stop;

 For this job, CPU Time in mins was 0.002 and System Time in mins was 0.008.

     Time Start = 20:22:28.949   Time End = 20:22:29.399

 Wall Clock Time in mins for this job was 0.007.

 Maximum of 73 words used.


          E X E C U T I O N   S U C C E S S F U L
