
 Program  MARK  - Survival Rate Estimation with Capture-Recapture Data
 gfortran(dble/PIM2) Vers. 11.2 Nov 2025  23-Dec-2025 20:29:13    Page  001
  
 - - - - - - - - - - - - - - - - - - - - - - - - - - - - - - - - - - - - - -
 
 Welcome to MARK rcscott on machine LT-501Y0Z2 in subdirectory
   "C:\Users\rcscott\VTADS\Data" running file "mark019.inp".
 This version was compiled by GCC version 15.2.0 using the options: 
  -cpp -iprefix C:/tdm-gcc-64/mingw64-15-2/bin/../lib/gcc/
  x86_64-w64-mingw32/15.2.0/ -D_MT -D_REENTRANT -U_REENTRANT -D
  dbleprecision -m64 -march=x86-64-v3 -mtune=generic -mthreads -O3
  -std=f2023 -fimplicit-none -ffpe-summary=invalid,zero,overflow,underflow
  -fno-unsafe-math-optimizations -fopenmp-simd -fstack-arrays -flto=auto
  -fall-intrinsics -fopenmp

 This problem will use 7 of 8 possible threads.
 Static thread allocation is used.
 INPUT --- proc title ;

 For procedure title CPU Time was 0.001 secs and System Time was 0.001 secs.
 INPUT --- proc chmatrix occasions= 72 groups= 1 etype= MultScalOcc 
 INPUT --- Nodes= 101 icovar = 2  mixtures = 3 ICMeans NoHist hist= 24 
 INPUT --- ;
 INPUT ---    time interval 1 1 1 1 1 1 1 1 1 1 1 1 1 1 1 1 1 1 1 1 1 1 1 
 INPUT ---     1 1 1 1 1 1 1 1 1 1 1 1 1 1 1 1 1 1 1 1 1 1 1 1 1 1 1 1 1 
 INPUT ---    1 1 1 1 1 1 1 1 1 1 1 1 1 1 1 1 1 1 1 ;
 INPUT ---      icovariates alpha Temp ;
 INPUT ---    glabel(1)=Group 1;

      Number of unique encounter histories read was 24.

      Number of individual covariates read was 2.
      Time interval lengths are all equal to 1.

      Data type number is 123
      Data type is Multi-scale occupancy estimation

 For procedure chmatrix CPU Time was 0.001 secs and System Time was 0.001 secs.

Program  MARK  - Survival Rate Estimation with Capture-Recapture Data
 gfortran(dble/PIM2) Vers. 11.2 Nov 2025  23-Dec-2025 20:29:13    Page  002
 - - - - - - - - - - - - - - - - - - - - - - - - - - - - - - - - - - - - - -
 


 INPUT --- proc estimate link=Logit NOLOOP varest=2ndPart    ;
 INPUT --- model={ Psi(~alpha + Temp)Theta(~alpha + Temp)p(~Temp) };
 INPUT ---    group=1 Psi    rows=1 cols=1 Square ;
 INPUT ---        1 ;
 INPUT ---    group=1 Theta    rows=1 cols=24 Square ;
 INPUT ---        2 2 2 2 2 2 2 2 2 2 2 2 2 2 2 2 2 2 2 2 2 2 2 2 ;
 INPUT ---    group=1 p  Primary 1  rows=1 cols=3 Square ;
 INPUT ---        3 3 3 ;
 INPUT ---    group=1 p  Primary 2  rows=1 cols=3 Square ;
 INPUT ---        3 3 3 ;
 INPUT ---    group=1 p  Primary 3  rows=1 cols=3 Square ;
 INPUT ---        3 3 3 ;
 INPUT ---    group=1 p  Primary 4  rows=1 cols=3 Square ;
 INPUT ---        3 3 3 ;
 INPUT ---    group=1 p  Primary 5  rows=1 cols=3 Square ;
 INPUT ---        3 3 3 ;
 INPUT ---    group=1 p  Primary 6  rows=1 cols=3 Square ;
 INPUT ---        3 3 3 ;
 INPUT ---    group=1 p  Primary 7  rows=1 cols=3 Square ;
 INPUT ---        3 3 3 ;
 INPUT ---    group=1 p  Primary 8  rows=1 cols=3 Square ;
 INPUT ---        3 3 3 ;
 INPUT ---    group=1 p  Primary 9  rows=1 cols=3 Square ;
 INPUT ---        3 3 3 ;
 INPUT ---    group=1 p  Primary 10  rows=1 cols=3 Square ;
 INPUT ---        3 3 3 ;
 INPUT ---    group=1 p  Primary 11  rows=1 cols=3 Square ;
 INPUT ---        3 3 3 ;
 INPUT ---    group=1 p  Primary 12  rows=1 cols=3 Square ;
 INPUT ---        3 3 3 ;
 INPUT ---    group=1 p  Primary 13  rows=1 cols=3 Square ;
 INPUT ---        3 3 3 ;
 INPUT ---    group=1 p  Primary 14  rows=1 cols=3 Square ;
 INPUT ---        3 3 3 ;
 INPUT ---    group=1 p  Primary 15  rows=1 cols=3 Square ;
 INPUT ---        3 3 3 ;
 INPUT ---    group=1 p  Primary 16  rows=1 cols=3 Square ;
 INPUT ---        3 3 3 ;
 INPUT ---    group=1 p  Primary 17  rows=1 cols=3 Square ;
 INPUT ---        3 3 3 ;
 INPUT ---    group=1 p  Primary 18  rows=1 cols=3 Square ;
 INPUT ---        3 3 3 ;
 INPUT ---    group=1 p  Primary 19  rows=1 cols=3 Square ;
 INPUT ---        3 3 3 ;

Program  MARK  - Survival Rate Estimation with Capture-Recapture Data
 gfortran(dble/PIM2) Vers. 11.2 Nov 2025  23-Dec-2025 20:29:13    Page  003
 - - - - - - - - - - - - - - - - - - - - - - - - - - - - - - - - - - - - - -
 
 INPUT ---    group=1 p  Primary 20  rows=1 cols=3 Square ;
 INPUT ---        3 3 3 ;
 INPUT ---    group=1 p  Primary 21  rows=1 cols=3 Square ;
 INPUT ---        3 3 3 ;
 INPUT ---    group=1 p  Primary 22  rows=1 cols=3 Square ;
 INPUT ---        3 3 3 ;
 INPUT ---    group=1 p  Primary 23  rows=1 cols=3 Square ;
 INPUT ---        3 3 3 ;
 INPUT ---    group=1 p  Primary 24  rows=1 cols=3 Square ;
 INPUT ---        3 3 3 ;
 INPUT ---    design matrix constraints=3 covariates=8;
 INPUT ---        1 alpha Temp 0 0 0 0 0;
 INPUT ---        0 0 0 1 alpha Temp 0 0;
 INPUT ---        0 0 0 0 0 0 1 Temp;
 INPUT ---       blabel(1)=Psi:(Intercept);
 INPUT ---       blabel(2)=Psi:alpha;
 INPUT ---       blabel(3)=Psi:Temp;
 INPUT ---       blabel(4)=Theta:(Intercept);
 INPUT ---       blabel(5)=Theta:alpha;
 INPUT ---       blabel(6)=Theta:Temp;
 INPUT ---       blabel(7)=p:(Intercept);
 INPUT ---       blabel(8)=p:Temp;
 INPUT ---       rlabel(1)=Psi g1 a0 t1;
 INPUT ---       rlabel(2)=Theta g1 a0 t1;
 INPUT ---       rlabel(3)=p g1 s1 t1;
   Model is { Psi(~alpha + Temp)Theta(~alpha + Temp)p(~Temp) }

 Link Function Used is LOGIT        

 Variance Estimation Procedure Used is 2ndPart 
 -2logL(saturated) = 0.0000000     
 Effective Sample Size = 23

 Number of function evaluations was 56 for 8 parameters.
 For numerical optimization, CPU Time was 0.297 secs and System Time was 0.156 secs.
 -2logL { Psi(~alpha + Temp)Theta(~alpha + Temp)p(~Temp) } = 696.64819     
 Penalty { Psi(~alpha + Temp)Theta(~alpha + Temp)p(~Temp) } = 0.0000000     
 Gradient { Psi(~alpha + Temp)Theta(~alpha + Temp)p(~Temp) }:
   0.0000       0.0000       0.0000      3.77777E-06   0.0000    
   0.0000      4.09468E-06   0.0000    
 Maximum ABS(G) { Psi(~alpha + Temp)Theta(~alpha + Temp)p(~Temp) } =  4.09468E-06
 To compute VC matrix, CPU Time was 0.031 secs and System Time was 0.078 secs.
 S Vector { Psi(~alpha + Temp)Theta(~alpha + Temp)p(~Temp) }:
   95.60413      24.18836      13.37690      3.204494     0.6184245    
  0.4749481E-08 0.1738311E-09 0.3678104E-11
 To invert VC matrix, CPU Time was 0.001 secs and System Time was 0.001 secs.
 Ratio Threshold = 50.00 Max Gap (5/6) = 1.3021E+8 Next Max Gap (7/8) = 47.26
 Gap Method for Num. of Estimated Parameters { Psi(~alpha + Temp)Theta(~alpha + Temp)p(~Temp) } = 5          

Program  MARK  - Survival Rate Estimation with Capture-Recapture Data
 gfortran(dble/PIM2) Vers. 11.2 Nov 2025  23-Dec-2025 20:29:13    Page  004
 - - - - - - - - - - - - - - - - - - - - - - - - - - - - - - - - - - - - - -
 
 Threshold { Psi(~alpha + Temp)Theta(~alpha + Temp)p(~Temp) } = 0.8189369E-05           
 Numerical Threshold Method for Num. of Estimated Parameters { Psi(~alpha + Temp)Theta(~alpha + Temp)p(~Temp) } = 5          
 Number of Estimated Parameters { Psi(~alpha + Temp)Theta(~alpha + Temp)p(~Temp) } = 5          
 DEVIANCE { Psi(~alpha + Temp)Theta(~alpha + Temp)p(~Temp) } = 696.64819               
 DEVIANCE Degrees of Freedom { Psi(~alpha + Temp)Theta(~alpha + Temp)p(~Temp) } = 19          
 c-hat { Psi(~alpha + Temp)Theta(~alpha + Temp)p(~Temp) } = 36.665694               
 AIC { Psi(~alpha + Temp)Theta(~alpha + Temp)p(~Temp) } = 706.64819               
 AICc { Psi(~alpha + Temp)Theta(~alpha + Temp)p(~Temp) } = 710.17761               
 BIC { Psi(~alpha + Temp)Theta(~alpha + Temp)p(~Temp) } = 712.32566               
 Pearson Chisquare { Psi(~alpha + Temp)Theta(~alpha + Temp)p(~Temp) } = 0.2457959E+16           


   LOGIT Link Function Parameters of { Psi(~alpha + Temp)Theta(~alpha + Temp)p(~Temp) }
                                                              95% Confidence Interval
    Parameter                  Beta         Standard Error     Lower           Upper
 -------------------------  --------------  --------------  --------------  --------------
    1:Psi:(Intercept)        922.23731       0.0000000       922.23731       922.23731    
    2:Psi:alpha              37.864584       7839.3592      -15327.280       15403.009    
    3:Psi:Temp              -788.50136       0.0000000      -788.50136      -788.50136    
    4:Theta:(Intercept)      1.0195520       0.8079209      -0.5639730       2.6030770    
    5:Theta:alpha           -0.2118224       0.1396071      -0.4854523       0.0618074    
    6:Theta:Temp            -0.7557864       0.3351868      -1.4127526      -0.0988202    
    7:p:(Intercept)         -0.8632435       0.1927986      -1.2411286      -0.4853583    
    8:p:Temp                 0.2091632       0.2033863      -0.1894739       0.6078004    


      Real Function Parameters of { Psi(~alpha + Temp)Theta(~alpha + Temp)p(~Temp) }

      Following estimates based on unstandardized individual covariate values:
          Variable                 Value        
          ----------------------  ------------- 
          ALPHA                    4.5833333    
          TEMP                    -0.4000000E-07
                                                               95% Confidence Interval
     Parameter                Estimate       Standard Error     Lower           Upper
 --------------------------  --------------  --------------  --------------  --------------
     1:Psi g1 a0 t1           1.0000000       0.0000000       1.0000000       1.0000000       
     2:Theta g1 a0 t1         0.5121724       0.0735719       0.3708792       0.6515467       
     3:p g1 s1 t1             0.2966621       0.0402281       0.2242396       0.3809876       

Program  MARK  - Survival Rate Estimation with Capture-Recapture Data
 gfortran(dble/PIM2) Vers. 11.2 Nov 2025  23-Dec-2025 20:29:13    Page  005
 - - - - - - - - - - - - - - - - - - - - - - - - - - - - - - - - - - - - - -
 

 To compute parameter estimates, CPU Time was 0.001 secs and System Time was 0.001 secs.

 Attempted ordering of parameters by estimatibility:
  7 4 8 6 5 1 2 3
 Beta number 3 is a singular value.

 For procedure estimate CPU Time was 0.328 secs and System Time was 0.406 secs.
 INPUT --- proc stop;

 For this job, CPU Time in mins was 0.006 and System Time in mins was 0.008.

     Time Start = 20:29:13.060   Time End = 20:29:13.507

 Wall Clock Time in mins for this job was 0.007.

 Maximum of 73 words used.


          E X E C U T I O N   S U C C E S S F U L
