
 Program  MARK  - Survival Rate Estimation with Capture-Recapture Data
 gfortran(dble/PIM2) Vers. 11.2 Nov 2025  23-Dec-2025 20:18:27    Page  001
  
 - - - - - - - - - - - - - - - - - - - - - - - - - - - - - - - - - - - - - -
 
 Welcome to MARK rcscott on machine LT-501Y0Z2 in subdirectory
   "C:\Users\rcscott\VTADS\Data" running file "mark008.inp".
 This version was compiled by GCC version 15.2.0 using the options: 
  -cpp -iprefix C:/tdm-gcc-64/mingw64-15-2/bin/../lib/gcc/
  x86_64-w64-mingw32/15.2.0/ -D_MT -D_REENTRANT -U_REENTRANT -D
  dbleprecision -m64 -march=x86-64-v3 -mtune=generic -mthreads -O3
  -std=f2023 -fimplicit-none -ffpe-summary=invalid,zero,overflow,underflow
  -fno-unsafe-math-optimizations -fopenmp-simd -fstack-arrays -flto=auto
  -fall-intrinsics -fopenmp

 This problem will use 7 of 8 possible threads.
 Static thread allocation is used.
 INPUT --- proc title ;

 For procedure title CPU Time was 0.001 secs and System Time was 0.001 secs.
 INPUT --- proc chmatrix occasions= 72 groups= 1 etype= MultScalOcc 
 INPUT --- Nodes= 101 icovar = 2  mixtures = 3 ICMeans NoHist hist= 24 
 INPUT --- ;
 INPUT ---    time interval 1 1 1 1 1 1 1 1 1 1 1 1 1 1 1 1 1 1 1 1 1 1 1 
 INPUT ---     1 1 1 1 1 1 1 1 1 1 1 1 1 1 1 1 1 1 1 1 1 1 1 1 1 1 1 1 1 
 INPUT ---    1 1 1 1 1 1 1 1 1 1 1 1 1 1 1 1 1 1 1 ;
 INPUT ---      icovariates Temp beta ;
 INPUT ---    glabel(1)=Group 1;

      Number of unique encounter histories read was 24.

      Number of individual covariates read was 2.
      Time interval lengths are all equal to 1.

      Data type number is 123
      Data type is Multi-scale occupancy estimation

 For procedure chmatrix CPU Time was 0.001 secs and System Time was 0.001 secs.

Program  MARK  - Survival Rate Estimation with Capture-Recapture Data
 gfortran(dble/PIM2) Vers. 11.2 Nov 2025  23-Dec-2025 20:18:27    Page  002
 - - - - - - - - - - - - - - - - - - - - - - - - - - - - - - - - - - - - - -
 


 INPUT --- proc estimate link=Logit NOLOOP varest=2ndPart    ;
 INPUT --- model={ Psi(~Temp)Theta(~Temp)p(~beta + Temp) };
 INPUT ---    group=1 Psi    rows=1 cols=1 Square ;
 INPUT ---        1 ;
 INPUT ---    group=1 Theta    rows=1 cols=24 Square ;
 INPUT ---        2 2 2 2 2 2 2 2 2 2 2 2 2 2 2 2 2 2 2 2 2 2 2 2 ;
 INPUT ---    group=1 p  Primary 1  rows=1 cols=3 Square ;
 INPUT ---        3 3 3 ;
 INPUT ---    group=1 p  Primary 2  rows=1 cols=3 Square ;
 INPUT ---        3 3 3 ;
 INPUT ---    group=1 p  Primary 3  rows=1 cols=3 Square ;
 INPUT ---        3 3 3 ;
 INPUT ---    group=1 p  Primary 4  rows=1 cols=3 Square ;
 INPUT ---        3 3 3 ;
 INPUT ---    group=1 p  Primary 5  rows=1 cols=3 Square ;
 INPUT ---        3 3 3 ;
 INPUT ---    group=1 p  Primary 6  rows=1 cols=3 Square ;
 INPUT ---        3 3 3 ;
 INPUT ---    group=1 p  Primary 7  rows=1 cols=3 Square ;
 INPUT ---        3 3 3 ;
 INPUT ---    group=1 p  Primary 8  rows=1 cols=3 Square ;
 INPUT ---        3 3 3 ;
 INPUT ---    group=1 p  Primary 9  rows=1 cols=3 Square ;
 INPUT ---        3 3 3 ;
 INPUT ---    group=1 p  Primary 10  rows=1 cols=3 Square ;
 INPUT ---        3 3 3 ;
 INPUT ---    group=1 p  Primary 11  rows=1 cols=3 Square ;
 INPUT ---        3 3 3 ;
 INPUT ---    group=1 p  Primary 12  rows=1 cols=3 Square ;
 INPUT ---        3 3 3 ;
 INPUT ---    group=1 p  Primary 13  rows=1 cols=3 Square ;
 INPUT ---        3 3 3 ;
 INPUT ---    group=1 p  Primary 14  rows=1 cols=3 Square ;
 INPUT ---        3 3 3 ;
 INPUT ---    group=1 p  Primary 15  rows=1 cols=3 Square ;
 INPUT ---        3 3 3 ;
 INPUT ---    group=1 p  Primary 16  rows=1 cols=3 Square ;
 INPUT ---        3 3 3 ;
 INPUT ---    group=1 p  Primary 17  rows=1 cols=3 Square ;
 INPUT ---        3 3 3 ;
 INPUT ---    group=1 p  Primary 18  rows=1 cols=3 Square ;
 INPUT ---        3 3 3 ;
 INPUT ---    group=1 p  Primary 19  rows=1 cols=3 Square ;
 INPUT ---        3 3 3 ;

Program  MARK  - Survival Rate Estimation with Capture-Recapture Data
 gfortran(dble/PIM2) Vers. 11.2 Nov 2025  23-Dec-2025 20:18:27    Page  003
 - - - - - - - - - - - - - - - - - - - - - - - - - - - - - - - - - - - - - -
 
 INPUT ---    group=1 p  Primary 20  rows=1 cols=3 Square ;
 INPUT ---        3 3 3 ;
 INPUT ---    group=1 p  Primary 21  rows=1 cols=3 Square ;
 INPUT ---        3 3 3 ;
 INPUT ---    group=1 p  Primary 22  rows=1 cols=3 Square ;
 INPUT ---        3 3 3 ;
 INPUT ---    group=1 p  Primary 23  rows=1 cols=3 Square ;
 INPUT ---        3 3 3 ;
 INPUT ---    group=1 p  Primary 24  rows=1 cols=3 Square ;
 INPUT ---        3 3 3 ;
 INPUT ---    design matrix constraints=3 covariates=7;
 INPUT ---        1 Temp 0 0 0 0 0;
 INPUT ---        0 0 1 Temp 0 0 0;
 INPUT ---        0 0 0 0 1 beta Temp;
 INPUT ---       blabel(1)=Psi:(Intercept);
 INPUT ---       blabel(2)=Psi:Temp;
 INPUT ---       blabel(3)=Theta:(Intercept);
 INPUT ---       blabel(4)=Theta:Temp;
 INPUT ---       blabel(5)=p:(Intercept);
 INPUT ---       blabel(6)=p:beta;
 INPUT ---       blabel(7)=p:Temp;
 INPUT ---       rlabel(1)=Psi g1 a0 t1;
 INPUT ---       rlabel(2)=Theta g1 a0 t1;
 INPUT ---       rlabel(3)=p g1 s1 t1;
   Model is { Psi(~Temp)Theta(~Temp)p(~beta + Temp) }

 Link Function Used is LOGIT        

 Variance Estimation Procedure Used is 2ndPart 
 -2logL(saturated) = 0.0000000     
 Effective Sample Size = 23

 Number of function evaluations was 40 for 7 parameters.
 For numerical optimization, CPU Time was 0.156 secs and System Time was 0.047 secs.
 -2logL { Psi(~Temp)Theta(~Temp)p(~beta + Temp) } = 702.35993     
 Penalty { Psi(~Temp)Theta(~Temp)p(~beta + Temp) } = 0.0000000     
 Gradient { Psi(~Temp)Theta(~Temp)p(~beta + Temp) }:
 -6.80051E-07   0.0000     -7.04686E-06   0.0000       0.0000    
   0.0000       0.0000    
 Maximum ABS(G) { Psi(~Temp)Theta(~Temp)p(~beta + Temp) } =  7.04686E-06
 To compute VC matrix, CPU Time was 0.016 secs and System Time was 0.015 secs.
 S Vector { Psi(~Temp)Theta(~Temp)p(~beta + Temp) }:
   84.40977      22.40859      11.12273      2.968577     0.9816987    
  0.1941999     0.1048325E-02
 To invert VC matrix, CPU Time was 0.001 secs and System Time was 0.001 secs.
 Ratio Threshold = 50.00 Max Gap (6/7) = 185.2 Next Max Gap (5/6) = 5.055
 Gap Method for Num. of Estimated Parameters { Psi(~Temp)Theta(~Temp)p(~beta + Temp) } = 6          
 Threshold { Psi(~Temp)Theta(~Temp)p(~beta + Temp) } = 0.1409372E-04           

Program  MARK  - Survival Rate Estimation with Capture-Recapture Data
 gfortran(dble/PIM2) Vers. 11.2 Nov 2025  23-Dec-2025 20:18:27    Page  004
 - - - - - - - - - - - - - - - - - - - - - - - - - - - - - - - - - - - - - -
 
 Numerical Threshold Method for Num. of Estimated Parameters { Psi(~Temp)Theta(~Temp)p(~beta + Temp) } = 7          
 Number of Estimated Parameters { Psi(~Temp)Theta(~Temp)p(~beta + Temp) } = 7          

   * *  WARNING  * *   Number of parameters estimated from gap method (=6) and threshold method (=7) differ.  Inspect full output. 
 Ratios of S Vector { Psi(~Temp)Theta(~Temp)p(~beta + Temp) }:
   1/2    3.766849       2/3    2.014667       3/4    3.746821       4/5    3.023918       5/6    5.055094    
   6/7    185.2479    
 DEVIANCE { Psi(~Temp)Theta(~Temp)p(~beta + Temp) } = 702.35993               
 DEVIANCE Degrees of Freedom { Psi(~Temp)Theta(~Temp)p(~beta + Temp) } = 17          
 c-hat { Psi(~Temp)Theta(~Temp)p(~beta + Temp) } = 41.315290               
 AIC { Psi(~Temp)Theta(~Temp)p(~beta + Temp) } = 716.35993               
 AICc { Psi(~Temp)Theta(~Temp)p(~beta + Temp) } = 723.82660               
 BIC { Psi(~Temp)Theta(~Temp)p(~beta + Temp) } = 724.30839               
 Pearson Chisquare { Psi(~Temp)Theta(~Temp)p(~beta + Temp) } = 0.3831369E+16           


       LOGIT Link Function Parameters of { Psi(~Temp)Theta(~Temp)p(~beta + Temp) }
                                                              95% Confidence Interval
    Parameter                  Beta         Standard Error     Lower           Upper
 -------------------------  --------------  --------------  --------------  --------------
    1:Psi:(Intercept)        10.218861       20.021990      -29.024240       49.461962    
    2:Psi:Temp              -5.8985073       14.453307      -34.226990       22.429975    
    3:Theta:(Intercept)     -0.0826658       0.2618879      -0.5959661       0.4306345    
    4:Theta:Temp            -0.7095357       0.3283103      -1.3530239      -0.0660475    
    5:p:(Intercept)         -0.7664543       0.2369525      -1.2308813      -0.3020273    
    6:p:beta                -0.4902672       0.9933732      -2.4372786       1.4567443    
    7:p:Temp                 0.2086125       0.2193821      -0.2213764       0.6386015    


          Real Function Parameters of { Psi(~Temp)Theta(~Temp)p(~beta + Temp) }

      Following estimates based on unstandardized individual covariate values:
          Variable                 Value        
          ----------------------  ------------- 
          TEMP                    -0.4000000E-07
          BETA                     0.1399832    
                                                               95% Confidence Interval
     Parameter                Estimate       Standard Error     Lower           Upper
 --------------------------  --------------  --------------  --------------  --------------
     1:Psi g1 a0 t1           0.9999635       0.7302650E-03   0.2482746E-12   1.0000000       
     2:Theta g1 a0 t1         0.4793453       0.0653603       0.3552671       0.6060252       
     3:p g1 s1 t1             0.3025713       0.0397943       0.2306405       0.3856893       

Program  MARK  - Survival Rate Estimation with Capture-Recapture Data
 gfortran(dble/PIM2) Vers. 11.2 Nov 2025  23-Dec-2025 20:18:27    Page  005
 - - - - - - - - - - - - - - - - - - - - - - - - - - - - - - - - - - - - - -
 

 To compute parameter estimates, CPU Time was 0.001 secs and System Time was 0.001 secs.

 Attempted ordering of parameters by estimatibility:
  5 3 7 4 6 1 2
 Beta number 2 is a singular value.

 For procedure estimate CPU Time was 0.172 secs and System Time was 0.312 secs.
 INPUT --- proc stop;

 For this job, CPU Time in mins was 0.004 and System Time in mins was 0.006.

     Time Start = 20:18:27.048   Time End = 20:18:27.430

 Wall Clock Time in mins for this job was 0.005.

 Maximum of 73 words used.


          E X E C U T I O N   S U C C E S S F U L
