
 Program  MARK  - Survival Rate Estimation with Capture-Recapture Data
 gfortran(dble/PIM2) Vers. 11.2 Nov 2025  23-Dec-2025 20:42:31    Page  001
  
 - - - - - - - - - - - - - - - - - - - - - - - - - - - - - - - - - - - - - -
 
 Welcome to MARK rcscott on machine LT-501Y0Z2 in subdirectory
   "C:\Users\rcscott\VTADS\Data" running file "mark029.inp".
 This version was compiled by GCC version 15.2.0 using the options: 
  -cpp -iprefix C:/tdm-gcc-64/mingw64-15-2/bin/../lib/gcc/
  x86_64-w64-mingw32/15.2.0/ -D_MT -D_REENTRANT -U_REENTRANT -D
  dbleprecision -m64 -march=x86-64-v3 -mtune=generic -mthreads -O3
  -std=f2023 -fimplicit-none -ffpe-summary=invalid,zero,overflow,underflow
  -fno-unsafe-math-optimizations -fopenmp-simd -fstack-arrays -flto=auto
  -fall-intrinsics -fopenmp

 This problem will use 7 of 8 possible threads.
 Static thread allocation is used.
 INPUT --- proc title ;

 For procedure title CPU Time was 0.001 secs and System Time was 0.001 secs.
 INPUT --- proc chmatrix occasions= 72 groups= 1 etype= MultScalOcc 
 INPUT --- Nodes= 101 icovar = 3  mixtures = 3 ICMeans NoHist hist= 24 
 INPUT --- ;
 INPUT ---    time interval 1 1 1 1 1 1 1 1 1 1 1 1 1 1 1 1 1 1 1 1 1 1 1 
 INPUT ---     1 1 1 1 1 1 1 1 1 1 1 1 1 1 1 1 1 1 1 1 1 1 1 1 1 1 1 1 1 
 INPUT ---    1 1 1 1 1 1 1 1 1 1 1 1 1 1 1 1 1 1 1 ;
 INPUT ---      icovariates beta Temp alpha ;
 INPUT ---    glabel(1)=Group 1;

      Number of unique encounter histories read was 24.

      Number of individual covariates read was 3.
      Time interval lengths are all equal to 1.

      Data type number is 123
      Data type is Multi-scale occupancy estimation

 For procedure chmatrix CPU Time was 0.001 secs and System Time was 0.001 secs.

Program  MARK  - Survival Rate Estimation with Capture-Recapture Data
 gfortran(dble/PIM2) Vers. 11.2 Nov 2025  23-Dec-2025 20:42:31    Page  002
 - - - - - - - - - - - - - - - - - - - - - - - - - - - - - - - - - - - - - -
 


 INPUT --- proc estimate link=Logit NOLOOP varest=2ndPart    ;
 INPUT --- model={ Psi(~beta + Temp)Theta(~alpha + Temp)p(~alpha + 
 INPUT --- Temp) };
 INPUT ---    group=1 Psi    rows=1 cols=1 Square ;
 INPUT ---        1 ;
 INPUT ---    group=1 Theta    rows=1 cols=24 Square ;
 INPUT ---        2 2 2 2 2 2 2 2 2 2 2 2 2 2 2 2 2 2 2 2 2 2 2 2 ;
 INPUT ---    group=1 p  Primary 1  rows=1 cols=3 Square ;
 INPUT ---        3 3 3 ;
 INPUT ---    group=1 p  Primary 2  rows=1 cols=3 Square ;
 INPUT ---        3 3 3 ;
 INPUT ---    group=1 p  Primary 3  rows=1 cols=3 Square ;
 INPUT ---        3 3 3 ;
 INPUT ---    group=1 p  Primary 4  rows=1 cols=3 Square ;
 INPUT ---        3 3 3 ;
 INPUT ---    group=1 p  Primary 5  rows=1 cols=3 Square ;
 INPUT ---        3 3 3 ;
 INPUT ---    group=1 p  Primary 6  rows=1 cols=3 Square ;
 INPUT ---        3 3 3 ;
 INPUT ---    group=1 p  Primary 7  rows=1 cols=3 Square ;
 INPUT ---        3 3 3 ;
 INPUT ---    group=1 p  Primary 8  rows=1 cols=3 Square ;
 INPUT ---        3 3 3 ;
 INPUT ---    group=1 p  Primary 9  rows=1 cols=3 Square ;
 INPUT ---        3 3 3 ;
 INPUT ---    group=1 p  Primary 10  rows=1 cols=3 Square ;
 INPUT ---        3 3 3 ;
 INPUT ---    group=1 p  Primary 11  rows=1 cols=3 Square ;
 INPUT ---        3 3 3 ;
 INPUT ---    group=1 p  Primary 12  rows=1 cols=3 Square ;
 INPUT ---        3 3 3 ;
 INPUT ---    group=1 p  Primary 13  rows=1 cols=3 Square ;
 INPUT ---        3 3 3 ;
 INPUT ---    group=1 p  Primary 14  rows=1 cols=3 Square ;
 INPUT ---        3 3 3 ;
 INPUT ---    group=1 p  Primary 15  rows=1 cols=3 Square ;
 INPUT ---        3 3 3 ;
 INPUT ---    group=1 p  Primary 16  rows=1 cols=3 Square ;
 INPUT ---        3 3 3 ;
 INPUT ---    group=1 p  Primary 17  rows=1 cols=3 Square ;
 INPUT ---        3 3 3 ;
 INPUT ---    group=1 p  Primary 18  rows=1 cols=3 Square ;
 INPUT ---        3 3 3 ;
 INPUT ---    group=1 p  Primary 19  rows=1 cols=3 Square ;

Program  MARK  - Survival Rate Estimation with Capture-Recapture Data
 gfortran(dble/PIM2) Vers. 11.2 Nov 2025  23-Dec-2025 20:42:31    Page  003
 - - - - - - - - - - - - - - - - - - - - - - - - - - - - - - - - - - - - - -
 
 INPUT ---        3 3 3 ;
 INPUT ---    group=1 p  Primary 20  rows=1 cols=3 Square ;
 INPUT ---        3 3 3 ;
 INPUT ---    group=1 p  Primary 21  rows=1 cols=3 Square ;
 INPUT ---        3 3 3 ;
 INPUT ---    group=1 p  Primary 22  rows=1 cols=3 Square ;
 INPUT ---        3 3 3 ;
 INPUT ---    group=1 p  Primary 23  rows=1 cols=3 Square ;
 INPUT ---        3 3 3 ;
 INPUT ---    group=1 p  Primary 24  rows=1 cols=3 Square ;
 INPUT ---        3 3 3 ;
 INPUT ---    design matrix constraints=3 covariates=9;
 INPUT ---        1 beta Temp 0 0 0 0 0 0;
 INPUT ---        0 0 0 1 alpha Temp 0 0 0;
 INPUT ---        0 0 0 0 0 0 1 alpha Temp;
 INPUT ---       blabel(1)=Psi:(Intercept);
 INPUT ---       blabel(2)=Psi:beta;
 INPUT ---       blabel(3)=Psi:Temp;
 INPUT ---       blabel(4)=Theta:(Intercept);
 INPUT ---       blabel(5)=Theta:alpha;
 INPUT ---       blabel(6)=Theta:Temp;
 INPUT ---       blabel(7)=p:(Intercept);
 INPUT ---       blabel(8)=p:alpha;
 INPUT ---       blabel(9)=p:Temp;
 INPUT ---       rlabel(1)=Psi g1 a0 t1;
 INPUT ---       rlabel(2)=Theta g1 a0 t1;
 INPUT ---       rlabel(3)=p g1 s1 t1;
   Model is { Psi(~beta + Temp)Theta(~alpha + Temp)p(~alpha + Temp) }

 Link Function Used is LOGIT        

 Variance Estimation Procedure Used is 2ndPart 
 -2logL(saturated) = 0.0000000     
 Effective Sample Size = 23

 Number of function evaluations was 48 for 9 parameters.
 For numerical optimization, CPU Time was 0.203 secs and System Time was 0.171 secs.
 -2logL { Psi(~beta + Temp)Theta(~alpha + Temp)p(~alpha + Temp) } = 691.86210     
 Penalty { Psi(~beta + Temp)Theta(~alpha + Temp)p(~alpha + Temp) } = 0.0000000     
 Gradient { Psi(~beta + Temp)Theta(~alpha + Temp)p(~alpha + Temp) }:
   0.0000       0.0000       0.0000       0.0000       0.0000    
   0.0000      3.39340E-06  1.72482E-06   0.0000    
 Maximum ABS(G) { Psi(~beta + Temp)Theta(~alpha + Temp)p(~alpha + Temp) } =  3.39340E-06
 To compute VC matrix, CPU Time was 0.016 secs and System Time was 0.063 secs.
 S Vector { Psi(~beta + Temp)Theta(~alpha + Temp)p(~alpha + Temp) }:
   125.0316      19.60834      15.32209      3.370543      1.417531    
  0.2148582     0.8187963E-09 0.1232572E-09 0.2331768E-11
 To invert VC matrix, CPU Time was 0.001 secs and System Time was 0.001 secs.

Program  MARK  - Survival Rate Estimation with Capture-Recapture Data
 gfortran(dble/PIM2) Vers. 11.2 Nov 2025  23-Dec-2025 20:42:32    Page  004
 - - - - - - - - - - - - - - - - - - - - - - - - - - - - - - - - - - - - - -
 
 Ratio Threshold = 50.00 Max Gap (6/7) = 2.6241E+8 Next Max Gap (8/9) = 52.86
 Gap Method for Num. of Estimated Parameters { Psi(~beta + Temp)Theta(~alpha + Temp)p(~alpha + Temp) } = 6          
 Threshold { Psi(~beta + Temp)Theta(~alpha + Temp)p(~alpha + Temp) } = 0.6786793E-05           
 Numerical Threshold Method for Num. of Estimated Parameters { Psi(~beta + Temp)Theta(~alpha + Temp)p(~alpha + Temp) } = 6          
 Number of Estimated Parameters { Psi(~beta + Temp)Theta(~alpha + Temp)p(~alpha + Temp) } = 6          
 DEVIANCE { Psi(~beta + Temp)Theta(~alpha + Temp)p(~alpha + Temp) } = 691.86210               
 DEVIANCE Degrees of Freedom { Psi(~beta + Temp)Theta(~alpha + Temp)p(~alpha + Temp) } = 18          
 c-hat { Psi(~beta + Temp)Theta(~alpha + Temp)p(~alpha + Temp) } = 38.436783               
 AIC { Psi(~beta + Temp)Theta(~alpha + Temp)p(~alpha + Temp) } = 703.86210               
 AICc { Psi(~beta + Temp)Theta(~alpha + Temp)p(~alpha + Temp) } = 709.11210               
 BIC { Psi(~beta + Temp)Theta(~alpha + Temp)p(~alpha + Temp) } = 710.67506               
 Pearson Chisquare { Psi(~beta + Temp)Theta(~alpha + Temp)p(~alpha + Temp) } = 0.1454091E+16           


 LOGIT Link Function Parameters of { Psi(~beta + Temp)Theta(~alpha + Temp)p(~alpha + Temp) }
                                                              95% Confidence Interval
    Parameter                  Beta         Standard Error     Lower           Upper
 -------------------------  --------------  --------------  --------------  --------------
    1:Psi:(Intercept)        97.457619       56444.384      -110533.54       110728.45    
    2:Psi:beta               586.86050       645104.65      -1263818.3       1264992.0    
    3:Psi:Temp              -95.319947       83988.683      -164713.14       164522.50    
    4:Theta:(Intercept)     -1.7849890       0.9193725      -3.5869592       0.0169812    
    5:Theta:alpha            0.4735894       0.2664894      -0.0487299       0.9959088    
    6:Theta:Temp             0.2069680       0.4012105      -0.5794046       0.9933406    
    7:p:(Intercept)          1.2483062       0.5425948       0.1848204       2.3117920    
    8:p:alpha               -0.4890413       0.1125655      -0.7096698      -0.2684129    
    9:p:Temp                -0.4327493       0.2030864      -0.8307987      -0.0346999    


  Real Function Parameters of { Psi(~beta + Temp)Theta(~alpha + Temp)p(~alpha + Temp) }

      Following estimates based on unstandardized individual covariate values:
          Variable                 Value        
          ----------------------  ------------- 
          BETA                     0.1399832    
          TEMP                    -0.4000000E-07
          ALPHA                    4.5833333    
                                                               95% Confidence Interval
     Parameter                Estimate       Standard Error     Lower           Upper
 --------------------------  --------------  --------------  --------------  --------------
     1:Psi g1 a0 t1           1.0000000       0.0000000       1.0000000       1.0000000       
     2:Theta g1 a0 t1         0.5952301       0.1060741       0.3828913       0.7770492       
     3:p g1 s1 t1             0.2702937       0.0410385       0.1976656       0.3577099       

Program  MARK  - Survival Rate Estimation with Capture-Recapture Data
 gfortran(dble/PIM2) Vers. 11.2 Nov 2025  23-Dec-2025 20:42:32    Page  005
 - - - - - - - - - - - - - - - - - - - - - - - - - - - - - - - - - - - - - -
 

 To compute parameter estimates, CPU Time was 0.001 secs and System Time was 0.016 secs.

 Attempted ordering of parameters by estimatibility:
  7 9 4 6 8 5 1 3 2
 Beta number 2 is a singular value.

 For procedure estimate CPU Time was 0.234 secs and System Time was 0.469 secs.
 INPUT --- proc stop;

 For this job, CPU Time in mins was 0.004 and System Time in mins was 0.009.

     Time Start = 20:42:31.950   Time End = 20:42:32.456

 Wall Clock Time in mins for this job was 0.008.

 Maximum of 73 words used.


          E X E C U T I O N   S U C C E S S F U L
