
 Program  MARK  - Survival Rate Estimation with Capture-Recapture Data
 gfortran(dble/PIM2) Vers. 11.2 Nov 2025  23-Dec-2025 20:23:19    Page  001
  
 - - - - - - - - - - - - - - - - - - - - - - - - - - - - - - - - - - - - - -
 
 Welcome to MARK rcscott on machine LT-501Y0Z2 in subdirectory
   "C:\Users\rcscott\VTADS\Data" running file "mark013.inp".
 This version was compiled by GCC version 15.2.0 using the options: 
  -cpp -iprefix C:/tdm-gcc-64/mingw64-15-2/bin/../lib/gcc/
  x86_64-w64-mingw32/15.2.0/ -D_MT -D_REENTRANT -U_REENTRANT -D
  dbleprecision -m64 -march=x86-64-v3 -mtune=generic -mthreads -O3
  -std=f2023 -fimplicit-none -ffpe-summary=invalid,zero,overflow,underflow
  -fno-unsafe-math-optimizations -fopenmp-simd -fstack-arrays -flto=auto
  -fall-intrinsics -fopenmp

 This problem will use 7 of 8 possible threads.
 Static thread allocation is used.
 INPUT --- proc title ;

 For procedure title CPU Time was 0.001 secs and System Time was 0.001 secs.
 INPUT --- proc chmatrix occasions= 72 groups= 1 etype= MultScalOcc 
 INPUT --- Nodes= 101 icovar = 3  mixtures = 3 ICMeans NoHist hist= 24 
 INPUT --- ;
 INPUT ---    time interval 1 1 1 1 1 1 1 1 1 1 1 1 1 1 1 1 1 1 1 1 1 1 1 
 INPUT ---     1 1 1 1 1 1 1 1 1 1 1 1 1 1 1 1 1 1 1 1 1 1 1 1 1 1 1 1 1 
 INPUT ---    1 1 1 1 1 1 1 1 1 1 1 1 1 1 1 1 1 1 1 ;
 INPUT ---      icovariates Temp beta alpha ;
 INPUT ---    glabel(1)=Group 1;

      Number of unique encounter histories read was 24.

      Number of individual covariates read was 3.
      Time interval lengths are all equal to 1.

      Data type number is 123
      Data type is Multi-scale occupancy estimation

 For procedure chmatrix CPU Time was 0.001 secs and System Time was 0.001 secs.

Program  MARK  - Survival Rate Estimation with Capture-Recapture Data
 gfortran(dble/PIM2) Vers. 11.2 Nov 2025  23-Dec-2025 20:23:19    Page  002
 - - - - - - - - - - - - - - - - - - - - - - - - - - - - - - - - - - - - - -
 


 INPUT --- proc estimate link=Logit NOLOOP varest=2ndPart    ;
 INPUT --- model={ Psi(~Temp)Theta(~beta + Temp)p(~alpha + Temp) };
 INPUT ---    group=1 Psi    rows=1 cols=1 Square ;
 INPUT ---        1 ;
 INPUT ---    group=1 Theta    rows=1 cols=24 Square ;
 INPUT ---        2 2 2 2 2 2 2 2 2 2 2 2 2 2 2 2 2 2 2 2 2 2 2 2 ;
 INPUT ---    group=1 p  Primary 1  rows=1 cols=3 Square ;
 INPUT ---        3 3 3 ;
 INPUT ---    group=1 p  Primary 2  rows=1 cols=3 Square ;
 INPUT ---        3 3 3 ;
 INPUT ---    group=1 p  Primary 3  rows=1 cols=3 Square ;
 INPUT ---        3 3 3 ;
 INPUT ---    group=1 p  Primary 4  rows=1 cols=3 Square ;
 INPUT ---        3 3 3 ;
 INPUT ---    group=1 p  Primary 5  rows=1 cols=3 Square ;
 INPUT ---        3 3 3 ;
 INPUT ---    group=1 p  Primary 6  rows=1 cols=3 Square ;
 INPUT ---        3 3 3 ;
 INPUT ---    group=1 p  Primary 7  rows=1 cols=3 Square ;
 INPUT ---        3 3 3 ;
 INPUT ---    group=1 p  Primary 8  rows=1 cols=3 Square ;
 INPUT ---        3 3 3 ;
 INPUT ---    group=1 p  Primary 9  rows=1 cols=3 Square ;
 INPUT ---        3 3 3 ;
 INPUT ---    group=1 p  Primary 10  rows=1 cols=3 Square ;
 INPUT ---        3 3 3 ;
 INPUT ---    group=1 p  Primary 11  rows=1 cols=3 Square ;
 INPUT ---        3 3 3 ;
 INPUT ---    group=1 p  Primary 12  rows=1 cols=3 Square ;
 INPUT ---        3 3 3 ;
 INPUT ---    group=1 p  Primary 13  rows=1 cols=3 Square ;
 INPUT ---        3 3 3 ;
 INPUT ---    group=1 p  Primary 14  rows=1 cols=3 Square ;
 INPUT ---        3 3 3 ;
 INPUT ---    group=1 p  Primary 15  rows=1 cols=3 Square ;
 INPUT ---        3 3 3 ;
 INPUT ---    group=1 p  Primary 16  rows=1 cols=3 Square ;
 INPUT ---        3 3 3 ;
 INPUT ---    group=1 p  Primary 17  rows=1 cols=3 Square ;
 INPUT ---        3 3 3 ;
 INPUT ---    group=1 p  Primary 18  rows=1 cols=3 Square ;
 INPUT ---        3 3 3 ;
 INPUT ---    group=1 p  Primary 19  rows=1 cols=3 Square ;
 INPUT ---        3 3 3 ;

Program  MARK  - Survival Rate Estimation with Capture-Recapture Data
 gfortran(dble/PIM2) Vers. 11.2 Nov 2025  23-Dec-2025 20:23:19    Page  003
 - - - - - - - - - - - - - - - - - - - - - - - - - - - - - - - - - - - - - -
 
 INPUT ---    group=1 p  Primary 20  rows=1 cols=3 Square ;
 INPUT ---        3 3 3 ;
 INPUT ---    group=1 p  Primary 21  rows=1 cols=3 Square ;
 INPUT ---        3 3 3 ;
 INPUT ---    group=1 p  Primary 22  rows=1 cols=3 Square ;
 INPUT ---        3 3 3 ;
 INPUT ---    group=1 p  Primary 23  rows=1 cols=3 Square ;
 INPUT ---        3 3 3 ;
 INPUT ---    group=1 p  Primary 24  rows=1 cols=3 Square ;
 INPUT ---        3 3 3 ;
 INPUT ---    design matrix constraints=3 covariates=8;
 INPUT ---        1 Temp 0 0 0 0 0 0;
 INPUT ---        0 0 1 beta Temp 0 0 0;
 INPUT ---        0 0 0 0 0 1 alpha Temp;
 INPUT ---       blabel(1)=Psi:(Intercept);
 INPUT ---       blabel(2)=Psi:Temp;
 INPUT ---       blabel(3)=Theta:(Intercept);
 INPUT ---       blabel(4)=Theta:beta;
 INPUT ---       blabel(5)=Theta:Temp;
 INPUT ---       blabel(6)=p:(Intercept);
 INPUT ---       blabel(7)=p:alpha;
 INPUT ---       blabel(8)=p:Temp;
 INPUT ---       rlabel(1)=Psi g1 a0 t1;
 INPUT ---       rlabel(2)=Theta g1 a0 t1;
 INPUT ---       rlabel(3)=p g1 s1 t1;
   Model is { Psi(~Temp)Theta(~beta + Temp)p(~alpha + Temp) }

 Link Function Used is LOGIT        

 Variance Estimation Procedure Used is 2ndPart 
 -2logL(saturated) = 0.0000000     
 Effective Sample Size = 23

 Number of function evaluations was 30 for 8 parameters.
 For numerical optimization, CPU Time was 0.109 secs and System Time was 0.047 secs.
 -2logL { Psi(~Temp)Theta(~beta + Temp)p(~alpha + Temp) } = 695.93793     
 Penalty { Psi(~Temp)Theta(~beta + Temp)p(~alpha + Temp) } = 0.0000000     
 Gradient { Psi(~Temp)Theta(~beta + Temp)p(~alpha + Temp) }:
   0.0000       0.0000     -5.51931E-06 -2.37560E-06   0.0000    
 -4.58638E-06 -2.29207E-06   0.0000    
 Maximum ABS(G) { Psi(~Temp)Theta(~beta + Temp)p(~alpha + Temp) } =  5.51931E-06
 To compute VC matrix, CPU Time was 0.047 secs and System Time was 0.016 secs.
 S Vector { Psi(~Temp)Theta(~beta + Temp)p(~alpha + Temp) }:
   114.0647      20.20001      14.21965      2.765062      1.263463    
  0.9165123     0.5210721     0.1577801E-02
 To invert VC matrix, CPU Time was 0.001 secs and System Time was 0.001 secs.
 Ratio Threshold = 50.00 Max Gap (7/8) = 330.3 Next Max Gap (1/2) = 5.647
 Gap Method for Num. of Estimated Parameters { Psi(~Temp)Theta(~beta + Temp)p(~alpha + Temp) } = 7          

Program  MARK  - Survival Rate Estimation with Capture-Recapture Data
 gfortran(dble/PIM2) Vers. 11.2 Nov 2025  23-Dec-2025 20:23:19    Page  004
 - - - - - - - - - - - - - - - - - - - - - - - - - - - - - - - - - - - - - -
 
 Threshold { Psi(~Temp)Theta(~beta + Temp)p(~alpha + Temp) } = 0.1103862E-04           
 Numerical Threshold Method for Num. of Estimated Parameters { Psi(~Temp)Theta(~beta + Temp)p(~alpha + Temp) } = 8          
 Number of Estimated Parameters { Psi(~Temp)Theta(~beta + Temp)p(~alpha + Temp) } = 8          

   * *  WARNING  * *   Number of parameters estimated from gap method (=7) and threshold method (=8) differ.  Inspect full output. 
 Ratios of S Vector { Psi(~Temp)Theta(~beta + Temp)p(~alpha + Temp) }:
   1/2    5.646763       2/3    1.420570       3/4    5.142615       4/5    2.188478       5/6    1.378556    
   6/7    1.758897       7/8    330.2522    
 DEVIANCE { Psi(~Temp)Theta(~beta + Temp)p(~alpha + Temp) } = 695.93793               
 DEVIANCE Degrees of Freedom { Psi(~Temp)Theta(~beta + Temp)p(~alpha + Temp) } = 16          
 c-hat { Psi(~Temp)Theta(~beta + Temp)p(~alpha + Temp) } = 43.496121               
 AIC { Psi(~Temp)Theta(~beta + Temp)p(~alpha + Temp) } = 711.93793               
 AICc { Psi(~Temp)Theta(~beta + Temp)p(~alpha + Temp) } = 722.22365               
 BIC { Psi(~Temp)Theta(~beta + Temp)p(~alpha + Temp) } = 721.02189               
 Pearson Chisquare { Psi(~Temp)Theta(~beta + Temp)p(~alpha + Temp) } = 0.1271379E+16           


   LOGIT Link Function Parameters of { Psi(~Temp)Theta(~beta + Temp)p(~alpha + Temp) }
                                                              95% Confidence Interval
    Parameter                  Beta         Standard Error     Lower           Upper
 -------------------------  --------------  --------------  --------------  --------------
    1:Psi:(Intercept)        10.039109       16.246840      -21.804698       41.882915    
    2:Psi:Temp              -6.4025462       11.782767      -29.496769       16.691677    
    3:Theta:(Intercept)      0.3823091       0.3967995      -0.3954180       1.1600362    
    4:Theta:beta            -2.2115595       1.2796460      -4.7196658       0.2965468    
    5:Theta:Temp            -0.2214436       0.3369835      -0.8819313       0.4390442    
    6:p:(Intercept)          0.6634878       0.5459582      -0.4065903       1.7335659    
    7:p:alpha               -0.3326579       0.1119779      -0.5521346      -0.1131813    
    8:p:Temp                -0.2280034       0.2531588      -0.7241946       0.2681879    


      Real Function Parameters of { Psi(~Temp)Theta(~beta + Temp)p(~alpha + Temp) }

      Following estimates based on unstandardized individual covariate values:
          Variable                 Value        
          ----------------------  ------------- 
          TEMP                    -0.4000000E-07
          BETA                     0.1399832    
          ALPHA                    4.5833333    
                                                               95% Confidence Interval
     Parameter                Estimate       Standard Error     Lower           Upper
 --------------------------  --------------  --------------  --------------  --------------
     1:Psi g1 a0 t1           0.9999563       0.7092534E-03   0.3391093E-09   1.0000000       
     2:Theta g1 a0 t1         0.5181740       0.0705673       0.3819566       0.6517425       
     3:p g1 s1 t1             0.2970898       0.0396600       0.2255812       0.3801394       

Program  MARK  - Survival Rate Estimation with Capture-Recapture Data
 gfortran(dble/PIM2) Vers. 11.2 Nov 2025  23-Dec-2025 20:23:19    Page  005
 - - - - - - - - - - - - - - - - - - - - - - - - - - - - - - - - - - - - - -
 

 To compute parameter estimates, CPU Time was 0.016 secs and System Time was 0.001 secs.

 Attempted ordering of parameters by estimatibility:
  6 8 3 5 7 1 4 2
 Beta number 2 is a singular value.

 For procedure estimate CPU Time was 0.188 secs and System Time was 0.500 secs.
 INPUT --- proc stop;

 For this job, CPU Time in mins was 0.004 and System Time in mins was 0.009.

     Time Start = 20:23:19.277   Time End = 20:23:19.827

 Wall Clock Time in mins for this job was 0.008.

 Maximum of 73 words used.


          E X E C U T I O N   S U C C E S S F U L
